TpTrace Verbose: 0 : 24540, 1, 2022/12/18, 05:03:08.054, 431129184501, vstest.console.dll, Version: 17.4.0-release-20221019-01 Current process architecture: X64
TpTrace Verbose: 0 : 24540, 1, 2022/12/18, 05:03:08.055, 431129198953, vstest.console.dll, Runtime location: C:\Program Files\dotnet\shared\Microsoft.NETCore.App\7.0.0
TpTrace Verbose: 0 : 24540, 1, 2022/12/18, 05:03:08.058, 431129220626, vstest.console.dll, ArtifactProcessingPostProcessModeProcessorExecutor.Initialize: ArtifactProcessingMode.Collect
TpTrace Verbose: 0 : 24540, 1, 2022/12/18, 05:03:08.058, 431129222179, vstest.console.dll, TestSessionCorrelationIdProcessorModeProcessorExecutor.Initialize: TestSessionCorrelationId '7152_aeb2cfa1-97cf-490c-8ff3-c0ae2aefc577'
TpTrace Information: 0 : 24540, 1, 2022/12/18, 05:03:08.065, 431129292664, vstest.console.dll, FilePatternParser: The given file C:\Users\User\Desktop\projects\Celestial2022\Celestial2022.Tests\bin\Debug\net6.0\fine-code-coverage\build-output\Celestial2022.Tests.dll is a full path.
TpTrace Verbose: 0 : 24540, 1, 2022/12/18, 05:03:08.069, 431129334664, vstest.console.dll, TestPluginCache.DiscoverTestExtensions: finding test extensions in assemblies ends with: RuntimeProvider.dll TPluginInfo: Microsoft.VisualStudio.TestPlatform.Common.ExtensionFramework.Utilities.TestRuntimePluginInformation TExtension: Microsoft.VisualStudio.TestPlatform.ObjectModel.Host.ITestRuntimeProvider
TpTrace Verbose: 0 : 24540, 1, 2022/12/18, 05:03:08.069, 431129336894, vstest.console.dll, TestPluginCache.GetExtensionPaths: Filtered extension paths: 
TpTrace Verbose: 0 : 24540, 1, 2022/12/18, 05:03:08.069, 431129337623, vstest.console.dll, TestPluginCache.GetExtensionPaths: Added default extension paths: C:\Program Files\dotnet\sdk\7.0.100\Extensions\Microsoft.Diagnostics.NETCore.Client.dll
C:\Program Files\dotnet\sdk\7.0.100\Extensions\Microsoft.TestPlatform.Extensions.BlameDataCollector.dll
C:\Program Files\dotnet\sdk\7.0.100\Extensions\Microsoft.TestPlatform.Extensions.EventLogCollector.dll
C:\Program Files\dotnet\sdk\7.0.100\Extensions\Microsoft.TestPlatform.TestHostRuntimeProvider.dll
C:\Program Files\dotnet\sdk\7.0.100\Extensions\Microsoft.VisualStudio.TestPlatform.Extensions.Html.TestLogger.dll
C:\Program Files\dotnet\sdk\7.0.100\Extensions\Microsoft.VisualStudio.TestPlatform.Extensions.Trx.TestLogger.dll
TpTrace Verbose: 0 : 24540, 1, 2022/12/18, 05:03:08.069, 431129337878, vstest.console.dll, TestPluginCache.GetExtensionPaths: Added unfilterableExtensionPaths: 
TpTrace Information: 0 : 24540, 1, 2022/12/18, 05:03:08.070, 431129343051, vstest.console.dll, AssemblyResolver.ctor: Creating AssemblyResolver with searchDirectories C:\Program Files\dotnet\sdk\7.0.100\Extensions,C:\Program Files\dotnet\sdk\7.0.100
TpTrace Verbose: 0 : 24540, 1, 2022/12/18, 05:03:08.071, 431129353921, vstest.console.dll, TestPluginCache.DiscoverTestExtensions: Discovering the extensions using extension path.
TpTrace Verbose: 0 : 24540, 1, 2022/12/18, 05:03:08.071, 431129355269, vstest.console.dll, TestPluginCache.GetExtensionPaths: Filtered extension paths: 
TpTrace Verbose: 0 : 24540, 1, 2022/12/18, 05:03:08.071, 431129355612, vstest.console.dll, TestPluginCache.GetExtensionPaths: Added default extension paths: C:\Program Files\dotnet\sdk\7.0.100\Extensions\Microsoft.Diagnostics.NETCore.Client.dll
C:\Program Files\dotnet\sdk\7.0.100\Extensions\Microsoft.TestPlatform.Extensions.BlameDataCollector.dll
C:\Program Files\dotnet\sdk\7.0.100\Extensions\Microsoft.TestPlatform.Extensions.EventLogCollector.dll
C:\Program Files\dotnet\sdk\7.0.100\Extensions\Microsoft.TestPlatform.TestHostRuntimeProvider.dll
C:\Program Files\dotnet\sdk\7.0.100\Extensions\Microsoft.VisualStudio.TestPlatform.Extensions.Html.TestLogger.dll
C:\Program Files\dotnet\sdk\7.0.100\Extensions\Microsoft.VisualStudio.TestPlatform.Extensions.Trx.TestLogger.dll
TpTrace Verbose: 0 : 24540, 1, 2022/12/18, 05:03:08.071, 431129355792, vstest.console.dll, TestPluginCache.GetExtensionPaths: Added unfilterableExtensionPaths: 
TpTrace Verbose: 0 : 24540, 1, 2022/12/18, 05:03:08.071, 431129356511, vstest.console.dll, TestPluginCache.DiscoverTestExtensions: Discovering the extensions using allExtensionPaths: C:\Program Files\dotnet\sdk\7.0.100\Extensions\Microsoft.Diagnostics.NETCore.Client.dll
C:\Program Files\dotnet\sdk\7.0.100\Extensions\Microsoft.TestPlatform.Extensions.BlameDataCollector.dll
C:\Program Files\dotnet\sdk\7.0.100\Extensions\Microsoft.TestPlatform.Extensions.EventLogCollector.dll
C:\Program Files\dotnet\sdk\7.0.100\Extensions\Microsoft.TestPlatform.TestHostRuntimeProvider.dll
C:\Program Files\dotnet\sdk\7.0.100\Extensions\Microsoft.VisualStudio.TestPlatform.Extensions.Html.TestLogger.dll
C:\Program Files\dotnet\sdk\7.0.100\Extensions\Microsoft.VisualStudio.TestPlatform.Extensions.Trx.TestLogger.dll
TpTrace Information: 0 : 24540, 1, 2022/12/18, 05:03:08.071, 431129357827, vstest.console.dll, AssemblyResolver.AddSearchDirectories: Adding more searchDirectories C:\Program Files\dotnet\sdk\7.0.100\Extensions,C:\Program Files\dotnet\sdk\7.0.100
TpTrace Information: 0 : 24540, 1, 2022/12/18, 05:03:08.071, 431129358257, vstest.console.dll, AssemblyResolver.AddSearchDirectories: Adding more searchDirectories C:\Program Files\dotnet\sdk\7.0.100\Extensions,C:\Program Files\dotnet\sdk\7.0.100
TpTrace Information: 0 : 24540, 1, 2022/12/18, 05:03:08.071, 431129358445, vstest.console.dll, AssemblyResolver.AddSearchDirectories: Adding more searchDirectories C:\Program Files\dotnet\sdk\7.0.100\Extensions,C:\Program Files\dotnet\sdk\7.0.100
TpTrace Information: 0 : 24540, 1, 2022/12/18, 05:03:08.071, 431129358598, vstest.console.dll, AssemblyResolver.AddSearchDirectories: Adding more searchDirectories C:\Program Files\dotnet\sdk\7.0.100\Extensions,C:\Program Files\dotnet\sdk\7.0.100
TpTrace Information: 0 : 24540, 1, 2022/12/18, 05:03:08.071, 431129358784, vstest.console.dll, AssemblyResolver.AddSearchDirectories: Adding more searchDirectories C:\Program Files\dotnet\sdk\7.0.100\Extensions,C:\Program Files\dotnet\sdk\7.0.100
TpTrace Information: 0 : 24540, 1, 2022/12/18, 05:03:08.071, 431129358932, vstest.console.dll, AssemblyResolver.AddSearchDirectories: Adding more searchDirectories C:\Program Files\dotnet\sdk\7.0.100\Extensions,C:\Program Files\dotnet\sdk\7.0.100
TpTrace Information: 0 : 24540, 1, 2022/12/18, 05:03:08.072, 431129362570, vstest.console.dll, AssemblyResolver.OnResolve: Microsoft.Diagnostics.NETCore.Client: Resolving assembly.
TpTrace Information: 0 : 24540, 1, 2022/12/18, 05:03:08.072, 431129363099, vstest.console.dll, AssemblyResolver.OnResolve: Microsoft.Diagnostics.NETCore.Client: Searching in: 'C:\Program Files\dotnet\sdk\7.0.100\Extensions'.
TpTrace Information: 0 : 24540, 1, 2022/12/18, 05:03:08.077, 431129413869, vstest.console.dll, AssemblyResolver.OnResolve: Microsoft.Diagnostics.NETCore.Client: Loading assembly 'C:\Program Files\dotnet\sdk\7.0.100\Extensions\Microsoft.Diagnostics.NETCore.Client.dll'.
TpTrace Information: 0 : 24540, 1, 2022/12/18, 05:03:08.077, 431129417958, vstest.console.dll, AssemblyResolver.OnResolve: Resolved assembly: Microsoft.Diagnostics.NETCore.Client, from path: C:\Program Files\dotnet\sdk\7.0.100\Extensions\Microsoft.Diagnostics.NETCore.Client.dll
TpTrace Verbose: 0 : 24540, 1, 2022/12/18, 05:03:08.078, 431129426540, vstest.console.dll, MetadataReaderExtensionsHelper: Discovering extensions inside assembly 'Microsoft.Diagnostics.NETCore.Client, Version=0.2.6.42401, Culture=neutral, PublicKeyToken=31bf3856ad364e35' file path 'C:\Program Files\dotnet\sdk\7.0.100\Extensions\Microsoft.Diagnostics.NETCore.Client.dll'
TpTrace Information: 0 : 24540, 1, 2022/12/18, 05:03:08.081, 431129454945, vstest.console.dll, AssemblyResolver.OnResolve: Microsoft.Bcl.AsyncInterfaces: Resolving assembly.
TpTrace Information: 0 : 24540, 1, 2022/12/18, 05:03:08.081, 431129455711, vstest.console.dll, AssemblyResolver.OnResolve: Microsoft.Bcl.AsyncInterfaces: Searching in: 'C:\Program Files\dotnet\sdk\7.0.100\Extensions'.
TpTrace Information: 0 : 24540, 1, 2022/12/18, 05:03:08.081, 431129456219, vstest.console.dll, AssemblyResolver.OnResolve: Microsoft.Bcl.AsyncInterfaces: Assembly path does not exist: 'C:\Program Files\dotnet\sdk\7.0.100\Extensions\Microsoft.Bcl.AsyncInterfaces.dll', returning.
TpTrace Information: 0 : 24540, 1, 2022/12/18, 05:03:08.081, 431129456985, vstest.console.dll, AssemblyResolver.OnResolve: Microsoft.Bcl.AsyncInterfaces: Assembly path does not exist: 'C:\Program Files\dotnet\sdk\7.0.100\Extensions\Microsoft.Bcl.AsyncInterfaces.exe', returning.
TpTrace Information: 0 : 24540, 1, 2022/12/18, 05:03:08.081, 431129457234, vstest.console.dll, AssemblyResolver.OnResolve: Microsoft.Bcl.AsyncInterfaces: Searching in: 'C:\Program Files\dotnet\sdk\7.0.100'.
TpTrace Information: 0 : 24540, 1, 2022/12/18, 05:03:08.081, 431129457575, vstest.console.dll, AssemblyResolver.OnResolve: Microsoft.Bcl.AsyncInterfaces: Assembly path does not exist: 'C:\Program Files\dotnet\sdk\7.0.100\Microsoft.Bcl.AsyncInterfaces.dll', returning.
TpTrace Information: 0 : 24540, 1, 2022/12/18, 05:03:08.081, 431129457875, vstest.console.dll, AssemblyResolver.OnResolve: Microsoft.Bcl.AsyncInterfaces: Assembly path does not exist: 'C:\Program Files\dotnet\sdk\7.0.100\Microsoft.Bcl.AsyncInterfaces.exe', returning.
TpTrace Information: 0 : 24540, 1, 2022/12/18, 05:03:08.081, 431129458051, vstest.console.dll, AssemblyResolver.OnResolve: Microsoft.Bcl.AsyncInterfaces: Failed to load assembly.
TpTrace Verbose: 0 : 24540, 1, 2022/12/18, 05:03:08.081, 431129458377, vstest.console.dll, CurrentDomainAssemblyResolve: Resolving assembly 'Microsoft.Bcl.AsyncInterfaces'.
TpTrace Information: 0 : 24540, 1, 2022/12/18, 05:03:08.081, 431129458787, vstest.console.dll, AssemblyResolver.OnResolve: Microsoft.Bcl.AsyncInterfaces: Resolving assembly.
TpTrace Information: 0 : 24540, 1, 2022/12/18, 05:03:08.081, 431129459026, vstest.console.dll, AssemblyResolver.OnResolve: Microsoft.Bcl.AsyncInterfaces: Resolved from cache.
TpTrace Verbose: 0 : 24540, 1, 2022/12/18, 05:03:08.081, 431129459173, vstest.console.dll, CurrentDomainAssemblyResolve: Resolving assembly 'Microsoft.Bcl.AsyncInterfaces'.
TpTrace Verbose: 0 : 24540, 1, 2022/12/18, 05:03:08.081, 431129459368, vstest.console.dll, CurrentDomainAssemblyResolve: Failed to resolve assembly 'Microsoft.Bcl.AsyncInterfaces'.
TpTrace Verbose: 0 : 24540, 1, 2022/12/18, 05:03:08.082, 431129464509, vstest.console.dll, CurrentDomainAssemblyResolve: Failed to resolve assembly 'Microsoft.Bcl.AsyncInterfaces'.
TpTrace Warning: 0 : 24540, 1, 2022/12/18, 05:03:08.087, 431129510920, vstest.console.dll, TestPluginDiscoverer: Failed to get types from assembly 'Microsoft.Diagnostics.NETCore.Client, Version=0.2.6.42401, Culture=neutral, PublicKeyToken=31bf3856ad364e35'. Error: System.Reflection.ReflectionTypeLoadException: Unable to load one or more of the requested types.
Could not load file or assembly 'Microsoft.Bcl.AsyncInterfaces, Version=1.0.0.0, Culture=neutral, PublicKeyToken=cc7b13ffcd2ddd51'. The system cannot find the file specified.
   at System.Reflection.RuntimeModule.GetTypes(RuntimeModule module)
   at System.Reflection.Assembly.GetTypes()
   at Microsoft.VisualStudio.TestPlatform.Common.ExtensionFramework.TestPluginDiscoverer.GetTestExtensionsFromAssembly[TPluginInfo,TExtension](Assembly assembly, Dictionary`2 pluginInfos, String filePath)
System.IO.FileNotFoundException: Could not load file or assembly 'Microsoft.Bcl.AsyncInterfaces, Version=1.0.0.0, Culture=neutral, PublicKeyToken=cc7b13ffcd2ddd51'. The system cannot find the file specified.
File name: 'Microsoft.Bcl.AsyncInterfaces, Version=1.0.0.0, Culture=neutral, PublicKeyToken=cc7b13ffcd2ddd51'
 ---> System.IO.FileNotFoundException: Could not load file or assembly 'Microsoft.Bcl.AsyncInterfaces, Culture=neutral, PublicKeyToken=null'. The system cannot find the file specified.
File name: 'Microsoft.Bcl.AsyncInterfaces, Culture=neutral, PublicKeyToken=null'
   at System.Reflection.RuntimeAssembly.InternalLoad(AssemblyName assemblyName, StackCrawlMark& stackMark, AssemblyLoadContext assemblyLoadContext, RuntimeAssembly requestingAssembly, Boolean throwOnFileNotFound)
   at System.Reflection.Assembly.Load(AssemblyName assemblyRef)
   at Microsoft.VisualStudio.TestPlatform.Common.ExtensionFramework.TestPluginCache.CurrentDomainAssemblyResolve(Object sender, AssemblyResolveEventArgs args)
   at System.Runtime.Loader.AssemblyLoadContext.GetFirstResolvedAssemblyFromResolvingEvent(AssemblyName assemblyName)
   at System.Runtime.Loader.AssemblyLoadContext.ResolveUsingEvent(AssemblyName assemblyName)
   at System.Runtime.Loader.AssemblyLoadContext.ResolveUsingResolvingEvent(IntPtr gchManagedAssemblyLoadContext, AssemblyName assemblyName)
TpTrace Warning: 0 : 24540, 1, 2022/12/18, 05:03:08.087, 431129515150, vstest.console.dll, LoaderExceptions: System.IO.FileNotFoundException: Could not load file or assembly 'Microsoft.Bcl.AsyncInterfaces, Version=1.0.0.0, Culture=neutral, PublicKeyToken=cc7b13ffcd2ddd51'. The system cannot find the file specified.
File name: 'Microsoft.Bcl.AsyncInterfaces, Version=1.0.0.0, Culture=neutral, PublicKeyToken=cc7b13ffcd2ddd51'
 ---> System.IO.FileNotFoundException: Could not load file or assembly 'Microsoft.Bcl.AsyncInterfaces, Culture=neutral, PublicKeyToken=null'. The system cannot find the file specified.
File name: 'Microsoft.Bcl.AsyncInterfaces, Culture=neutral, PublicKeyToken=null'
   at System.Reflection.RuntimeAssembly.InternalLoad(AssemblyName assemblyName, StackCrawlMark& stackMark, AssemblyLoadContext assemblyLoadContext, RuntimeAssembly requestingAssembly, Boolean throwOnFileNotFound)
   at System.Reflection.Assembly.Load(AssemblyName assemblyRef)
   at Microsoft.VisualStudio.TestPlatform.Common.ExtensionFramework.TestPluginCache.CurrentDomainAssemblyResolve(Object sender, AssemblyResolveEventArgs args)
   at System.Runtime.Loader.AssemblyLoadContext.GetFirstResolvedAssemblyFromResolvingEvent(AssemblyName assemblyName)
   at System.Runtime.Loader.AssemblyLoadContext.ResolveUsingEvent(AssemblyName assemblyName)
   at System.Runtime.Loader.AssemblyLoadContext.ResolveUsingResolvingEvent(IntPtr gchManagedAssemblyLoadContext, AssemblyName assemblyName)
TpTrace Information: 0 : 24540, 1, 2022/12/18, 05:03:08.087, 431129517119, vstest.console.dll, AssemblyResolver.OnResolve: Microsoft.TestPlatform.Extensions.BlameDataCollector: Resolving assembly.
TpTrace Information: 0 : 24540, 1, 2022/12/18, 05:03:08.087, 431129517678, vstest.console.dll, AssemblyResolver.OnResolve: Microsoft.TestPlatform.Extensions.BlameDataCollector: Searching in: 'C:\Program Files\dotnet\sdk\7.0.100\Extensions'.
TpTrace Information: 0 : 24540, 1, 2022/12/18, 05:03:08.088, 431129520950, vstest.console.dll, AssemblyResolver.OnResolve: Microsoft.TestPlatform.Extensions.BlameDataCollector: Loading assembly 'C:\Program Files\dotnet\sdk\7.0.100\Extensions\Microsoft.TestPlatform.Extensions.BlameDataCollector.dll'.
TpTrace Information: 0 : 24540, 1, 2022/12/18, 05:03:08.088, 431129525077, vstest.console.dll, AssemblyResolver.OnResolve: Resolved assembly: Microsoft.TestPlatform.Extensions.BlameDataCollector, from path: C:\Program Files\dotnet\sdk\7.0.100\Extensions\Microsoft.TestPlatform.Extensions.BlameDataCollector.dll
TpTrace Verbose: 0 : 24540, 1, 2022/12/18, 05:03:08.088, 431129526102, vstest.console.dll, MetadataReaderExtensionsHelper: Discovering extensions inside assembly 'Microsoft.TestPlatform.Extensions.BlameDataCollector, Version=15.0.0.0, Culture=neutral, PublicKeyToken=b03f5f7f11d50a3a' file path 'C:\Program Files\dotnet\sdk\7.0.100\Extensions\Microsoft.TestPlatform.Extensions.BlameDataCollector.dll'
TpTrace Information: 0 : 24540, 1, 2022/12/18, 05:03:08.090, 431129541060, vstest.console.dll, AssemblyResolver.OnResolve: Microsoft.TestPlatform.Extensions.EventLogCollector: Resolving assembly.
TpTrace Information: 0 : 24540, 1, 2022/12/18, 05:03:08.090, 431129542083, vstest.console.dll, AssemblyResolver.OnResolve: Microsoft.TestPlatform.Extensions.EventLogCollector: Searching in: 'C:\Program Files\dotnet\sdk\7.0.100\Extensions'.
TpTrace Information: 0 : 24540, 1, 2022/12/18, 05:03:08.090, 431129544722, vstest.console.dll, AssemblyResolver.OnResolve: Microsoft.TestPlatform.Extensions.EventLogCollector: Loading assembly 'C:\Program Files\dotnet\sdk\7.0.100\Extensions\Microsoft.TestPlatform.Extensions.EventLogCollector.dll'.
TpTrace Information: 0 : 24540, 1, 2022/12/18, 05:03:08.090, 431129548608, vstest.console.dll, AssemblyResolver.OnResolve: Resolved assembly: Microsoft.TestPlatform.Extensions.EventLogCollector, from path: C:\Program Files\dotnet\sdk\7.0.100\Extensions\Microsoft.TestPlatform.Extensions.EventLogCollector.dll
TpTrace Verbose: 0 : 24540, 1, 2022/12/18, 05:03:08.090, 431129549365, vstest.console.dll, MetadataReaderExtensionsHelper: Discovering extensions inside assembly 'Microsoft.TestPlatform.Extensions.EventLogCollector, Version=15.0.0.0, Culture=neutral, PublicKeyToken=b03f5f7f11d50a3a' file path 'C:\Program Files\dotnet\sdk\7.0.100\Extensions\Microsoft.TestPlatform.Extensions.EventLogCollector.dll'
TpTrace Information: 0 : 24540, 1, 2022/12/18, 05:03:08.092, 431129569087, vstest.console.dll, AssemblyResolver.OnResolve: Microsoft.TestPlatform.TestHostRuntimeProvider: Resolving assembly.
TpTrace Information: 0 : 24540, 1, 2022/12/18, 05:03:08.093, 431129571404, vstest.console.dll, AssemblyResolver.OnResolve: Microsoft.TestPlatform.TestHostRuntimeProvider: Searching in: 'C:\Program Files\dotnet\sdk\7.0.100\Extensions'.
TpTrace Information: 0 : 24540, 1, 2022/12/18, 05:03:08.093, 431129575447, vstest.console.dll, AssemblyResolver.OnResolve: Microsoft.TestPlatform.TestHostRuntimeProvider: Loading assembly 'C:\Program Files\dotnet\sdk\7.0.100\Extensions\Microsoft.TestPlatform.TestHostRuntimeProvider.dll'.
TpTrace Information: 0 : 24540, 1, 2022/12/18, 05:03:08.093, 431129579463, vstest.console.dll, AssemblyResolver.OnResolve: Resolved assembly: Microsoft.TestPlatform.TestHostRuntimeProvider, from path: C:\Program Files\dotnet\sdk\7.0.100\Extensions\Microsoft.TestPlatform.TestHostRuntimeProvider.dll
TpTrace Verbose: 0 : 24540, 1, 2022/12/18, 05:03:08.094, 431129580492, vstest.console.dll, MetadataReaderExtensionsHelper: Discovering extensions inside assembly 'Microsoft.TestPlatform.TestHostRuntimeProvider, Version=15.0.0.0, Culture=neutral, PublicKeyToken=b03f5f7f11d50a3a' file path 'C:\Program Files\dotnet\sdk\7.0.100\Extensions\Microsoft.TestPlatform.TestHostRuntimeProvider.dll'
TpTrace Information: 0 : 24540, 1, 2022/12/18, 05:03:08.095, 431129598931, vstest.console.dll, GetTestExtensionFromType: Register extension with identifier data 'HostProvider://DefaultTestHost' and type 'Microsoft.VisualStudio.TestPlatform.CrossPlatEngine.Hosting.DefaultTestHostManager, Microsoft.TestPlatform.TestHostRuntimeProvider, Version=15.0.0.0, Culture=neutral, PublicKeyToken=b03f5f7f11d50a3a' inside file 'C:\Program Files\dotnet\sdk\7.0.100\Extensions\Microsoft.TestPlatform.TestHostRuntimeProvider.dll'
TpTrace Information: 0 : 24540, 1, 2022/12/18, 05:03:08.096, 431129602064, vstest.console.dll, GetTestExtensionFromType: Register extension with identifier data 'HostProvider://DotnetTestHost' and type 'Microsoft.VisualStudio.TestPlatform.CrossPlatEngine.Hosting.DotnetTestHostManager, Microsoft.TestPlatform.TestHostRuntimeProvider, Version=15.0.0.0, Culture=neutral, PublicKeyToken=b03f5f7f11d50a3a' inside file 'C:\Program Files\dotnet\sdk\7.0.100\Extensions\Microsoft.TestPlatform.TestHostRuntimeProvider.dll'
TpTrace Information: 0 : 24540, 1, 2022/12/18, 05:03:08.096, 431129603097, vstest.console.dll, AssemblyResolver.OnResolve: Microsoft.VisualStudio.TestPlatform.Extensions.Html.TestLogger: Resolving assembly.
TpTrace Information: 0 : 24540, 1, 2022/12/18, 05:03:08.096, 431129603431, vstest.console.dll, AssemblyResolver.OnResolve: Microsoft.VisualStudio.TestPlatform.Extensions.Html.TestLogger: Searching in: 'C:\Program Files\dotnet\sdk\7.0.100\Extensions'.
TpTrace Information: 0 : 24540, 1, 2022/12/18, 05:03:08.096, 431129605649, vstest.console.dll, AssemblyResolver.OnResolve: Microsoft.VisualStudio.TestPlatform.Extensions.Html.TestLogger: Loading assembly 'C:\Program Files\dotnet\sdk\7.0.100\Extensions\Microsoft.VisualStudio.TestPlatform.Extensions.Html.TestLogger.dll'.
TpTrace Information: 0 : 24540, 1, 2022/12/18, 05:03:08.096, 431129608642, vstest.console.dll, AssemblyResolver.OnResolve: Resolved assembly: Microsoft.VisualStudio.TestPlatform.Extensions.Html.TestLogger, from path: C:\Program Files\dotnet\sdk\7.0.100\Extensions\Microsoft.VisualStudio.TestPlatform.Extensions.Html.TestLogger.dll
TpTrace Verbose: 0 : 24540, 1, 2022/12/18, 05:03:08.096, 431129609332, vstest.console.dll, MetadataReaderExtensionsHelper: Discovering extensions inside assembly 'Microsoft.VisualStudio.TestPlatform.Extensions.Html.TestLogger, Version=15.0.0.0, Culture=neutral, PublicKeyToken=b03f5f7f11d50a3a' file path 'C:\Program Files\dotnet\sdk\7.0.100\Extensions\Microsoft.VisualStudio.TestPlatform.Extensions.Html.TestLogger.dll'
TpTrace Information: 0 : 24540, 1, 2022/12/18, 05:03:08.097, 431129616410, vstest.console.dll, AssemblyResolver.OnResolve: Microsoft.VisualStudio.TestPlatform.Extensions.Trx.TestLogger: Resolving assembly.
TpTrace Information: 0 : 24540, 1, 2022/12/18, 05:03:08.097, 431129616954, vstest.console.dll, AssemblyResolver.OnResolve: Microsoft.VisualStudio.TestPlatform.Extensions.Trx.TestLogger: Searching in: 'C:\Program Files\dotnet\sdk\7.0.100\Extensions'.
TpTrace Information: 0 : 24540, 1, 2022/12/18, 05:03:08.097, 431129619185, vstest.console.dll, AssemblyResolver.OnResolve: Microsoft.VisualStudio.TestPlatform.Extensions.Trx.TestLogger: Loading assembly 'C:\Program Files\dotnet\sdk\7.0.100\Extensions\Microsoft.VisualStudio.TestPlatform.Extensions.Trx.TestLogger.dll'.
TpTrace Information: 0 : 24540, 1, 2022/12/18, 05:03:08.098, 431129622518, vstest.console.dll, AssemblyResolver.OnResolve: Resolved assembly: Microsoft.VisualStudio.TestPlatform.Extensions.Trx.TestLogger, from path: C:\Program Files\dotnet\sdk\7.0.100\Extensions\Microsoft.VisualStudio.TestPlatform.Extensions.Trx.TestLogger.dll
TpTrace Verbose: 0 : 24540, 1, 2022/12/18, 05:03:08.098, 431129623093, vstest.console.dll, MetadataReaderExtensionsHelper: Discovering extensions inside assembly 'Microsoft.VisualStudio.TestPlatform.Extensions.Trx.TestLogger, Version=15.0.0.0, Culture=neutral, PublicKeyToken=b03f5f7f11d50a3a' file path 'C:\Program Files\dotnet\sdk\7.0.100\Extensions\Microsoft.VisualStudio.TestPlatform.Extensions.Trx.TestLogger.dll'
TpTrace Verbose: 0 : 24540, 1, 2022/12/18, 05:03:08.099, 431129633184, vstest.console.dll, TestPluginCache: Discovered the extensions using extension path ''.
TpTrace Verbose: 0 : 24540, 1, 2022/12/18, 05:03:08.099, 431129634025, vstest.console.dll, TestPluginCache: Discoverers are ''.
TpTrace Verbose: 0 : 24540, 1, 2022/12/18, 05:03:08.099, 431129634269, vstest.console.dll, TestPluginCache: Executors are ''.
TpTrace Verbose: 0 : 24540, 1, 2022/12/18, 05:03:08.099, 431129634413, vstest.console.dll, TestPluginCache: Executors2 are ''.
TpTrace Verbose: 0 : 24540, 1, 2022/12/18, 05:03:08.099, 431129634549, vstest.console.dll, TestPluginCache: Setting providers are ''.
TpTrace Verbose: 0 : 24540, 1, 2022/12/18, 05:03:08.099, 431129634682, vstest.console.dll, TestPluginCache: Loggers are ''.
TpTrace Verbose: 0 : 24540, 1, 2022/12/18, 05:03:08.099, 431129635375, vstest.console.dll, TestPluginCache: TestHosts are 'HostProvider://DefaultTestHost,HostProvider://DotnetTestHost'.
TpTrace Verbose: 0 : 24540, 1, 2022/12/18, 05:03:08.099, 431129635690, vstest.console.dll, TestPluginCache: DataCollectors are ''.
TpTrace Information: 0 : 24540, 1, 2022/12/18, 05:03:08.110, 431129743086, vstest.console.dll, RunTestsArgumentProcessor:Execute: Test run is starting.
TpTrace Verbose: 0 : 24540, 1, 2022/12/18, 05:03:08.110, 431129744644, vstest.console.dll, RunTestsArgumentProcessor:Execute: Queuing Test run.
TpTrace Information: 0 : 24540, 1, 2022/12/18, 05:03:08.110, 431129747599, vstest.console.dll, TestRequestManager.RunTests: run tests started.
TpTrace Information: 0 : 24540, 1, 2022/12/18, 05:03:08.563, 431134276928, vstest.console.dll, AssemblyMetadataProvider.GetFrameworkName: Determined framework:'.NETCoreApp,Version=v6.0' for source: 'C:\Users\User\Desktop\projects\Celestial2022\Celestial2022.Tests\bin\Debug\net6.0\fine-code-coverage\build-output\Celestial2022.Tests.dll'
TpTrace Information: 0 : 24540, 1, 2022/12/18, 05:03:08.563, 431134279447, vstest.console.dll, Determined framework for all sources: .NETCoreApp,Version=v6.0
TpTrace Verbose: 0 : 24540, 1, 2022/12/18, 05:03:08.564, 431134283505, vstest.console.dll, TestRequestManager.UpdateRunSettingsIfRequired: Default architecture: X64 IsDefaultTargetArchitecture: True, Current process architecture: X64 OperatingSystem: Windows.
TpTrace Information: 0 : 24540, 1, 2022/12/18, 05:03:08.565, 431134298231, vstest.console.dll, AssemblyMetadataProvider.GetArchitecture: Determined architecture:AnyCPU info for assembly: C:\Users\User\Desktop\projects\Celestial2022\Celestial2022.Tests\bin\Debug\net6.0\fine-code-coverage\build-output\Celestial2022.Tests.dll
TpTrace Information: 0 : 24540, 1, 2022/12/18, 05:03:08.565, 431134298809, vstest.console.dll, Determined platform for source 'C:\Users\User\Desktop\projects\Celestial2022\Celestial2022.Tests\bin\Debug\net6.0\fine-code-coverage\build-output\Celestial2022.Tests.dll' was AnyCPU and it will use the default plaform X64.
TpTrace Information: 0 : 24540, 1, 2022/12/18, 05:03:08.565, 431134299082, vstest.console.dll, None of the sources provided any runnable platform, using the default platform: X64
TpTrace Information: 0 : 24540, 1, 2022/12/18, 05:03:08.565, 431134300015, vstest.console.dll, Platform was updated to 'X64'.
TpTrace Information: 0 : 24540, 1, 2022/12/18, 05:03:08.568, 431134324423, vstest.console.dll, InferRunSettingsHelper.IsTestSettingsEnabled: Unable to navigate to RunSettings/MSTest. Current node: RunSettings
TpTrace Information: 0 : 24540, 1, 2022/12/18, 05:03:08.568, 431134329375, vstest.console.dll, AssemblyResolver.OnResolve: Microsoft.VisualStudio.TestPlatform.Fakes: Resolving assembly.
TpTrace Information: 0 : 24540, 1, 2022/12/18, 05:03:08.568, 431134329785, vstest.console.dll, AssemblyResolver.OnResolve: Microsoft.VisualStudio.TestPlatform.Fakes: Searching in: 'C:\Program Files\dotnet\sdk\7.0.100\Extensions'.
TpTrace Information: 0 : 24540, 1, 2022/12/18, 05:03:08.568, 431134330309, vstest.console.dll, AssemblyResolver.OnResolve: Microsoft.VisualStudio.TestPlatform.Fakes: Assembly path does not exist: 'C:\Program Files\dotnet\sdk\7.0.100\Extensions\Microsoft.VisualStudio.TestPlatform.Fakes.dll', returning.
TpTrace Information: 0 : 24540, 1, 2022/12/18, 05:03:08.569, 431134330767, vstest.console.dll, AssemblyResolver.OnResolve: Microsoft.VisualStudio.TestPlatform.Fakes: Assembly path does not exist: 'C:\Program Files\dotnet\sdk\7.0.100\Extensions\Microsoft.VisualStudio.TestPlatform.Fakes.exe', returning.
TpTrace Information: 0 : 24540, 1, 2022/12/18, 05:03:08.569, 431134330986, vstest.console.dll, AssemblyResolver.OnResolve: Microsoft.VisualStudio.TestPlatform.Fakes: Searching in: 'C:\Program Files\dotnet\sdk\7.0.100'.
TpTrace Information: 0 : 24540, 1, 2022/12/18, 05:03:08.569, 431134331373, vstest.console.dll, AssemblyResolver.OnResolve: Microsoft.VisualStudio.TestPlatform.Fakes: Assembly path does not exist: 'C:\Program Files\dotnet\sdk\7.0.100\Microsoft.VisualStudio.TestPlatform.Fakes.dll', returning.
TpTrace Information: 0 : 24540, 1, 2022/12/18, 05:03:08.569, 431134331734, vstest.console.dll, AssemblyResolver.OnResolve: Microsoft.VisualStudio.TestPlatform.Fakes: Assembly path does not exist: 'C:\Program Files\dotnet\sdk\7.0.100\Microsoft.VisualStudio.TestPlatform.Fakes.exe', returning.
TpTrace Information: 0 : 24540, 1, 2022/12/18, 05:03:08.569, 431134332034, vstest.console.dll, AssemblyResolver.OnResolve: Microsoft.VisualStudio.TestPlatform.Fakes: Failed to load assembly.
TpTrace Information: 0 : 24540, 1, 2022/12/18, 05:03:08.569, 431134333952, vstest.console.dll, Failed to load assembly Microsoft.VisualStudio.TestPlatform.Fakes, Version=17.0.0.0, Culture=neutral. Reason:System.IO.FileNotFoundException: Could not load file or assembly 'Microsoft.VisualStudio.TestPlatform.Fakes, Version=17.0.0.0, Culture=neutral, PublicKeyToken=null'. The system cannot find the file specified.
File name: 'Microsoft.VisualStudio.TestPlatform.Fakes, Version=17.0.0.0, Culture=neutral, PublicKeyToken=null'
   at System.Reflection.RuntimeAssembly.InternalLoad(AssemblyName assemblyName, StackCrawlMark& stackMark, AssemblyLoadContext assemblyLoadContext, RuntimeAssembly requestingAssembly, Boolean throwOnFileNotFound)
   at System.Reflection.Assembly.Load(AssemblyName assemblyRef)
   at Microsoft.VisualStudio.TestPlatform.Common.Utilities.FakesUtilities.LoadTestPlatformAssembly()
TpTrace Verbose: 0 : 24540, 1, 2022/12/18, 05:03:08.573, 431134371240, vstest.console.dll, TestPluginCache.DiscoverTestExtensions: finding test extensions in assemblies ends with: TestLogger.dll TPluginInfo: Microsoft.VisualStudio.TestPlatform.Common.ExtensionFramework.Utilities.TestLoggerPluginInformation TExtension: Microsoft.VisualStudio.TestPlatform.ObjectModel.Client.ITestLogger
TpTrace Verbose: 0 : 24540, 1, 2022/12/18, 05:03:08.573, 431134372047, vstest.console.dll, TestPluginCache.GetExtensionPaths: Filtered extension paths: 
TpTrace Verbose: 0 : 24540, 1, 2022/12/18, 05:03:08.573, 431134372391, vstest.console.dll, TestPluginCache.GetExtensionPaths: Added default extension paths: C:\Program Files\dotnet\sdk\7.0.100\Extensions\Microsoft.Diagnostics.NETCore.Client.dll
C:\Program Files\dotnet\sdk\7.0.100\Extensions\Microsoft.TestPlatform.Extensions.BlameDataCollector.dll
C:\Program Files\dotnet\sdk\7.0.100\Extensions\Microsoft.TestPlatform.Extensions.EventLogCollector.dll
C:\Program Files\dotnet\sdk\7.0.100\Extensions\Microsoft.TestPlatform.TestHostRuntimeProvider.dll
C:\Program Files\dotnet\sdk\7.0.100\Extensions\Microsoft.VisualStudio.TestPlatform.Extensions.Html.TestLogger.dll
C:\Program Files\dotnet\sdk\7.0.100\Extensions\Microsoft.VisualStudio.TestPlatform.Extensions.Trx.TestLogger.dll
TpTrace Verbose: 0 : 24540, 1, 2022/12/18, 05:03:08.573, 431134372692, vstest.console.dll, TestPluginCache.GetExtensionPaths: Added unfilterableExtensionPaths: 
TpTrace Information: 0 : 24540, 1, 2022/12/18, 05:03:08.573, 431134373763, vstest.console.dll, AssemblyResolver.AddSearchDirectories: Adding more searchDirectories C:\Program Files\dotnet\sdk\7.0.100\Extensions,C:\Program Files\dotnet\sdk\7.0.100
TpTrace Verbose: 0 : 24540, 1, 2022/12/18, 05:03:08.573, 431134374205, vstest.console.dll, TestPluginCache.DiscoverTestExtensions: Discovering the extensions using extension path.
TpTrace Verbose: 0 : 24540, 1, 2022/12/18, 05:03:08.573, 431134374505, vstest.console.dll, TestPluginCache.GetExtensionPaths: Filtered extension paths: 
TpTrace Verbose: 0 : 24540, 1, 2022/12/18, 05:03:08.573, 431134374797, vstest.console.dll, TestPluginCache.GetExtensionPaths: Added default extension paths: C:\Program Files\dotnet\sdk\7.0.100\Extensions\Microsoft.Diagnostics.NETCore.Client.dll
C:\Program Files\dotnet\sdk\7.0.100\Extensions\Microsoft.TestPlatform.Extensions.BlameDataCollector.dll
C:\Program Files\dotnet\sdk\7.0.100\Extensions\Microsoft.TestPlatform.Extensions.EventLogCollector.dll
C:\Program Files\dotnet\sdk\7.0.100\Extensions\Microsoft.TestPlatform.TestHostRuntimeProvider.dll
C:\Program Files\dotnet\sdk\7.0.100\Extensions\Microsoft.VisualStudio.TestPlatform.Extensions.Html.TestLogger.dll
C:\Program Files\dotnet\sdk\7.0.100\Extensions\Microsoft.VisualStudio.TestPlatform.Extensions.Trx.TestLogger.dll
TpTrace Verbose: 0 : 24540, 1, 2022/12/18, 05:03:08.573, 431134375071, vstest.console.dll, TestPluginCache.GetExtensionPaths: Added unfilterableExtensionPaths: 
TpTrace Verbose: 0 : 24540, 1, 2022/12/18, 05:03:08.573, 431134375370, vstest.console.dll, TestPluginCache.DiscoverTestExtensions: Discovering the extensions using allExtensionPaths: C:\Program Files\dotnet\sdk\7.0.100\Extensions\Microsoft.Diagnostics.NETCore.Client.dll
C:\Program Files\dotnet\sdk\7.0.100\Extensions\Microsoft.TestPlatform.Extensions.BlameDataCollector.dll
C:\Program Files\dotnet\sdk\7.0.100\Extensions\Microsoft.TestPlatform.Extensions.EventLogCollector.dll
C:\Program Files\dotnet\sdk\7.0.100\Extensions\Microsoft.TestPlatform.TestHostRuntimeProvider.dll
C:\Program Files\dotnet\sdk\7.0.100\Extensions\Microsoft.VisualStudio.TestPlatform.Extensions.Html.TestLogger.dll
C:\Program Files\dotnet\sdk\7.0.100\Extensions\Microsoft.VisualStudio.TestPlatform.Extensions.Trx.TestLogger.dll
TpTrace Information: 0 : 24540, 1, 2022/12/18, 05:03:08.573, 431134376188, vstest.console.dll, AssemblyResolver.AddSearchDirectories: Adding more searchDirectories C:\Program Files\dotnet\sdk\7.0.100\Extensions,C:\Program Files\dotnet\sdk\7.0.100
TpTrace Information: 0 : 24540, 1, 2022/12/18, 05:03:08.573, 431134376628, vstest.console.dll, AssemblyResolver.AddSearchDirectories: Adding more searchDirectories C:\Program Files\dotnet\sdk\7.0.100\Extensions,C:\Program Files\dotnet\sdk\7.0.100
TpTrace Information: 0 : 24540, 1, 2022/12/18, 05:03:08.573, 431134376958, vstest.console.dll, AssemblyResolver.AddSearchDirectories: Adding more searchDirectories C:\Program Files\dotnet\sdk\7.0.100\Extensions,C:\Program Files\dotnet\sdk\7.0.100
TpTrace Information: 0 : 24540, 1, 2022/12/18, 05:03:08.573, 431134377399, vstest.console.dll, AssemblyResolver.AddSearchDirectories: Adding more searchDirectories C:\Program Files\dotnet\sdk\7.0.100\Extensions,C:\Program Files\dotnet\sdk\7.0.100
TpTrace Information: 0 : 24540, 1, 2022/12/18, 05:03:08.573, 431134377698, vstest.console.dll, AssemblyResolver.AddSearchDirectories: Adding more searchDirectories C:\Program Files\dotnet\sdk\7.0.100\Extensions,C:\Program Files\dotnet\sdk\7.0.100
TpTrace Information: 0 : 24540, 1, 2022/12/18, 05:03:08.573, 431134377969, vstest.console.dll, AssemblyResolver.AddSearchDirectories: Adding more searchDirectories C:\Program Files\dotnet\sdk\7.0.100\Extensions,C:\Program Files\dotnet\sdk\7.0.100
TpTrace Verbose: 0 : 24540, 1, 2022/12/18, 05:03:08.573, 431134378967, vstest.console.dll, MetadataReaderExtensionsHelper: Discovering extensions inside assembly 'Microsoft.Diagnostics.NETCore.Client, Version=0.2.6.42401, Culture=neutral, PublicKeyToken=31bf3856ad364e35' file path 'C:\Program Files\dotnet\sdk\7.0.100\Extensions\Microsoft.Diagnostics.NETCore.Client.dll'
TpTrace Information: 0 : 24540, 1, 2022/12/18, 05:03:08.574, 431134384511, vstest.console.dll, AssemblyResolver.OnResolve: Microsoft.Bcl.AsyncInterfaces: Resolving assembly.
TpTrace Information: 0 : 24540, 1, 2022/12/18, 05:03:08.574, 431134385023, vstest.console.dll, AssemblyResolver.OnResolve: Microsoft.Bcl.AsyncInterfaces: Resolved from cache.
TpTrace Verbose: 0 : 24540, 1, 2022/12/18, 05:03:08.574, 431134385247, vstest.console.dll, CurrentDomainAssemblyResolve: Resolving assembly 'Microsoft.Bcl.AsyncInterfaces'.
TpTrace Information: 0 : 24540, 1, 2022/12/18, 05:03:08.574, 431134385547, vstest.console.dll, AssemblyResolver.OnResolve: Microsoft.Bcl.AsyncInterfaces: Resolving assembly.
TpTrace Information: 0 : 24540, 1, 2022/12/18, 05:03:08.574, 431134385742, vstest.console.dll, AssemblyResolver.OnResolve: Microsoft.Bcl.AsyncInterfaces: Resolved from cache.
TpTrace Verbose: 0 : 24540, 1, 2022/12/18, 05:03:08.574, 431134385890, vstest.console.dll, CurrentDomainAssemblyResolve: Resolving assembly 'Microsoft.Bcl.AsyncInterfaces'.
TpTrace Verbose: 0 : 24540, 1, 2022/12/18, 05:03:08.574, 431134386034, vstest.console.dll, CurrentDomainAssemblyResolve: Failed to resolve assembly 'Microsoft.Bcl.AsyncInterfaces'.
TpTrace Verbose: 0 : 24540, 1, 2022/12/18, 05:03:08.574, 431134386952, vstest.console.dll, CurrentDomainAssemblyResolve: Failed to resolve assembly 'Microsoft.Bcl.AsyncInterfaces'.
TpTrace Warning: 0 : 24540, 1, 2022/12/18, 05:03:08.575, 431134391187, vstest.console.dll, TestPluginDiscoverer: Failed to get types from assembly 'Microsoft.Diagnostics.NETCore.Client, Version=0.2.6.42401, Culture=neutral, PublicKeyToken=31bf3856ad364e35'. Error: System.Reflection.ReflectionTypeLoadException: Unable to load one or more of the requested types.
Could not load file or assembly 'Microsoft.Bcl.AsyncInterfaces, Version=1.0.0.0, Culture=neutral, PublicKeyToken=cc7b13ffcd2ddd51'. The system cannot find the file specified.
   at System.Reflection.RuntimeModule.GetTypes(RuntimeModule module)
   at System.Reflection.Assembly.GetTypes()
   at Microsoft.VisualStudio.TestPlatform.Common.ExtensionFramework.TestPluginDiscoverer.GetTestExtensionsFromAssembly[TPluginInfo,TExtension](Assembly assembly, Dictionary`2 pluginInfos, String filePath)
System.IO.FileNotFoundException: Could not load file or assembly 'Microsoft.Bcl.AsyncInterfaces, Version=1.0.0.0, Culture=neutral, PublicKeyToken=cc7b13ffcd2ddd51'. The system cannot find the file specified.
File name: 'Microsoft.Bcl.AsyncInterfaces, Version=1.0.0.0, Culture=neutral, PublicKeyToken=cc7b13ffcd2ddd51'
 ---> System.IO.FileNotFoundException: Could not load file or assembly 'Microsoft.Bcl.AsyncInterfaces, Culture=neutral, PublicKeyToken=null'. The system cannot find the file specified.
File name: 'Microsoft.Bcl.AsyncInterfaces, Culture=neutral, PublicKeyToken=null'
   at System.Reflection.RuntimeAssembly.InternalLoad(AssemblyName assemblyName, StackCrawlMark& stackMark, AssemblyLoadContext assemblyLoadContext, RuntimeAssembly requestingAssembly, Boolean throwOnFileNotFound)
   at System.Reflection.Assembly.Load(AssemblyName assemblyRef)
   at Microsoft.VisualStudio.TestPlatform.Common.ExtensionFramework.TestPluginCache.CurrentDomainAssemblyResolve(Object sender, AssemblyResolveEventArgs args)
   at System.Runtime.Loader.AssemblyLoadContext.GetFirstResolvedAssemblyFromResolvingEvent(AssemblyName assemblyName)
   at System.Runtime.Loader.AssemblyLoadContext.ResolveUsingEvent(AssemblyName assemblyName)
   at System.Runtime.Loader.AssemblyLoadContext.ResolveUsingResolvingEvent(IntPtr gchManagedAssemblyLoadContext, AssemblyName assemblyName)
TpTrace Warning: 0 : 24540, 1, 2022/12/18, 05:03:08.575, 431134394304, vstest.console.dll, LoaderExceptions: System.IO.FileNotFoundException: Could not load file or assembly 'Microsoft.Bcl.AsyncInterfaces, Version=1.0.0.0, Culture=neutral, PublicKeyToken=cc7b13ffcd2ddd51'. The system cannot find the file specified.
File name: 'Microsoft.Bcl.AsyncInterfaces, Version=1.0.0.0, Culture=neutral, PublicKeyToken=cc7b13ffcd2ddd51'
 ---> System.IO.FileNotFoundException: Could not load file or assembly 'Microsoft.Bcl.AsyncInterfaces, Culture=neutral, PublicKeyToken=null'. The system cannot find the file specified.
File name: 'Microsoft.Bcl.AsyncInterfaces, Culture=neutral, PublicKeyToken=null'
   at System.Reflection.RuntimeAssembly.InternalLoad(AssemblyName assemblyName, StackCrawlMark& stackMark, AssemblyLoadContext assemblyLoadContext, RuntimeAssembly requestingAssembly, Boolean throwOnFileNotFound)
   at System.Reflection.Assembly.Load(AssemblyName assemblyRef)
   at Microsoft.VisualStudio.TestPlatform.Common.ExtensionFramework.TestPluginCache.CurrentDomainAssemblyResolve(Object sender, AssemblyResolveEventArgs args)
   at System.Runtime.Loader.AssemblyLoadContext.GetFirstResolvedAssemblyFromResolvingEvent(AssemblyName assemblyName)
   at System.Runtime.Loader.AssemblyLoadContext.ResolveUsingEvent(AssemblyName assemblyName)
   at System.Runtime.Loader.AssemblyLoadContext.ResolveUsingResolvingEvent(IntPtr gchManagedAssemblyLoadContext, AssemblyName assemblyName)
TpTrace Verbose: 0 : 24540, 1, 2022/12/18, 05:03:08.575, 431134395574, vstest.console.dll, MetadataReaderExtensionsHelper: Discovering extensions inside assembly 'Microsoft.TestPlatform.Extensions.BlameDataCollector, Version=15.0.0.0, Culture=neutral, PublicKeyToken=b03f5f7f11d50a3a' file path 'C:\Program Files\dotnet\sdk\7.0.100\Extensions\Microsoft.TestPlatform.Extensions.BlameDataCollector.dll'
TpTrace Information: 0 : 24540, 1, 2022/12/18, 05:03:08.575, 431134400211, vstest.console.dll, GetTestExtensionFromType: Register extension with identifier data 'logger://Microsoft/TestPlatform/Extensions/Blame/v1' and type 'Microsoft.TestPlatform.Extensions.BlameDataCollector.BlameLogger, Microsoft.TestPlatform.Extensions.BlameDataCollector, Version=15.0.0.0, Culture=neutral, PublicKeyToken=b03f5f7f11d50a3a' inside file 'C:\Program Files\dotnet\sdk\7.0.100\Extensions\Microsoft.TestPlatform.Extensions.BlameDataCollector.dll'
TpTrace Verbose: 0 : 24540, 1, 2022/12/18, 05:03:08.576, 431134400749, vstest.console.dll, MetadataReaderExtensionsHelper: Discovering extensions inside assembly 'Microsoft.TestPlatform.Extensions.EventLogCollector, Version=15.0.0.0, Culture=neutral, PublicKeyToken=b03f5f7f11d50a3a' file path 'C:\Program Files\dotnet\sdk\7.0.100\Extensions\Microsoft.TestPlatform.Extensions.EventLogCollector.dll'
TpTrace Verbose: 0 : 24540, 1, 2022/12/18, 05:03:08.576, 431134403255, vstest.console.dll, MetadataReaderExtensionsHelper: Discovering extensions inside assembly 'Microsoft.TestPlatform.TestHostRuntimeProvider, Version=15.0.0.0, Culture=neutral, PublicKeyToken=b03f5f7f11d50a3a' file path 'C:\Program Files\dotnet\sdk\7.0.100\Extensions\Microsoft.TestPlatform.TestHostRuntimeProvider.dll'
TpTrace Verbose: 0 : 24540, 1, 2022/12/18, 05:03:08.576, 431134405376, vstest.console.dll, MetadataReaderExtensionsHelper: Discovering extensions inside assembly 'Microsoft.VisualStudio.TestPlatform.Extensions.Html.TestLogger, Version=15.0.0.0, Culture=neutral, PublicKeyToken=b03f5f7f11d50a3a' file path 'C:\Program Files\dotnet\sdk\7.0.100\Extensions\Microsoft.VisualStudio.TestPlatform.Extensions.Html.TestLogger.dll'
TpTrace Information: 0 : 24540, 1, 2022/12/18, 05:03:08.576, 431134409819, vstest.console.dll, GetTestExtensionFromType: Register extension with identifier data 'logger://Microsoft/TestPlatform/HtmlLogger/v1' and type 'Microsoft.VisualStudio.TestPlatform.Extensions.HtmlLogger.HtmlLogger, Microsoft.VisualStudio.TestPlatform.Extensions.Html.TestLogger, Version=15.0.0.0, Culture=neutral, PublicKeyToken=b03f5f7f11d50a3a' inside file 'C:\Program Files\dotnet\sdk\7.0.100\Extensions\Microsoft.VisualStudio.TestPlatform.Extensions.Html.TestLogger.dll'
TpTrace Verbose: 0 : 24540, 1, 2022/12/18, 05:03:08.577, 431134410369, vstest.console.dll, MetadataReaderExtensionsHelper: Discovering extensions inside assembly 'Microsoft.VisualStudio.TestPlatform.Extensions.Trx.TestLogger, Version=15.0.0.0, Culture=neutral, PublicKeyToken=b03f5f7f11d50a3a' file path 'C:\Program Files\dotnet\sdk\7.0.100\Extensions\Microsoft.VisualStudio.TestPlatform.Extensions.Trx.TestLogger.dll'
TpTrace Information: 0 : 24540, 1, 2022/12/18, 05:03:08.577, 431134413039, vstest.console.dll, GetTestExtensionFromType: Register extension with identifier data 'logger://Microsoft/TestPlatform/TrxLogger/v1' and type 'Microsoft.VisualStudio.TestPlatform.Extensions.TrxLogger.TrxLogger, Microsoft.VisualStudio.TestPlatform.Extensions.Trx.TestLogger, Version=15.0.0.0, Culture=neutral, PublicKeyToken=b03f5f7f11d50a3a' inside file 'C:\Program Files\dotnet\sdk\7.0.100\Extensions\Microsoft.VisualStudio.TestPlatform.Extensions.Trx.TestLogger.dll'
TpTrace Verbose: 0 : 24540, 1, 2022/12/18, 05:03:08.577, 431134413859, vstest.console.dll, TestPluginCache: Discovered the extensions using extension path ''.
TpTrace Verbose: 0 : 24540, 1, 2022/12/18, 05:03:08.577, 431134414100, vstest.console.dll, TestPluginCache: Discoverers are ''.
TpTrace Verbose: 0 : 24540, 1, 2022/12/18, 05:03:08.577, 431134414253, vstest.console.dll, TestPluginCache: Executors are ''.
TpTrace Verbose: 0 : 24540, 1, 2022/12/18, 05:03:08.577, 431134414395, vstest.console.dll, TestPluginCache: Executors2 are ''.
TpTrace Verbose: 0 : 24540, 1, 2022/12/18, 05:03:08.577, 431134414530, vstest.console.dll, TestPluginCache: Setting providers are ''.
TpTrace Verbose: 0 : 24540, 1, 2022/12/18, 05:03:08.577, 431134415055, vstest.console.dll, TestPluginCache: Loggers are 'logger://Microsoft/TestPlatform/Extensions/Blame/v1,logger://Microsoft/TestPlatform/HtmlLogger/v1,logger://Microsoft/TestPlatform/TrxLogger/v1'.
TpTrace Verbose: 0 : 24540, 1, 2022/12/18, 05:03:08.577, 431134415350, vstest.console.dll, TestPluginCache: TestHosts are 'HostProvider://DefaultTestHost,HostProvider://DotnetTestHost'.
TpTrace Verbose: 0 : 24540, 1, 2022/12/18, 05:03:08.577, 431134415514, vstest.console.dll, TestPluginCache: DataCollectors are ''.
TpTrace Information: 0 : 24540, 1, 2022/12/18, 05:03:08.578, 431134422932, vstest.console.dll, TestPluginManager.CreateTestExtension: Attempting to load test extension: Microsoft.TestPlatform.Extensions.BlameDataCollector.BlameLogger
TpTrace Verbose: 0 : 24540, 1, 2022/12/18, 05:03:08.583, 431134478274, vstest.console.dll, TestEngine: Initializing Parallel Execution as MaxCpuCount is set to: 1
TpTrace Information: 0 : 24540, 1, 2022/12/18, 05:03:08.585, 431134491775, vstest.console.dll, TestPluginManager.CreateTestExtension: Attempting to load test extension: Microsoft.VisualStudio.TestPlatform.CrossPlatEngine.Hosting.DefaultTestHostManager
TpTrace Information: 0 : 24540, 1, 2022/12/18, 05:03:08.585, 431134497304, vstest.console.dll, TestPluginManager.CreateTestExtension: Attempting to load test extension: Microsoft.VisualStudio.TestPlatform.CrossPlatEngine.Hosting.DotnetTestHostManager
TpTrace Information: 0 : 24540, 1, 2022/12/18, 05:03:08.586, 431134502780, vstest.console.dll, InferRunSettingsHelper.IsTestSettingsEnabled: Unable to navigate to RunSettings/MSTest. Current node: RunSettings
TpTrace Verbose: 0 : 24540, 1, 2022/12/18, 05:03:08.589, 431134534618, vstest.console.dll, TestEngine.GetExecutionManager: Chosen execution manager 'Microsoft.VisualStudio.TestPlatform.CrossPlatEngine.Client.Parallel.ParallelProxyExecutionManager, Microsoft.TestPlatform.CrossPlatEngine, Version=15.0.0.0, Culture=neutral, PublicKeyToken=b03f5f7f11d50a3a' ParallelLevel '1'.
TpTrace Verbose: 0 : 24540, 1, 2022/12/18, 05:03:08.589, 431134536226, vstest.console.dll, TestRunRequest.ExecuteAsync: Creating test run request.
TpTrace Verbose: 0 : 24540, 1, 2022/12/18, 05:03:08.589, 431134537937, vstest.console.dll, TestRunRequest.ExecuteAsync: Starting.
TpTrace Information: 0 : 24540, 1, 2022/12/18, 05:03:08.589, 431134539893, vstest.console.dll, TestRunRequest.ExecuteAsync: Starting run with settings:TestRunCriteria:
   KeepAlive=False,FrequencyOfRunStatsChangeEvent=10,RunStatsChangeEventTimeout=00:00:01.5000000,TestCaseFilter=,TestExecutorLauncher=
   Settingsxml=<RunSettings>
  <RunConfiguration>
    <ResultsDirectory>C:\Users\User\Desktop\projects\Celestial2022\Celestial2022.Tests\bin\Debug\net6.0\fine-code-coverage\coverage-tool-output</ResultsDirectory>
    <TargetPlatform>X64</TargetPlatform>
    <TargetFrameworkVersion>.NETCoreApp,Version=v6.0</TargetFrameworkVersion>
    <DesignMode>False</DesignMode>
    <CollectSourceInformation>False</CollectSourceInformation>
  </RunConfiguration>
  <LoggerRunSettings>
    <Loggers>
      <Logger friendlyName="blame" enabled="True" />
      <Logger friendlyName="Console" uri="logger://microsoft/TestPlatform/ConsoleLogger/v1" assemblyQualifiedName="Microsoft.VisualStudio.TestPlatform.CommandLine.Internal.ConsoleLogger, vstest.console, Version=15.0.0.0, Culture=neutral, PublicKeyToken=b03f5f7f11d50a3a" codeBase="C:\Program Files\dotnet\sdk\7.0.100\vstest.console.dll" enabled="True" />
    </Loggers>
  </LoggerRunSettings>
  <DataCollectionRunSettings>
    <DataCollectors>
      <DataCollector friendlyName="blame" enabled="True">
        <Configuration>
          <ResultsDirectory>C:\Users\User\Desktop\projects\Celestial2022\Celestial2022.Tests\bin\Debug\net6.0\fine-code-coverage\coverage-tool-output</ResultsDirectory>
        </Configuration>
      </DataCollector>
    </DataCollectors>
  </DataCollectionRunSettings>
</RunSettings>

TpTrace Verbose: 0 : 24540, 1, 2022/12/18, 05:03:08.589, 431134540270, vstest.console.dll, TestRunRequest.ExecuteAsync: Wait for the first run request is over.
TpTrace Verbose: 0 : 24540, 1, 2022/12/18, 05:03:08.590, 431134542868, vstest.console.dll, MulticastDelegateUtilities.SafeInvoke: TestRun.TestRunStart: Invoking callbacks was skipped because there are no subscribers.
TpTrace Verbose: 0 : 24540, 4, 2022/12/18, 05:03:08.590, 431134544917, vstest.console.dll, MulticastDelegateUtilities.SafeInvoke: InternalTestLoggerEvents.SendTestRunStart: Invoking callback 1/1 for Microsoft.VisualStudio.TestPlatform.CommandLine.Internal.ConsoleLogger., took 0 ms.
TpTrace Verbose: 0 : 24540, 1, 2022/12/18, 05:03:08.591, 431134551491, vstest.console.dll, ParallelProxyExecutionManager: Start execution. Total sources: 1
TpTrace Verbose: 0 : 24540, 1, 2022/12/18, 05:03:08.592, 431134563095, vstest.console.dll, TestRequestSender is acting as server.
TpTrace Verbose: 0 : 24540, 1, 2022/12/18, 05:03:08.593, 431134573494, vstest.console.dll, DataCollectionRequestSender.InitializeCommunication : Initialize communication. 
TpTrace Information: 0 : 24540, 1, 2022/12/18, 05:03:08.596, 431134601785, vstest.console.dll, Listening on Endpoint : 127.0.0.1:63568
TpTrace Verbose: 0 : 24540, 1, 2022/12/18, 05:03:08.600, 431134647072, vstest.console.dll, DotnetDataCollectionLauncher: Adding  --runtimeconfig "C:\Program Files\dotnet\sdk\7.0.100\datacollector.runtimeconfig.json" in args
TpTrace Verbose: 0 : 24540, 1, 2022/12/18, 05:03:08.600, 431134647999, vstest.console.dll, DotnetDataCollectionLauncher: Adding  --depsfile "C:\Program Files\dotnet\sdk\7.0.100\datacollector.deps.json" in args
TpTrace Verbose: 0 : 24540, 1, 2022/12/18, 05:03:08.600, 431134649234, vstest.console.dll, DotnetDataCollectionLauncher: Full path of dotnet.exe is C:\Program Files\dotnet\dotnet.exe
TpTrace Information: 0 : 24540, 1, 2022/12/18, 05:03:08.604, 431134690066, vstest.console.dll, ProxyDataCollectionManager.Initialize: Launched datacollector processId: 26728 port: 63568
TpTrace Information: 0 : 24540, 1, 2022/12/18, 05:03:08.605, 431134691137, vstest.console.dll, ProxyDataCollectionManager.Initialize: waiting for connection with timeout: 90 seconds
TpTrace Verbose: 0 : 24540, 1, 2022/12/18, 05:03:08.605, 431134691491, vstest.console.dll, DataCollectionRequestSender.WaitForRequestHandlerConnection : Waiting for connection with timeout: 90000
TpTrace Information: 0 : 24540, 8, 2022/12/18, 05:03:08.709, 431135737879, vstest.console.dll, Using the buffer size of 16384 bytes
TpTrace Verbose: 0 : 24540, 1, 2022/12/18, 05:03:08.709, 431135737955, vstest.console.dll, SocketCommunicationManager.WaitForClientConnection took: 104 ms, with 90000 ms timeout, and finished with True.
TpTrace Information: 0 : 24540, 8, 2022/12/18, 05:03:08.709, 431135739040, vstest.console.dll, Accepted Client request and set the flag
TpTrace Verbose: 0 : 24540, 1, 2022/12/18, 05:03:08.709, 431135739926, vstest.console.dll, ProxyDataCollectionManager.InvokeDataCollectionServiceAction: Starting.
TpTrace Information: 0 : 24540, 1, 2022/12/18, 05:03:08.710, 431135740726, vstest.console.dll, ProxyDataCollectionManager.BeforeTestRunStart: Get environment variable and port for datacollector processId: 26728 port: 63568
TpTrace Verbose: 0 : 24540, 1, 2022/12/18, 05:03:08.710, 431135741866, vstest.console.dll, DataCollectionRequestSender.SendBeforeTestRunStartAndGetResult: Send BeforeTestRunStart message with settingsXml <RunSettings><RunConfiguration><ResultsDirectory>C:\Users\User\Desktop\projects\Celestial2022\Celestial2022.Tests\bin\Debug\net6.0\fine-code-coverage\coverage-tool-output</ResultsDirectory><TargetPlatform>X64</TargetPlatform><TargetFrameworkVersion>.NETCoreApp,Version=v6.0</TargetFrameworkVersion><DesignMode>False</DesignMode><CollectSourceInformation>False</CollectSourceInformation><TestAdaptersPaths>C:\Program Files\dotnet\sdk\7.0.100\Extensions</TestAdaptersPaths></RunConfiguration><LoggerRunSettings><Loggers><Logger friendlyName="blame" enabled="True" /><Logger friendlyName="Console" uri="logger://microsoft/TestPlatform/ConsoleLogger/v1" assemblyQualifiedName="Microsoft.VisualStudio.TestPlatform.CommandLine.Internal.ConsoleLogger, vstest.console, Version=15.0.0.0, Culture=neutral, PublicKeyToken=b03f5f7f11d50a3a" codeBase="C:\Program Files\dotnet\sdk\7.0.100\vstest.console.dll" enabled="True" /></Loggers></LoggerRunSettings><DataCollectionRunSettings><DataCollectors><DataCollector friendlyName="blame" enabled="True"><Configuration><ResultsDirectory>C:\Users\User\Desktop\projects\Celestial2022\Celestial2022.Tests\bin\Debug\net6.0\fine-code-coverage\coverage-tool-output</ResultsDirectory></Configuration></DataCollector></DataCollectors></DataCollectionRunSettings></RunSettings> and sources System.Collections.Generic.List`1[System.String]: 
TpTrace Verbose: 0 : 24540, 1, 2022/12/18, 05:03:08.771, 431136354565, vstest.console.dll, DataCollectionRequestSender.SendBeforeTestRunStartAndGetResult: Received message: (DataCollection.SendMessage) -> {"MessageType":"DataCollection.SendMessage","Payload":{"FriendlyName":null,"Uri":null,"TestCaseId":"00000000-0000-0000-0000-000000000000","Message":"Logging DataCollector Diagnostics in file: C:\\Users\\User\\Desktop\\projects\\Celestial2022\\Celestial2022.Tests\\bin\\Debug\\net6.0\\fine-code-coverage\\coverage-tool-output\\diagnostics.datacollector.22-12-18_05-03-08_60051_1.log","Level":0}}
TpTrace Verbose: 0 : 24540, 1, 2022/12/18, 05:03:08.832, 431136965782, vstest.console.dll, DataCollectionRequestSender.SendBeforeTestRunStartAndGetResult: Received message: (DataCollection.BeforeTestRunStartResult) -> {"MessageType":"DataCollection.BeforeTestRunStartResult","Payload":{"EnvironmentVariables":{},"DataCollectionEventsPort":63570}}
TpTrace Information: 0 : 24540, 1, 2022/12/18, 05:03:08.836, 431137003943, vstest.console.dll, ProxyDataCollectionManager.BeforeTestRunStart: SendBeforeTestRunStartAndGetResult successful, env variable from datacollector:   and testhost port: 63570
TpTrace Information: 0 : 24540, 1, 2022/12/18, 05:03:08.836, 431137004766, vstest.console.dll, ProxyDataCollectionManager.InvokeDataCollectionServiceAction: Completed.
TpTrace Verbose: 0 : 24540, 8, 2022/12/18, 05:03:08.836, 431137005855, vstest.console.dll, ParallelProxyExecutionManager: Execution started. Started clients: 1
TpTrace Verbose: 0 : 24540, 1, 2022/12/18, 05:03:08.836, 431137006003, vstest.console.dll, ProxyParallelExecutionManager: No sources available for execution.
TpTrace Information: 0 : 24540, 1, 2022/12/18, 05:03:08.836, 431137006684, vstest.console.dll, TestRunRequest.ExecuteAsync: Started.
TpTrace Verbose: 0 : 24540, 1, 2022/12/18, 05:03:08.836, 431137007286, vstest.console.dll, TestRunRequest.WaitForCompletion: Waiting with timeout -1.
TpTrace Verbose: 0 : 24540, 8, 2022/12/18, 05:03:08.836, 431137008540, vstest.console.dll, TestRunRequest:SendTestRunMessage: Starting.
TpTrace Verbose: 0 : 24540, 8, 2022/12/18, 05:03:08.836, 431137009974, vstest.console.dll, MulticastDelegateUtilities.SafeInvoke: TestRun.LogMessages: Invoking callback 1/1 for Microsoft.VisualStudio.TestPlatform.CommandLine.TestRunResultAggregator., took 0 ms.
TpTrace Information: 0 : 24540, 8, 2022/12/18, 05:03:08.837, 431137010395, vstest.console.dll, TestRunRequest:SendTestRunMessage: Completed.
TpTrace Verbose: 0 : 24540, 4, 2022/12/18, 05:03:08.837, 431137011847, vstest.console.dll, MulticastDelegateUtilities.SafeInvoke: InternalTestLoggerEvents.SendTestRunMessage: Invoking callback 1/1 for Microsoft.VisualStudio.TestPlatform.CommandLine.Internal.ConsoleLogger., took 0 ms.
TpTrace Verbose: 0 : 24540, 8, 2022/12/18, 05:03:08.837, 431137012481, vstest.console.dll, ProxyExecutionManager: Test host is always Lazy initialize.
TpTrace Verbose: 0 : 24540, 8, 2022/12/18, 05:03:08.837, 431137015107, vstest.console.dll, TestRequestSender.InitializeCommunication: initialize communication. 
TpTrace Information: 0 : 24540, 8, 2022/12/18, 05:03:08.837, 431137019190, vstest.console.dll, SocketServer.Start: Listening on endpoint : 127.0.0.1:63571
TpTrace Verbose: 0 : 24540, 8, 2022/12/18, 05:03:08.838, 431137026167, vstest.console.dll, DotnetTestHostmanager.GetTestHostProcessStartInfo: Platform environment 'X64' target architecture 'X64' framework '.NETCoreApp,Version=v6.0' OS 'Windows'
TpTrace Verbose: 0 : 24540, 8, 2022/12/18, 05:03:08.838, 431137027893, vstest.console.dll, DotnetTestHostmanager: Adding  --runtimeconfig "C:\Users\User\Desktop\projects\Celestial2022\Celestial2022.Tests\bin\Debug\net6.0\fine-code-coverage\build-output\Celestial2022.Tests.runtimeconfig.json" in args
TpTrace Verbose: 0 : 24540, 8, 2022/12/18, 05:03:08.838, 431137028684, vstest.console.dll, DotnetTestHostmanager: Adding  --depsfile "C:\Users\User\Desktop\projects\Celestial2022\Celestial2022.Tests\bin\Debug\net6.0\fine-code-coverage\build-output\Celestial2022.Tests.deps.json" in args
TpTrace Verbose: 0 : 24540, 8, 2022/12/18, 05:03:08.838, 431137030018, vstest.console.dll, DotnetTestHostmanager.IsWinOnArm: Current PROCESSOR_ARCHITECTURE from environment variable 'AMD64'
TpTrace Verbose: 0 : 24540, 8, 2022/12/18, 05:03:08.839, 431137030453, vstest.console.dll, DotnetTestHostmanager.IsWinOnArm: Is Windows on ARM 'False'
TpTrace Verbose: 0 : 24540, 8, 2022/12/18, 05:03:08.839, 431137031041, vstest.console.dll, DotnetTestHostManager: testhost.exe found at path: C:\Users\User\Desktop\projects\Celestial2022\Celestial2022.Tests\bin\Debug\net6.0\fine-code-coverage\build-output\testhost.exe
TpTrace Verbose: 0 : 24540, 8, 2022/12/18, 05:03:08.839, 431137031330, vstest.console.dll, DotnetTestHostmanager: Full path of host exe is C:\Users\User\Desktop\projects\Celestial2022\Celestial2022.Tests\bin\Debug\net6.0\fine-code-coverage\build-output\testhost.exe
TpTrace Verbose: 0 : 24540, 8, 2022/12/18, 05:03:08.839, 431137032380, vstest.console.dll, DotnetTestHostmanager.LaunchTestHostAsync: Found 'VSTEST_WINAPPHOST_DOTNET_ROOT' in env variables, value 'C:\Program Files\dotnet', forwarding to 'DOTNET_ROOT'
TpTrace Verbose: 0 : 24540, 8, 2022/12/18, 05:03:08.839, 431137033755, vstest.console.dll, DotnetTestHostManager: Starting process 'C:\Users\User\Desktop\projects\Celestial2022\Celestial2022.Tests\bin\Debug\net6.0\fine-code-coverage\build-output\testhost.exe' with command line ' --runtimeconfig "C:\Users\User\Desktop\projects\Celestial2022\Celestial2022.Tests\bin\Debug\net6.0\fine-code-coverage\build-output\Celestial2022.Tests.runtimeconfig.json" --depsfile "C:\Users\User\Desktop\projects\Celestial2022\Celestial2022.Tests\bin\Debug\net6.0\fine-code-coverage\build-output\Celestial2022.Tests.deps.json" --port 63571 --endpoint 127.0.0.1:063571 --role client --parentprocessid 24540 --diag "C:\Users\User\Desktop\projects\Celestial2022\Celestial2022.Tests\bin\Debug\net6.0\fine-code-coverage\coverage-tool-output\diagnostics.host.22-12-18_05-03-08_83821_8.log" --tracelevel 4 --datacollectionport 63570 --telemetryoptedin false'
TpTrace Verbose: 0 : 24540, 8, 2022/12/18, 05:03:08.846, 431137103089, vstest.console.dll, MulticastDelegateUtilities.SafeInvoke: HostProviderEvents.OnHostLaunched: Invoking callback 1/2 for Microsoft.VisualStudio.TestPlatform.CrossPlatEngine.Client.ProxyExecutionManagerWithDataCollection., took 1 ms.
TpTrace Verbose: 0 : 24540, 8, 2022/12/18, 05:03:08.846, 431137105849, vstest.console.dll, Test Runtime launched
TpTrace Verbose: 0 : 24540, 8, 2022/12/18, 05:03:08.846, 431137106439, vstest.console.dll, MulticastDelegateUtilities.SafeInvoke: HostProviderEvents.OnHostLaunched: Invoking callback 2/2 for Microsoft.VisualStudio.TestPlatform.CrossPlatEngine.Client.ProxyOperationManager., took 0 ms.
TpTrace Verbose: 0 : 24540, 8, 2022/12/18, 05:03:08.846, 431137107791, vstest.console.dll, TestRequestSender.WaitForRequestHandlerConnection: waiting for connection with timeout: 90000.
TpTrace Verbose: 0 : 24540, 13, 2022/12/18, 05:03:08.982, 431138463291, vstest.console.dll, MulticastDelegateUtilities.SafeInvoke: SocketServer: ClientConnected: Invoking callback 1/1 for Microsoft.VisualStudio.TestPlatform.CommunicationUtilities.TestRequestSender., took 0 ms.
TpTrace Verbose: 0 : 24540, 8, 2022/12/18, 05:03:08.982, 431138463291, vstest.console.dll, TestRequestSender.WaitForRequestHandlerConnection: waiting took 135 ms, with timeout 90000 ms, and result 0, which is success.
TpTrace Verbose: 0 : 24540, 13, 2022/12/18, 05:03:08.982, 431138464369, vstest.console.dll, SocketServer.OnClientConnected: Client connected for endPoint: 127.0.0.1:63571, starting MessageLoopAsync:
TpTrace Verbose: 0 : 24540, 14, 2022/12/18, 05:03:08.982, 431138467216, vstest.console.dll, TcpClientExtensions.MessageLoopAsync: Polling on remoteEndPoint: 127.0.0.1:63572 localEndPoint: 127.0.0.1:63571
TpTrace Verbose: 0 : 24540, 8, 2022/12/18, 05:03:08.983, 431138472017, vstest.console.dll, TestRequestSender.CheckVersionWithTestHost: Sending check version message: {"MessageType":"ProtocolVersion","Payload":7}
TpTrace Verbose: 0 : 24540, 14, 2022/12/18, 05:03:09.072, 431139361403, vstest.console.dll, TcpClientExtensions.MessageLoopAsync: NotifyDataAvailable remoteEndPoint: 127.0.0.1:63572 localEndPoint: 127.0.0.1:63571
TpTrace Verbose: 0 : 24540, 14, 2022/12/18, 05:03:09.072, 431139364177, vstest.console.dll, TestRequestSender.CheckVersionWithTestHost: onMessageReceived received message: (ProtocolVersion) -> {"MessageType":"ProtocolVersion","Payload":7}
TpTrace Verbose: 0 : 24540, 14, 2022/12/18, 05:03:09.073, 431139371729, vstest.console.dll, MulticastDelegateUtilities.SafeInvoke: LengthPrefixCommunicationChannel: MessageReceived: Invoking callback 1/1 for Microsoft.VisualStudio.TestPlatform.CommunicationUtilities.TestRequestSender+<>c__DisplayClass26_0., took 0 ms.
TpTrace Verbose: 0 : 24540, 8, 2022/12/18, 05:03:09.073, 431139372646, vstest.console.dll, TestPluginCache.GetExtensionPaths: Filtered extension paths: 
TpTrace Verbose: 0 : 24540, 14, 2022/12/18, 05:03:09.073, 431139372768, vstest.console.dll, TcpClientExtensions.MessageLoopAsync: Polling on remoteEndPoint: 127.0.0.1:63572 localEndPoint: 127.0.0.1:63571
TpTrace Verbose: 0 : 24540, 8, 2022/12/18, 05:03:09.073, 431139373349, vstest.console.dll, TestPluginCache.GetExtensionPaths: Added default extension paths: C:\Program Files\dotnet\sdk\7.0.100\Extensions\Microsoft.Diagnostics.NETCore.Client.dll
C:\Program Files\dotnet\sdk\7.0.100\Extensions\Microsoft.TestPlatform.Extensions.BlameDataCollector.dll
C:\Program Files\dotnet\sdk\7.0.100\Extensions\Microsoft.TestPlatform.Extensions.EventLogCollector.dll
C:\Program Files\dotnet\sdk\7.0.100\Extensions\Microsoft.TestPlatform.TestHostRuntimeProvider.dll
C:\Program Files\dotnet\sdk\7.0.100\Extensions\Microsoft.VisualStudio.TestPlatform.Extensions.Html.TestLogger.dll
C:\Program Files\dotnet\sdk\7.0.100\Extensions\Microsoft.VisualStudio.TestPlatform.Extensions.Trx.TestLogger.dll
TpTrace Verbose: 0 : 24540, 8, 2022/12/18, 05:03:09.073, 431139374194, vstest.console.dll, TestPluginCache.GetExtensionPaths: Added unfilterableExtensionPaths: 
TpTrace Verbose: 0 : 24540, 8, 2022/12/18, 05:03:09.075, 431139397190, vstest.console.dll, TestRequestSender.InitializeExecution: Sending initialize execution with message: {"Version":7,"MessageType":"TestExecution.Initialize","Payload":["C:\\Users\\User\\Desktop\\projects\\Celestial2022\\Celestial2022.Tests\\bin\\Debug\\net6.0\\fine-code-coverage\\build-output\\xunit.runner.visualstudio.dotnetcore.testadapter.dll"]}
TpTrace Verbose: 0 : 24540, 14, 2022/12/18, 05:03:09.075, 431139400036, vstest.console.dll, TcpClientExtensions.MessageLoopAsync: NotifyDataAvailable remoteEndPoint: 127.0.0.1:63572 localEndPoint: 127.0.0.1:63571
TpTrace Warning: 0 : 24540, 8, 2022/12/18, 05:03:09.076, 431139400644, vstest.console.dll, InferRunSettingsHelper.MakeRunsettingsCompatible: Removing the following settings: TargetPlatform from RunSettings file. To use those settings please move to latest version of Microsoft.NET.Test.Sdk
TpTrace Verbose: 0 : 24540, 14, 2022/12/18, 05:03:09.076, 431139400788, vstest.console.dll, LengthPrefixCommunicationChannel.NotifyDataAvailable: New data are waiting to be received, but there is no subscriber to be notified. Not reading them from the stream.
TpTrace Verbose: 0 : 24540, 14, 2022/12/18, 05:03:09.076, 431139401240, vstest.console.dll, TcpClientExtensions.MessageLoopAsync: Polling on remoteEndPoint: 127.0.0.1:63572 localEndPoint: 127.0.0.1:63571
TpTrace Verbose: 0 : 24540, 14, 2022/12/18, 05:03:09.076, 431139401491, vstest.console.dll, TcpClientExtensions.MessageLoopAsync: NotifyDataAvailable remoteEndPoint: 127.0.0.1:63572 localEndPoint: 127.0.0.1:63571
TpTrace Verbose: 0 : 24540, 14, 2022/12/18, 05:03:09.076, 431139401727, vstest.console.dll, LengthPrefixCommunicationChannel.NotifyDataAvailable: New data are waiting to be received, but there is no subscriber to be notified. Not reading them from the stream.
TpTrace Verbose: 0 : 24540, 14, 2022/12/18, 05:03:09.076, 431139401879, vstest.console.dll, TcpClientExtensions.MessageLoopAsync: Polling on remoteEndPoint: 127.0.0.1:63572 localEndPoint: 127.0.0.1:63571
TpTrace Verbose: 0 : 24540, 14, 2022/12/18, 05:03:09.076, 431139402083, vstest.console.dll, TcpClientExtensions.MessageLoopAsync: NotifyDataAvailable remoteEndPoint: 127.0.0.1:63572 localEndPoint: 127.0.0.1:63571
TpTrace Verbose: 0 : 24540, 14, 2022/12/18, 05:03:09.076, 431139402256, vstest.console.dll, LengthPrefixCommunicationChannel.NotifyDataAvailable: New data are waiting to be received, but there is no subscriber to be notified. Not reading them from the stream.
TpTrace Verbose: 0 : 24540, 14, 2022/12/18, 05:03:09.076, 431139402401, vstest.console.dll, TcpClientExtensions.MessageLoopAsync: Polling on remoteEndPoint: 127.0.0.1:63572 localEndPoint: 127.0.0.1:63571
TpTrace Verbose: 0 : 24540, 14, 2022/12/18, 05:03:09.076, 431139402616, vstest.console.dll, TcpClientExtensions.MessageLoopAsync: NotifyDataAvailable remoteEndPoint: 127.0.0.1:63572 localEndPoint: 127.0.0.1:63571
TpTrace Verbose: 0 : 24540, 14, 2022/12/18, 05:03:09.076, 431139402773, vstest.console.dll, LengthPrefixCommunicationChannel.NotifyDataAvailable: New data are waiting to be received, but there is no subscriber to be notified. Not reading them from the stream.
TpTrace Verbose: 0 : 24540, 14, 2022/12/18, 05:03:09.076, 431139402915, vstest.console.dll, TcpClientExtensions.MessageLoopAsync: Polling on remoteEndPoint: 127.0.0.1:63572 localEndPoint: 127.0.0.1:63571
TpTrace Verbose: 0 : 24540, 14, 2022/12/18, 05:03:09.076, 431139403077, vstest.console.dll, TcpClientExtensions.MessageLoopAsync: NotifyDataAvailable remoteEndPoint: 127.0.0.1:63572 localEndPoint: 127.0.0.1:63571
TpTrace Verbose: 0 : 24540, 14, 2022/12/18, 05:03:09.076, 431139403234, vstest.console.dll, LengthPrefixCommunicationChannel.NotifyDataAvailable: New data are waiting to be received, but there is no subscriber to be notified. Not reading them from the stream.
TpTrace Verbose: 0 : 24540, 14, 2022/12/18, 05:03:09.076, 431139403373, vstest.console.dll, TcpClientExtensions.MessageLoopAsync: Polling on remoteEndPoint: 127.0.0.1:63572 localEndPoint: 127.0.0.1:63571
TpTrace Verbose: 0 : 24540, 14, 2022/12/18, 05:03:09.076, 431139403539, vstest.console.dll, TcpClientExtensions.MessageLoopAsync: NotifyDataAvailable remoteEndPoint: 127.0.0.1:63572 localEndPoint: 127.0.0.1:63571
TpTrace Verbose: 0 : 24540, 14, 2022/12/18, 05:03:09.076, 431139403737, vstest.console.dll, LengthPrefixCommunicationChannel.NotifyDataAvailable: New data are waiting to be received, but there is no subscriber to be notified. Not reading them from the stream.
TpTrace Verbose: 0 : 24540, 14, 2022/12/18, 05:03:09.076, 431139404034, vstest.console.dll, TcpClientExtensions.MessageLoopAsync: Polling on remoteEndPoint: 127.0.0.1:63572 localEndPoint: 127.0.0.1:63571
TpTrace Verbose: 0 : 24540, 14, 2022/12/18, 05:03:09.076, 431139404284, vstest.console.dll, TcpClientExtensions.MessageLoopAsync: NotifyDataAvailable remoteEndPoint: 127.0.0.1:63572 localEndPoint: 127.0.0.1:63571
TpTrace Verbose: 0 : 24540, 14, 2022/12/18, 05:03:09.076, 431139406413, vstest.console.dll, TestRequestSender.OnExecutionMessageReceived: Received message: {"Version":7,"MessageType":"TestSession.Message","Payload":{"MessageLevel":0,"Message":"Logging TestHost Diagnostics in file: C:\\Users\\User\\Desktop\\projects\\Celestial2022\\Celestial2022.Tests\\bin\\Debug\\net6.0\\fine-code-coverage\\coverage-tool-output\\diagnostics.host.22-12-18_05-03-08_83821_8.log"}}
TpTrace Verbose: 0 : 24540, 14, 2022/12/18, 05:03:09.078, 431139423833, vstest.console.dll, TestRunRequest:SendTestRunMessage: Starting.
TpTrace Verbose: 0 : 24540, 14, 2022/12/18, 05:03:09.078, 431139424657, vstest.console.dll, MulticastDelegateUtilities.SafeInvoke: TestRun.LogMessages: Invoking callback 1/1 for Microsoft.VisualStudio.TestPlatform.CommandLine.TestRunResultAggregator., took 0 ms.
TpTrace Verbose: 0 : 24540, 4, 2022/12/18, 05:03:09.078, 431139424823, vstest.console.dll, MulticastDelegateUtilities.SafeInvoke: InternalTestLoggerEvents.SendTestRunMessage: Invoking callback 1/1 for Microsoft.VisualStudio.TestPlatform.CommandLine.Internal.ConsoleLogger., took 0 ms.
TpTrace Information: 0 : 24540, 14, 2022/12/18, 05:03:09.078, 431139424888, vstest.console.dll, TestRunRequest:SendTestRunMessage: Completed.
TpTrace Verbose: 0 : 24540, 14, 2022/12/18, 05:03:09.078, 431139425669, vstest.console.dll, MulticastDelegateUtilities.SafeInvoke: LengthPrefixCommunicationChannel: MessageReceived: Invoking callback 1/1 for Microsoft.VisualStudio.TestPlatform.CommunicationUtilities.TestRequestSender+<>c__DisplayClass31_0., took 2 ms.
TpTrace Verbose: 0 : 24540, 14, 2022/12/18, 05:03:09.078, 431139425886, vstest.console.dll, TcpClientExtensions.MessageLoopAsync: Polling on remoteEndPoint: 127.0.0.1:63572 localEndPoint: 127.0.0.1:63571
TpTrace Verbose: 0 : 24540, 8, 2022/12/18, 05:03:09.080, 431139449224, vstest.console.dll, TestRequestSender.StartTestRun: Sending test run with message: {"Version":7,"MessageType":"TestExecution.StartWithSources","Payload":{"AdapterSourceMap":{"_none_":["C:\\Users\\User\\Desktop\\projects\\Celestial2022\\Celestial2022.Tests\\bin\\Debug\\net6.0\\fine-code-coverage\\build-output\\Celestial2022.Tests.dll"]},"RunSettings":"<RunSettings>\r\n  <RunConfiguration>\r\n    <ResultsDirectory>C:\\Users\\User\\Desktop\\projects\\Celestial2022\\Celestial2022.Tests\\bin\\Debug\\net6.0\\fine-code-coverage\\coverage-tool-output</ResultsDirectory>\r\n    <TargetFrameworkVersion>.NETCoreApp,Version=v6.0</TargetFrameworkVersion>\r\n    <DesignMode>False</DesignMode>\r\n    <CollectSourceInformation>False</CollectSourceInformation>\r\n  </RunConfiguration>\r\n  <LoggerRunSettings>\r\n    <Loggers>\r\n      <Logger friendlyName=\"blame\" enabled=\"True\" />\r\n      <Logger friendlyName=\"Console\" uri=\"logger://microsoft/TestPlatform/ConsoleLogger/v1\" assemblyQualifiedName=\"Microsoft.VisualStudio.TestPlatform.CommandLine.Internal.ConsoleLogger, vstest.console, Version=15.0.0.0, Culture=neutral, PublicKeyToken=b03f5f7f11d50a3a\" codeBase=\"C:\\Program Files\\dotnet\\sdk\\7.0.100\\vstest.console.dll\" enabled=\"True\" />\r\n    </Loggers>\r\n  </LoggerRunSettings>\r\n  <DataCollectionRunSettings>\r\n    <DataCollectors>\r\n      <DataCollector friendlyName=\"blame\" enabled=\"True\">\r\n        <Configuration>\r\n          <ResultsDirectory>C:\\Users\\User\\Desktop\\projects\\Celestial2022\\Celestial2022.Tests\\bin\\Debug\\net6.0\\fine-code-coverage\\coverage-tool-output</ResultsDirectory>\r\n        </Configuration>\r\n      </DataCollector>\r\n    </DataCollectors>\r\n  </DataCollectionRunSettings>\r\n</RunSettings>","TestExecutionContext":{"FrequencyOfRunStatsChangeEvent":10,"RunStatsChangeEventTimeout":"00:00:01.5000000","InIsolation":false,"KeepAlive":false,"AreTestCaseLevelEventsRequired":false,"IsDebug":false,"TestCaseFilter":null,"FilterOptions":null},"Package":null}}
TpTrace Verbose: 0 : 24540, 14, 2022/12/18, 05:03:09.189, 431140537296, vstest.console.dll, TcpClientExtensions.MessageLoopAsync: NotifyDataAvailable remoteEndPoint: 127.0.0.1:63572 localEndPoint: 127.0.0.1:63571
TpTrace Verbose: 0 : 24540, 14, 2022/12/18, 05:03:09.189, 431140538984, vstest.console.dll, TestRequestSender.OnExecutionMessageReceived: Received message: {"Version":7,"MessageType":"TestSession.Message","Payload":{"MessageLevel":0,"Message":"[xUnit.net 00:00:00.00] xUnit.net VSTest Adapter v2.4.5+1caef2f33e (64-bit .NET 6.0.11)"}}
TpTrace Verbose: 0 : 24540, 14, 2022/12/18, 05:03:09.190, 431140541567, vstest.console.dll, TestRunRequest:SendTestRunMessage: Starting.
TpTrace Verbose: 0 : 24540, 14, 2022/12/18, 05:03:09.190, 431140542192, vstest.console.dll, MulticastDelegateUtilities.SafeInvoke: TestRun.LogMessages: Invoking callback 1/1 for Microsoft.VisualStudio.TestPlatform.CommandLine.TestRunResultAggregator., took 0 ms.
TpTrace Verbose: 0 : 24540, 4, 2022/12/18, 05:03:09.190, 431140542442, vstest.console.dll, MulticastDelegateUtilities.SafeInvoke: InternalTestLoggerEvents.SendTestRunMessage: Invoking callback 1/1 for Microsoft.VisualStudio.TestPlatform.CommandLine.Internal.ConsoleLogger., took 0 ms.
TpTrace Information: 0 : 24540, 14, 2022/12/18, 05:03:09.190, 431140542519, vstest.console.dll, TestRunRequest:SendTestRunMessage: Completed.
TpTrace Verbose: 0 : 24540, 14, 2022/12/18, 05:03:09.190, 431140543794, vstest.console.dll, MulticastDelegateUtilities.SafeInvoke: LengthPrefixCommunicationChannel: MessageReceived: Invoking callback 1/1 for Microsoft.VisualStudio.TestPlatform.CommunicationUtilities.TestRequestSender+<>c__DisplayClass31_0., took 0 ms.
TpTrace Verbose: 0 : 24540, 14, 2022/12/18, 05:03:09.190, 431140544229, vstest.console.dll, TcpClientExtensions.MessageLoopAsync: Polling on remoteEndPoint: 127.0.0.1:63572 localEndPoint: 127.0.0.1:63571
TpTrace Verbose: 0 : 24540, 14, 2022/12/18, 05:03:09.728, 431145926651, vstest.console.dll, TcpClientExtensions.MessageLoopAsync: NotifyDataAvailable remoteEndPoint: 127.0.0.1:63572 localEndPoint: 127.0.0.1:63571
TpTrace Verbose: 0 : 24540, 14, 2022/12/18, 05:03:09.728, 431145928255, vstest.console.dll, TestRequestSender.OnExecutionMessageReceived: Received message: {"Version":7,"MessageType":"TestSession.Message","Payload":{"MessageLevel":0,"Message":"[xUnit.net 00:00:00.54]   Discovering: Celestial2022.Tests"}}
TpTrace Verbose: 0 : 24540, 14, 2022/12/18, 05:03:09.728, 431145929679, vstest.console.dll, TestRunRequest:SendTestRunMessage: Starting.
TpTrace Verbose: 0 : 24540, 14, 2022/12/18, 05:03:09.728, 431145930172, vstest.console.dll, MulticastDelegateUtilities.SafeInvoke: TestRun.LogMessages: Invoking callback 1/1 for Microsoft.VisualStudio.TestPlatform.CommandLine.TestRunResultAggregator., took 0 ms.
TpTrace Information: 0 : 24540, 14, 2022/12/18, 05:03:09.729, 431145930409, vstest.console.dll, TestRunRequest:SendTestRunMessage: Completed.
TpTrace Verbose: 0 : 24540, 14, 2022/12/18, 05:03:09.729, 431145930606, vstest.console.dll, MulticastDelegateUtilities.SafeInvoke: LengthPrefixCommunicationChannel: MessageReceived: Invoking callback 1/1 for Microsoft.VisualStudio.TestPlatform.CommunicationUtilities.TestRequestSender+<>c__DisplayClass31_0., took 0 ms.
TpTrace Verbose: 0 : 24540, 4, 2022/12/18, 05:03:09.729, 431145930600, vstest.console.dll, MulticastDelegateUtilities.SafeInvoke: InternalTestLoggerEvents.SendTestRunMessage: Invoking callback 1/1 for Microsoft.VisualStudio.TestPlatform.CommandLine.Internal.ConsoleLogger., took 0 ms.
TpTrace Verbose: 0 : 24540, 14, 2022/12/18, 05:03:09.729, 431145930826, vstest.console.dll, TcpClientExtensions.MessageLoopAsync: Polling on remoteEndPoint: 127.0.0.1:63572 localEndPoint: 127.0.0.1:63571
TpTrace Verbose: 0 : 24540, 14, 2022/12/18, 05:03:09.752, 431146167578, vstest.console.dll, TcpClientExtensions.MessageLoopAsync: NotifyDataAvailable remoteEndPoint: 127.0.0.1:63572 localEndPoint: 127.0.0.1:63571
TpTrace Verbose: 0 : 24540, 14, 2022/12/18, 05:03:09.752, 431146168693, vstest.console.dll, TestRequestSender.OnExecutionMessageReceived: Received message: {"Version":7,"MessageType":"TestSession.Message","Payload":{"MessageLevel":0,"Message":"[xUnit.net 00:00:00.56]   Discovered:  Celestial2022.Tests"}}
TpTrace Verbose: 0 : 24540, 14, 2022/12/18, 05:03:09.753, 431146170620, vstest.console.dll, TestRunRequest:SendTestRunMessage: Starting.
TpTrace Verbose: 0 : 24540, 14, 2022/12/18, 05:03:09.753, 431146171071, vstest.console.dll, MulticastDelegateUtilities.SafeInvoke: TestRun.LogMessages: Invoking callback 1/1 for Microsoft.VisualStudio.TestPlatform.CommandLine.TestRunResultAggregator., took 0 ms.
TpTrace Information: 0 : 24540, 14, 2022/12/18, 05:03:09.753, 431146171285, vstest.console.dll, TestRunRequest:SendTestRunMessage: Completed.
TpTrace Verbose: 0 : 24540, 4, 2022/12/18, 05:03:09.753, 431146171374, vstest.console.dll, MulticastDelegateUtilities.SafeInvoke: InternalTestLoggerEvents.SendTestRunMessage: Invoking callback 1/1 for Microsoft.VisualStudio.TestPlatform.CommandLine.Internal.ConsoleLogger., took 0 ms.
TpTrace Verbose: 0 : 24540, 14, 2022/12/18, 05:03:09.753, 431146171483, vstest.console.dll, MulticastDelegateUtilities.SafeInvoke: LengthPrefixCommunicationChannel: MessageReceived: Invoking callback 1/1 for Microsoft.VisualStudio.TestPlatform.CommunicationUtilities.TestRequestSender+<>c__DisplayClass31_0., took 0 ms.
TpTrace Verbose: 0 : 24540, 14, 2022/12/18, 05:03:09.753, 431146172286, vstest.console.dll, TcpClientExtensions.MessageLoopAsync: Polling on remoteEndPoint: 127.0.0.1:63572 localEndPoint: 127.0.0.1:63571
TpTrace Verbose: 0 : 24540, 14, 2022/12/18, 05:03:09.754, 431146181789, vstest.console.dll, TcpClientExtensions.MessageLoopAsync: NotifyDataAvailable remoteEndPoint: 127.0.0.1:63572 localEndPoint: 127.0.0.1:63571
TpTrace Verbose: 0 : 24540, 14, 2022/12/18, 05:03:09.754, 431146182396, vstest.console.dll, TestRequestSender.OnExecutionMessageReceived: Received message: {"Version":7,"MessageType":"TestSession.Message","Payload":{"MessageLevel":0,"Message":"[xUnit.net 00:00:00.56]   Starting:    Celestial2022.Tests"}}
TpTrace Verbose: 0 : 24540, 14, 2022/12/18, 05:03:09.754, 431146182816, vstest.console.dll, TestRunRequest:SendTestRunMessage: Starting.
TpTrace Verbose: 0 : 24540, 14, 2022/12/18, 05:03:09.754, 431146183106, vstest.console.dll, MulticastDelegateUtilities.SafeInvoke: TestRun.LogMessages: Invoking callback 1/1 for Microsoft.VisualStudio.TestPlatform.CommandLine.TestRunResultAggregator., took 0 ms.
TpTrace Information: 0 : 24540, 14, 2022/12/18, 05:03:09.754, 431146183255, vstest.console.dll, TestRunRequest:SendTestRunMessage: Completed.
TpTrace Verbose: 0 : 24540, 14, 2022/12/18, 05:03:09.754, 431146183383, vstest.console.dll, MulticastDelegateUtilities.SafeInvoke: LengthPrefixCommunicationChannel: MessageReceived: Invoking callback 1/1 for Microsoft.VisualStudio.TestPlatform.CommunicationUtilities.TestRequestSender+<>c__DisplayClass31_0., took 0 ms.
TpTrace Verbose: 0 : 24540, 4, 2022/12/18, 05:03:09.754, 431146183390, vstest.console.dll, MulticastDelegateUtilities.SafeInvoke: InternalTestLoggerEvents.SendTestRunMessage: Invoking callback 1/1 for Microsoft.VisualStudio.TestPlatform.CommandLine.Internal.ConsoleLogger., took 0 ms.
TpTrace Verbose: 0 : 24540, 14, 2022/12/18, 05:03:09.754, 431146183510, vstest.console.dll, TcpClientExtensions.MessageLoopAsync: Polling on remoteEndPoint: 127.0.0.1:63572 localEndPoint: 127.0.0.1:63571
TpTrace Verbose: 0 : 24540, 14, 2022/12/18, 05:03:10.338, 431152020518, vstest.console.dll, TcpClientExtensions.MessageLoopAsync: NotifyDataAvailable remoteEndPoint: 127.0.0.1:63572 localEndPoint: 127.0.0.1:63571
TpTrace Verbose: 0 : 24540, 14, 2022/12/18, 05:03:10.338, 431152021953, vstest.console.dll, TestRequestSender.OnExecutionMessageReceived: Received message: {"Version":7,"MessageType":"TestSession.Message","Payload":{"MessageLevel":2,"Message":"[xUnit.net 00:00:01.15]     Celestial2022.Tests.Controllers.EditorControllerTests.PostArticle_ShouldPostArticle [FAIL]"}}
TpTrace Verbose: 0 : 24540, 14, 2022/12/18, 05:03:10.338, 431152023188, vstest.console.dll, TestRunRequest:SendTestRunMessage: Starting.
TpTrace Verbose: 0 : 24540, 14, 2022/12/18, 05:03:10.338, 431152023904, vstest.console.dll, MulticastDelegateUtilities.SafeInvoke: TestRun.LogMessages: Invoking callback 1/1 for Microsoft.VisualStudio.TestPlatform.CommandLine.TestRunResultAggregator., took 0 ms.
TpTrace Information: 0 : 24540, 14, 2022/12/18, 05:03:10.338, 431152024199, vstest.console.dll, TestRunRequest:SendTestRunMessage: Completed.
TpTrace Verbose: 0 : 24540, 14, 2022/12/18, 05:03:10.338, 431152024454, vstest.console.dll, MulticastDelegateUtilities.SafeInvoke: LengthPrefixCommunicationChannel: MessageReceived: Invoking callback 1/1 for Microsoft.VisualStudio.TestPlatform.CommunicationUtilities.TestRequestSender+<>c__DisplayClass31_0., took 0 ms.
TpTrace Verbose: 0 : 24540, 14, 2022/12/18, 05:03:10.338, 431152024694, vstest.console.dll, TcpClientExtensions.MessageLoopAsync: Polling on remoteEndPoint: 127.0.0.1:63572 localEndPoint: 127.0.0.1:63571
TpTrace Verbose: 0 : 24540, 4, 2022/12/18, 05:03:10.338, 431152025670, vstest.console.dll, MulticastDelegateUtilities.SafeInvoke: InternalTestLoggerEvents.SendTestRunMessage: Invoking callback 1/1 for Microsoft.VisualStudio.TestPlatform.CommandLine.Internal.ConsoleLogger., took 0 ms.
TpTrace Verbose: 0 : 24540, 14, 2022/12/18, 05:03:10.338, 431152027090, vstest.console.dll, TcpClientExtensions.MessageLoopAsync: NotifyDataAvailable remoteEndPoint: 127.0.0.1:63572 localEndPoint: 127.0.0.1:63571
TpTrace Verbose: 0 : 24540, 14, 2022/12/18, 05:03:10.338, 431152027750, vstest.console.dll, TestRequestSender.OnExecutionMessageReceived: Received message: {"Version":7,"MessageType":"TestSession.Message","Payload":{"MessageLevel":0,"Message":"[xUnit.net 00:00:01.15]       System.NullReferenceException : Object reference not set to an instance of an object."}}
TpTrace Verbose: 0 : 24540, 14, 2022/12/18, 05:03:10.338, 431152028466, vstest.console.dll, TestRunRequest:SendTestRunMessage: Starting.
TpTrace Verbose: 0 : 24540, 14, 2022/12/18, 05:03:10.338, 431152028820, vstest.console.dll, MulticastDelegateUtilities.SafeInvoke: TestRun.LogMessages: Invoking callback 1/1 for Microsoft.VisualStudio.TestPlatform.CommandLine.TestRunResultAggregator., took 0 ms.
TpTrace Information: 0 : 24540, 14, 2022/12/18, 05:03:10.338, 431152028981, vstest.console.dll, TestRunRequest:SendTestRunMessage: Completed.
TpTrace Verbose: 0 : 24540, 4, 2022/12/18, 05:03:10.338, 431152028960, vstest.console.dll, MulticastDelegateUtilities.SafeInvoke: InternalTestLoggerEvents.SendTestRunMessage: Invoking callback 1/1 for Microsoft.VisualStudio.TestPlatform.CommandLine.Internal.ConsoleLogger., took 0 ms.
TpTrace Verbose: 0 : 24540, 14, 2022/12/18, 05:03:10.338, 431152029139, vstest.console.dll, MulticastDelegateUtilities.SafeInvoke: LengthPrefixCommunicationChannel: MessageReceived: Invoking callback 1/1 for Microsoft.VisualStudio.TestPlatform.CommunicationUtilities.TestRequestSender+<>c__DisplayClass31_0., took 0 ms.
TpTrace Verbose: 0 : 24540, 14, 2022/12/18, 05:03:10.338, 431152029666, vstest.console.dll, TcpClientExtensions.MessageLoopAsync: Polling on remoteEndPoint: 127.0.0.1:63572 localEndPoint: 127.0.0.1:63571
TpTrace Verbose: 0 : 24540, 14, 2022/12/18, 05:03:10.339, 431152032432, vstest.console.dll, TcpClientExtensions.MessageLoopAsync: NotifyDataAvailable remoteEndPoint: 127.0.0.1:63572 localEndPoint: 127.0.0.1:63571
TpTrace Verbose: 0 : 24540, 14, 2022/12/18, 05:03:10.339, 431152032803, vstest.console.dll, TestRequestSender.OnExecutionMessageReceived: Received message: {"Version":7,"MessageType":"TestSession.Message","Payload":{"MessageLevel":0,"Message":"[xUnit.net 00:00:01.15]       Stack Trace:"}}
TpTrace Verbose: 0 : 24540, 14, 2022/12/18, 05:03:10.339, 431152033312, vstest.console.dll, TestRunRequest:SendTestRunMessage: Starting.
TpTrace Verbose: 0 : 24540, 14, 2022/12/18, 05:03:10.339, 431152033543, vstest.console.dll, MulticastDelegateUtilities.SafeInvoke: TestRun.LogMessages: Invoking callback 1/1 for Microsoft.VisualStudio.TestPlatform.CommandLine.TestRunResultAggregator., took 0 ms.
TpTrace Verbose: 0 : 24540, 4, 2022/12/18, 05:03:10.339, 431152033668, vstest.console.dll, MulticastDelegateUtilities.SafeInvoke: InternalTestLoggerEvents.SendTestRunMessage: Invoking callback 1/1 for Microsoft.VisualStudio.TestPlatform.CommandLine.Internal.ConsoleLogger., took 0 ms.
TpTrace Information: 0 : 24540, 14, 2022/12/18, 05:03:10.339, 431152033715, vstest.console.dll, TestRunRequest:SendTestRunMessage: Completed.
TpTrace Verbose: 0 : 24540, 14, 2022/12/18, 05:03:10.339, 431152034203, vstest.console.dll, MulticastDelegateUtilities.SafeInvoke: LengthPrefixCommunicationChannel: MessageReceived: Invoking callback 1/1 for Microsoft.VisualStudio.TestPlatform.CommunicationUtilities.TestRequestSender+<>c__DisplayClass31_0., took 0 ms.
TpTrace Verbose: 0 : 24540, 14, 2022/12/18, 05:03:10.339, 431152034347, vstest.console.dll, TcpClientExtensions.MessageLoopAsync: Polling on remoteEndPoint: 127.0.0.1:63572 localEndPoint: 127.0.0.1:63571
TpTrace Verbose: 0 : 24540, 14, 2022/12/18, 05:03:10.340, 431152047207, vstest.console.dll, TcpClientExtensions.MessageLoopAsync: NotifyDataAvailable remoteEndPoint: 127.0.0.1:63572 localEndPoint: 127.0.0.1:63571
TpTrace Verbose: 0 : 24540, 14, 2022/12/18, 05:03:10.340, 431152047987, vstest.console.dll, TestRequestSender.OnExecutionMessageReceived: Received message: {"Version":7,"MessageType":"TestSession.Message","Payload":{"MessageLevel":0,"Message":"[xUnit.net 00:00:01.15]         C:\\Users\\User\\Desktop\\projects\\Celestial2022\\API\\Controllers\\EditorController.cs(45,0): at API.Controllers.EditorController.PostArticle(Article article)"}}
TpTrace Verbose: 0 : 24540, 14, 2022/12/18, 05:03:10.340, 431152048944, vstest.console.dll, TestRunRequest:SendTestRunMessage: Starting.
TpTrace Verbose: 0 : 24540, 14, 2022/12/18, 05:03:10.340, 431152049317, vstest.console.dll, MulticastDelegateUtilities.SafeInvoke: TestRun.LogMessages: Invoking callback 1/1 for Microsoft.VisualStudio.TestPlatform.CommandLine.TestRunResultAggregator., took 0 ms.
TpTrace Verbose: 0 : 24540, 4, 2022/12/18, 05:03:10.340, 431152049382, vstest.console.dll, MulticastDelegateUtilities.SafeInvoke: InternalTestLoggerEvents.SendTestRunMessage: Invoking callback 1/1 for Microsoft.VisualStudio.TestPlatform.CommandLine.Internal.ConsoleLogger., took 0 ms.
TpTrace Information: 0 : 24540, 14, 2022/12/18, 05:03:10.340, 431152049591, vstest.console.dll, TestRunRequest:SendTestRunMessage: Completed.
TpTrace Verbose: 0 : 24540, 14, 2022/12/18, 05:03:10.340, 431152050036, vstest.console.dll, MulticastDelegateUtilities.SafeInvoke: LengthPrefixCommunicationChannel: MessageReceived: Invoking callback 1/1 for Microsoft.VisualStudio.TestPlatform.CommunicationUtilities.TestRequestSender+<>c__DisplayClass31_0., took 0 ms.
TpTrace Verbose: 0 : 24540, 14, 2022/12/18, 05:03:10.340, 431152050191, vstest.console.dll, TcpClientExtensions.MessageLoopAsync: Polling on remoteEndPoint: 127.0.0.1:63572 localEndPoint: 127.0.0.1:63571
TpTrace Verbose: 0 : 24540, 14, 2022/12/18, 05:03:10.341, 431152050419, vstest.console.dll, TcpClientExtensions.MessageLoopAsync: NotifyDataAvailable remoteEndPoint: 127.0.0.1:63572 localEndPoint: 127.0.0.1:63571
TpTrace Verbose: 0 : 24540, 14, 2022/12/18, 05:03:10.341, 431152050737, vstest.console.dll, TestRequestSender.OnExecutionMessageReceived: Received message: {"Version":7,"MessageType":"TestSession.Message","Payload":{"MessageLevel":0,"Message":"[xUnit.net 00:00:01.15]         C:\\Users\\User\\Desktop\\projects\\Celestial2022\\Celestial2022.Tests\\Controllers\\EditorControllerTests.cs(137,0): at Celestial2022.Tests.Controllers.EditorControllerTests.PostArticle_ShouldPostArticle()"}}
TpTrace Verbose: 0 : 24540, 14, 2022/12/18, 05:03:10.341, 431152051235, vstest.console.dll, TestRunRequest:SendTestRunMessage: Starting.
TpTrace Verbose: 0 : 24540, 14, 2022/12/18, 05:03:10.341, 431152051492, vstest.console.dll, MulticastDelegateUtilities.SafeInvoke: TestRun.LogMessages: Invoking callback 1/1 for Microsoft.VisualStudio.TestPlatform.CommandLine.TestRunResultAggregator., took 0 ms.
TpTrace Verbose: 0 : 24540, 4, 2022/12/18, 05:03:10.341, 431152051570, vstest.console.dll, MulticastDelegateUtilities.SafeInvoke: InternalTestLoggerEvents.SendTestRunMessage: Invoking callback 1/1 for Microsoft.VisualStudio.TestPlatform.CommandLine.Internal.ConsoleLogger., took 0 ms.
TpTrace Information: 0 : 24540, 14, 2022/12/18, 05:03:10.341, 431152051816, vstest.console.dll, TestRunRequest:SendTestRunMessage: Completed.
TpTrace Verbose: 0 : 24540, 14, 2022/12/18, 05:03:10.341, 431152052272, vstest.console.dll, MulticastDelegateUtilities.SafeInvoke: LengthPrefixCommunicationChannel: MessageReceived: Invoking callback 1/1 for Microsoft.VisualStudio.TestPlatform.CommunicationUtilities.TestRequestSender+<>c__DisplayClass31_0., took 0 ms.
TpTrace Verbose: 0 : 24540, 14, 2022/12/18, 05:03:10.341, 431152052423, vstest.console.dll, TcpClientExtensions.MessageLoopAsync: Polling on remoteEndPoint: 127.0.0.1:63572 localEndPoint: 127.0.0.1:63571
TpTrace Verbose: 0 : 24540, 14, 2022/12/18, 05:03:10.341, 431152052593, vstest.console.dll, TcpClientExtensions.MessageLoopAsync: NotifyDataAvailable remoteEndPoint: 127.0.0.1:63572 localEndPoint: 127.0.0.1:63571
TpTrace Verbose: 0 : 24540, 14, 2022/12/18, 05:03:10.341, 431152052836, vstest.console.dll, TestRequestSender.OnExecutionMessageReceived: Received message: {"Version":7,"MessageType":"TestSession.Message","Payload":{"MessageLevel":0,"Message":"[xUnit.net 00:00:01.15]         --- End of stack trace from previous location ---"}}
TpTrace Verbose: 0 : 24540, 14, 2022/12/18, 05:03:10.341, 431152053262, vstest.console.dll, TestRunRequest:SendTestRunMessage: Starting.
TpTrace Verbose: 0 : 24540, 14, 2022/12/18, 05:03:10.341, 431152053513, vstest.console.dll, MulticastDelegateUtilities.SafeInvoke: TestRun.LogMessages: Invoking callback 1/1 for Microsoft.VisualStudio.TestPlatform.CommandLine.TestRunResultAggregator., took 0 ms.
TpTrace Verbose: 0 : 24540, 4, 2022/12/18, 05:03:10.341, 431152053591, vstest.console.dll, MulticastDelegateUtilities.SafeInvoke: InternalTestLoggerEvents.SendTestRunMessage: Invoking callback 1/1 for Microsoft.VisualStudio.TestPlatform.CommandLine.Internal.ConsoleLogger., took 0 ms.
TpTrace Information: 0 : 24540, 14, 2022/12/18, 05:03:10.341, 431152053787, vstest.console.dll, TestRunRequest:SendTestRunMessage: Completed.
TpTrace Verbose: 0 : 24540, 14, 2022/12/18, 05:03:10.341, 431152054205, vstest.console.dll, MulticastDelegateUtilities.SafeInvoke: LengthPrefixCommunicationChannel: MessageReceived: Invoking callback 1/1 for Microsoft.VisualStudio.TestPlatform.CommunicationUtilities.TestRequestSender+<>c__DisplayClass31_0., took 0 ms.
TpTrace Verbose: 0 : 24540, 14, 2022/12/18, 05:03:10.341, 431152054349, vstest.console.dll, TcpClientExtensions.MessageLoopAsync: Polling on remoteEndPoint: 127.0.0.1:63572 localEndPoint: 127.0.0.1:63571
TpTrace Verbose: 0 : 24540, 14, 2022/12/18, 05:03:10.363, 431152272076, vstest.console.dll, TcpClientExtensions.MessageLoopAsync: NotifyDataAvailable remoteEndPoint: 127.0.0.1:63572 localEndPoint: 127.0.0.1:63571
TpTrace Verbose: 0 : 24540, 14, 2022/12/18, 05:03:10.363, 431152274278, vstest.console.dll, TestRequestSender.OnExecutionMessageReceived: Received message: {"Version":7,"MessageType":"TestExecution.StatsChange","Payload":{"NewTestResults":[{"TestCase":{"Id":"0479c37f-be39-b7e5-a941-570ae43a2eb0","FullyQualifiedName":"Celestial2022.Tests.Controllers.ArticlesControllerTests.GetArticles_ShouldReturnArticles","DisplayName":"Celestial2022.Tests.Controllers.ArticlesControllerTests.GetArticles_ShouldReturnArticles","ExecutorUri":"executor://xunit/VsTestRunner2/netcoreapp","Source":"C:\\Users\\User\\Desktop\\projects\\Celestial2022\\Celestial2022.Tests\\bin\\Debug\\net6.0\\fine-code-coverage\\build-output\\Celestial2022.Tests.dll","CodeFilePath":null,"LineNumber":0,"Properties":[]},"Attachments":[],"Outcome":1,"ErrorMessage":null,"ErrorStackTrace":null,"DisplayName":"Celestial2022.Tests.Controllers.ArticlesControllerTests.GetArticles_ShouldReturnArticles","Messages":[],"ComputerName":"LAPTOP-1CCB8K16","Duration":"00:00:00.5041167","StartTime":"2022-12-18T03:03:10.2988295+00:00","EndTime":"2022-12-18T03:03:10.2988429+00:00","Properties":[]},{"TestCase":{"Id":"d28ae40b-f2c5-eedb-3768-30543d96bd61","FullyQualifiedName":"Celestial2022.Tests.Controllers.ArticlesControllerTests.GetArticle_WithValidId_ShouldReturnArticle","DisplayName":"Celestial2022.Tests.Controllers.ArticlesControllerTests.GetArticle_WithValidId_ShouldReturnArticle","ExecutorUri":"executor://xunit/VsTestRunner2/netcoreapp","Source":"C:\\Users\\User\\Desktop\\projects\\Celestial2022\\Celestial2022.Tests\\bin\\Debug\\net6.0\\fine-code-coverage\\build-output\\Celestial2022.Tests.dll","CodeFilePath":null,"LineNumber":0,"Properties":[]},"Attachments":[],"Outcome":1,"ErrorMessage":null,"ErrorStackTrace":null,"DisplayName":"Celestial2022.Tests.Controllers.ArticlesControllerTests.GetArticle_WithValidId_ShouldReturnArticle","Messages":[],"ComputerName":"LAPTOP-1CCB8K16","Duration":"00:00:00.0137515","StartTime":"2022-12-18T03:03:10.314448+00:00","EndTime":"2022-12-18T03:03:10.3144481+00:00","Properties":[]},{"TestCase":{"Id":"aeaf4a50-218a-a3fa-b748-5be6b543775c","FullyQualifiedName":"Celestial2022.Tests.Controllers.EditorControllerTests.DeleteArticle_ShouldDeleteArticle","DisplayName":"Celestial2022.Tests.Controllers.EditorControllerTests.DeleteArticle_ShouldDeleteArticle","ExecutorUri":"executor://xunit/VsTestRunner2/netcoreapp","Source":"C:\\Users\\User\\Desktop\\projects\\Celestial2022\\Celestial2022.Tests\\bin\\Debug\\net6.0\\fine-code-coverage\\build-output\\Celestial2022.Tests.dll","CodeFilePath":null,"LineNumber":0,"Properties":[]},"Attachments":[],"Outcome":1,"ErrorMessage":null,"ErrorStackTrace":null,"DisplayName":"Celestial2022.Tests.Controllers.EditorControllerTests.DeleteArticle_ShouldDeleteArticle","Messages":[],"ComputerName":"LAPTOP-1CCB8K16","Duration":"00:00:00.5229910","StartTime":"2022-12-18T03:03:10.3233049+00:00","EndTime":"2022-12-18T03:03:10.3233049+00:00","Properties":[]},{"TestCase":{"Id":"46d04902-8121-3c5a-ce20-35cff0f1dec4","FullyQualifiedName":"Celestial2022.Tests.Controllers.EditorControllerTests.PostArticle_ShouldPostArticle","DisplayName":"Celestial2022.Tests.Controllers.EditorControllerTests.PostArticle_ShouldPostArticle","ExecutorUri":"executor://xunit/VsTestRunner2/netcoreapp","Source":"C:\\Users\\User\\Desktop\\projects\\Celestial2022\\Celestial2022.Tests\\bin\\Debug\\net6.0\\fine-code-coverage\\build-output\\Celestial2022.Tests.dll","CodeFilePath":null,"LineNumber":0,"Properties":[]},"Attachments":[],"Outcome":2,"ErrorMessage":"System.NullReferenceException : Object reference not set to an instance of an object.","ErrorStackTrace":"   at API.Controllers.EditorController.PostArticle(Article article) in C:\\Users\\User\\Desktop\\projects\\Celestial2022\\API\\Controllers\\EditorController.cs:line 45\r\n   at Celestial2022.Tests.Controllers.EditorControllerTests.PostArticle_ShouldPostArticle() in C:\\Users\\User\\Desktop\\projects\\Celestial2022\\Celestial2022.Tests\\Controllers\\EditorControllerTests.cs:line 137\r\n--- End of stack trace from previous location ---","DisplayName":"Celestial2022.Tests.Controllers.EditorControllerTests.PostArticle_ShouldPostArticle","Messages":[],"ComputerName":"LAPTOP-1CCB8K16","Duration":"00:00:00.0090383","StartTime":"2022-12-18T03:03:10.3417355+00:00","EndTime":"2022-12-18T03:03:10.3417356+00:00","Properties":[]},{"TestCase":{"Id":"fbadd6fd-1f34-cd79-b9c3-c986a9a2cb16","FullyQualifiedName":"Celestial2022.Tests.Controllers.EditorControllerTests.GetUserArticles_ShouldReturnUserArticles","DisplayName":"Celestial2022.Tests.Controllers.EditorControllerTests.GetUserArticles_ShouldReturnUserArticles","ExecutorUri":"executor://xunit/VsTestRunner2/netcoreapp","Source":"C:\\Users\\User\\Desktop\\projects\\Celestial2022\\Celestial2022.Tests\\bin\\Debug\\net6.0\\fine-code-coverage\\build-output\\Celestial2022.Tests.dll","CodeFilePath":null,"LineNumber":0,"Properties":[]},"Attachments":[],"Outcome":1,"ErrorMessage":null,"ErrorStackTrace":null,"DisplayName":"Celestial2022.Tests.Controllers.EditorControllerTests.GetUserArticles_ShouldReturnUserArticles","Messages":[],"ComputerName":"LAPTOP-1CCB8K16","Duration":"00:00:00.0020625","StartTime":"2022-12-18T03:03:10.3436622+00:00","EndTime":"2022-12-18T03:03:10.3436623+00:00","Properties":[]}],"TestRunStatistics":{"ExecutedTests":5,"Stats":{"Passed":4,"Failed":1}},"ActiveTests":[{"Id":"d677d736-d74f-b5f3-90f8-80346e822470","FullyQualifiedName":"Celestial2022.Tests.Repositories.ArticleRepositoryTests.GetArticle_WithInvalidId_ShouldNotReturnArticle","DisplayName":"Celestial2022.Tests.Repositories.ArticleRepositoryTests.GetArticle_WithInvalidId_ShouldNotReturnArticle","ExecutorUri":"executor://xunit/VsTestRunner2/netcoreapp","Source":"C:\\Users\\User\\Desktop\\projects\\Celestial2022\\Celestial2022.Tests\\bin\\Debug\\net6.0\\fine-code-coverage\\build-output\\Celestial2022.Tests.dll","CodeFilePath":null,"LineNumber":0,"Properties":[]},{"Id":"ec10395d-4698-e946-6547-95c43069d91a","FullyQualifiedName":"Celestial2022.Tests.Repositories.EditorRepositoryTests.EditArticle_ShouldEditArticle","DisplayName":"Celestial2022.Tests.Repositories.EditorRepositoryTests.EditArticle_ShouldEditArticle","ExecutorUri":"executor://xunit/VsTestRunner2/netcoreapp","Source":"C:\\Users\\User\\Desktop\\projects\\Celestial2022\\Celestial2022.Tests\\bin\\Debug\\net6.0\\fine-code-coverage\\build-output\\Celestial2022.Tests.dll","CodeFilePath":null,"LineNumber":0,"Properties":[]},{"Id":"22f26a2d-e6cd-4e32-36f8-f00c5dd678be","FullyQualifiedName":"Celestial2022.Tests.Repositories.UserRepositoryTests.RemoveArticle_WithCorrectId_ShouldRemoveArticle","DisplayName":"Celestial2022.Tests.Repositories.UserRepositoryTests.RemoveArticle_WithCorrectId_ShouldRemoveArticle","ExecutorUri":"executor://xunit/VsTestRunner2/netcoreapp","Source":"C:\\Users\\User\\Desktop\\projects\\Celestial2022\\Celestial2022.Tests\\bin\\Debug\\net6.0\\fine-code-coverage\\build-output\\Celestial2022.Tests.dll","CodeFilePath":null,"LineNumber":0,"Properties":[]},{"Id":"57267fe0-31ad-bc80-3f52-469bfe9bf370","FullyQualifiedName":"Celestial2022.Tests.Controllers.UserControllerTests.EditProfile_ShouldCorrectlyEditUserProfile","DisplayName":"Celestial2022.Tests.Controllers.UserControllerTests.EditProfile_ShouldCorrectlyEditUserProfile","ExecutorUri":"executor://xunit/VsTestRunner2/netcoreapp","Source":"C:\\Users\\User\\Desktop\\projects\\Celestial2022\\Celestial2022.Tests\\bin\\Debug\\net6.0\\fine-code-coverage\\build-output\\Celestial2022.Tests.dll","CodeFilePath":null,"LineNumber":0,"Properties":[]},{"Id":"018d5efe-e159-697d-100f-127bb20ae918","FullyQualifiedName":"Celestial2022.Tests.Controllers.EditorControllerTests.EditArticle_ShouldEditArticle","DisplayName":"Celestial2022.Tests.Controllers.EditorControllerTests.EditArticle_ShouldEditArticle","ExecutorUri":"executor://xunit/VsTestRunner2/netcoreapp","Source":"C:\\Users\\User\\Desktop\\projects\\Celestial2022\\Celestial2022.Tests\\bin\\Debug\\net6.0\\fine-code-coverage\\build-output\\Celestial2022.Tests.dll","CodeFilePath":null,"LineNumber":0,"Properties":[]}]}}
TpTrace Verbose: 0 : 24540, 14, 2022/12/18, 05:03:10.379, 431152438736, vstest.console.dll, TestRunRequest:SendTestRunStatsChange: Starting.
TpTrace Verbose: 0 : 24540, 14, 2022/12/18, 05:03:10.379, 431152440269, vstest.console.dll, InProgress is Celestial2022.Tests.Repositories.ArticleRepositoryTests.GetArticle_WithInvalidId_ShouldNotReturnArticle
TpTrace Verbose: 0 : 24540, 14, 2022/12/18, 05:03:10.380, 431152440498, vstest.console.dll, InProgress is Celestial2022.Tests.Repositories.EditorRepositoryTests.EditArticle_ShouldEditArticle
TpTrace Verbose: 0 : 24540, 14, 2022/12/18, 05:03:10.380, 431152440643, vstest.console.dll, InProgress is Celestial2022.Tests.Repositories.UserRepositoryTests.RemoveArticle_WithCorrectId_ShouldRemoveArticle
TpTrace Verbose: 0 : 24540, 14, 2022/12/18, 05:03:10.380, 431152440768, vstest.console.dll, InProgress is Celestial2022.Tests.Controllers.UserControllerTests.EditProfile_ShouldCorrectlyEditUserProfile
TpTrace Verbose: 0 : 24540, 14, 2022/12/18, 05:03:10.380, 431152440889, vstest.console.dll, InProgress is Celestial2022.Tests.Controllers.EditorControllerTests.EditArticle_ShouldEditArticle
TpTrace Verbose: 0 : 24540, 14, 2022/12/18, 05:03:10.380, 431152442903, vstest.console.dll, MulticastDelegateUtilities.SafeInvoke: TestRun.RunStatsChanged: Invoking callbacks was skipped because there are no subscribers.
TpTrace Information: 0 : 24540, 14, 2022/12/18, 05:03:10.380, 431152443262, vstest.console.dll, TestRunRequest:SendTestRunStatsChange: Completed.
TpTrace Verbose: 0 : 24540, 14, 2022/12/18, 05:03:10.380, 431152443473, vstest.console.dll, MulticastDelegateUtilities.SafeInvoke: LengthPrefixCommunicationChannel: MessageReceived: Invoking callback 1/1 for Microsoft.VisualStudio.TestPlatform.CommunicationUtilities.TestRequestSender+<>c__DisplayClass31_0., took 16 ms.
TpTrace Verbose: 0 : 24540, 14, 2022/12/18, 05:03:10.380, 431152443657, vstest.console.dll, TcpClientExtensions.MessageLoopAsync: Polling on remoteEndPoint: 127.0.0.1:63572 localEndPoint: 127.0.0.1:63571
TpTrace Verbose: 0 : 24540, 14, 2022/12/18, 05:03:10.380, 431152443942, vstest.console.dll, TcpClientExtensions.MessageLoopAsync: NotifyDataAvailable remoteEndPoint: 127.0.0.1:63572 localEndPoint: 127.0.0.1:63571
TpTrace Verbose: 0 : 24540, 14, 2022/12/18, 05:03:10.380, 431152444452, vstest.console.dll, TestRequestSender.OnExecutionMessageReceived: Received message: {"Version":7,"MessageType":"TestSession.Message","Payload":{"MessageLevel":2,"Message":"[xUnit.net 00:00:01.18]     Celestial2022.Tests.Controllers.UserControllerTests.AddToLiked_ShouldAddArticleToUserLiked [FAIL]"}}
TpTrace Verbose: 0 : 24540, 14, 2022/12/18, 05:03:10.380, 431152445118, vstest.console.dll, TestRunRequest:SendTestRunMessage: Starting.
TpTrace Verbose: 0 : 24540, 14, 2022/12/18, 05:03:10.380, 431152445391, vstest.console.dll, MulticastDelegateUtilities.SafeInvoke: TestRun.LogMessages: Invoking callback 1/1 for Microsoft.VisualStudio.TestPlatform.CommandLine.TestRunResultAggregator., took 0 ms.
TpTrace Information: 0 : 24540, 14, 2022/12/18, 05:03:10.380, 431152445535, vstest.console.dll, TestRunRequest:SendTestRunMessage: Completed.
TpTrace Verbose: 0 : 24540, 14, 2022/12/18, 05:03:10.380, 431152445685, vstest.console.dll, MulticastDelegateUtilities.SafeInvoke: LengthPrefixCommunicationChannel: MessageReceived: Invoking callback 1/1 for Microsoft.VisualStudio.TestPlatform.CommunicationUtilities.TestRequestSender+<>c__DisplayClass31_0., took 0 ms.
TpTrace Verbose: 0 : 24540, 14, 2022/12/18, 05:03:10.380, 431152445823, vstest.console.dll, TcpClientExtensions.MessageLoopAsync: Polling on remoteEndPoint: 127.0.0.1:63572 localEndPoint: 127.0.0.1:63571
TpTrace Verbose: 0 : 24540, 14, 2022/12/18, 05:03:10.380, 431152446032, vstest.console.dll, TcpClientExtensions.MessageLoopAsync: NotifyDataAvailable remoteEndPoint: 127.0.0.1:63572 localEndPoint: 127.0.0.1:63571
TpTrace Verbose: 0 : 24540, 14, 2022/12/18, 05:03:10.380, 431152446276, vstest.console.dll, TestRequestSender.OnExecutionMessageReceived: Received message: {"Version":7,"MessageType":"TestSession.Message","Payload":{"MessageLevel":0,"Message":"[xUnit.net 00:00:01.18]       System.NullReferenceException : Object reference not set to an instance of an object."}}
TpTrace Verbose: 0 : 24540, 14, 2022/12/18, 05:03:10.380, 431152446655, vstest.console.dll, TestRunRequest:SendTestRunMessage: Starting.
TpTrace Verbose: 0 : 24540, 14, 2022/12/18, 05:03:10.380, 431152446864, vstest.console.dll, MulticastDelegateUtilities.SafeInvoke: TestRun.LogMessages: Invoking callback 1/1 for Microsoft.VisualStudio.TestPlatform.CommandLine.TestRunResultAggregator., took 0 ms.
TpTrace Information: 0 : 24540, 14, 2022/12/18, 05:03:10.380, 431152446998, vstest.console.dll, TestRunRequest:SendTestRunMessage: Completed.
TpTrace Verbose: 0 : 24540, 14, 2022/12/18, 05:03:10.380, 431152447126, vstest.console.dll, MulticastDelegateUtilities.SafeInvoke: LengthPrefixCommunicationChannel: MessageReceived: Invoking callback 1/1 for Microsoft.VisualStudio.TestPlatform.CommunicationUtilities.TestRequestSender+<>c__DisplayClass31_0., took 0 ms.
TpTrace Verbose: 0 : 24540, 14, 2022/12/18, 05:03:10.380, 431152447257, vstest.console.dll, TcpClientExtensions.MessageLoopAsync: Polling on remoteEndPoint: 127.0.0.1:63572 localEndPoint: 127.0.0.1:63571
TpTrace Verbose: 0 : 24540, 14, 2022/12/18, 05:03:10.380, 431152447451, vstest.console.dll, TcpClientExtensions.MessageLoopAsync: NotifyDataAvailable remoteEndPoint: 127.0.0.1:63572 localEndPoint: 127.0.0.1:63571
TpTrace Verbose: 0 : 24540, 14, 2022/12/18, 05:03:10.380, 431152447679, vstest.console.dll, TestRequestSender.OnExecutionMessageReceived: Received message: {"Version":7,"MessageType":"TestSession.Message","Payload":{"MessageLevel":0,"Message":"[xUnit.net 00:00:01.18]       Stack Trace:"}}
TpTrace Verbose: 0 : 24540, 14, 2022/12/18, 05:03:10.380, 431152447959, vstest.console.dll, TestRunRequest:SendTestRunMessage: Starting.
TpTrace Verbose: 0 : 24540, 14, 2022/12/18, 05:03:10.380, 431152448196, vstest.console.dll, MulticastDelegateUtilities.SafeInvoke: TestRun.LogMessages: Invoking callback 1/1 for Microsoft.VisualStudio.TestPlatform.CommandLine.TestRunResultAggregator., took 0 ms.
TpTrace Information: 0 : 24540, 14, 2022/12/18, 05:03:10.380, 431152448328, vstest.console.dll, TestRunRequest:SendTestRunMessage: Completed.
TpTrace Verbose: 0 : 24540, 14, 2022/12/18, 05:03:10.380, 431152448450, vstest.console.dll, MulticastDelegateUtilities.SafeInvoke: LengthPrefixCommunicationChannel: MessageReceived: Invoking callback 1/1 for Microsoft.VisualStudio.TestPlatform.CommunicationUtilities.TestRequestSender+<>c__DisplayClass31_0., took 0 ms.
TpTrace Verbose: 0 : 24540, 14, 2022/12/18, 05:03:10.380, 431152448590, vstest.console.dll, TcpClientExtensions.MessageLoopAsync: Polling on remoteEndPoint: 127.0.0.1:63572 localEndPoint: 127.0.0.1:63571
TpTrace Verbose: 0 : 24540, 14, 2022/12/18, 05:03:10.380, 431152448759, vstest.console.dll, TcpClientExtensions.MessageLoopAsync: NotifyDataAvailable remoteEndPoint: 127.0.0.1:63572 localEndPoint: 127.0.0.1:63571
TpTrace Verbose: 0 : 24540, 14, 2022/12/18, 05:03:10.380, 431152449020, vstest.console.dll, TestRequestSender.OnExecutionMessageReceived: Received message: {"Version":7,"MessageType":"TestSession.Message","Payload":{"MessageLevel":0,"Message":"[xUnit.net 00:00:01.18]         C:\\Users\\User\\Desktop\\projects\\Celestial2022\\API\\Controllers\\UsersController.cs(21,0): at API.Controllers.UsersController.AddToLiked(LikedArticle likedArticle)"}}
TpTrace Verbose: 0 : 24540, 14, 2022/12/18, 05:03:10.380, 431152449363, vstest.console.dll, TestRunRequest:SendTestRunMessage: Starting.
TpTrace Verbose: 0 : 24540, 14, 2022/12/18, 05:03:10.380, 431152449585, vstest.console.dll, MulticastDelegateUtilities.SafeInvoke: TestRun.LogMessages: Invoking callback 1/1 for Microsoft.VisualStudio.TestPlatform.CommandLine.TestRunResultAggregator., took 0 ms.
TpTrace Information: 0 : 24540, 14, 2022/12/18, 05:03:10.380, 431152449716, vstest.console.dll, TestRunRequest:SendTestRunMessage: Completed.
TpTrace Verbose: 0 : 24540, 14, 2022/12/18, 05:03:10.380, 431152449837, vstest.console.dll, MulticastDelegateUtilities.SafeInvoke: LengthPrefixCommunicationChannel: MessageReceived: Invoking callback 1/1 for Microsoft.VisualStudio.TestPlatform.CommunicationUtilities.TestRequestSender+<>c__DisplayClass31_0., took 0 ms.
TpTrace Verbose: 0 : 24540, 14, 2022/12/18, 05:03:10.380, 431152449995, vstest.console.dll, TcpClientExtensions.MessageLoopAsync: Polling on remoteEndPoint: 127.0.0.1:63572 localEndPoint: 127.0.0.1:63571
TpTrace Verbose: 0 : 24540, 14, 2022/12/18, 05:03:10.380, 431152450146, vstest.console.dll, TcpClientExtensions.MessageLoopAsync: NotifyDataAvailable remoteEndPoint: 127.0.0.1:63572 localEndPoint: 127.0.0.1:63571
TpTrace Verbose: 0 : 24540, 14, 2022/12/18, 05:03:10.381, 431152450390, vstest.console.dll, TestRequestSender.OnExecutionMessageReceived: Received message: {"Version":7,"MessageType":"TestSession.Message","Payload":{"MessageLevel":0,"Message":"[xUnit.net 00:00:01.18]         C:\\Users\\User\\Desktop\\projects\\Celestial2022\\Celestial2022.Tests\\Controllers\\UserControllerTests.cs(71,0): at Celestial2022.Tests.Controllers.UserControllerTests.AddToLiked_ShouldAddArticleToUserLiked()"}}
TpTrace Verbose: 0 : 24540, 14, 2022/12/18, 05:03:10.381, 431152450718, vstest.console.dll, TestRunRequest:SendTestRunMessage: Starting.
TpTrace Verbose: 0 : 24540, 14, 2022/12/18, 05:03:10.381, 431152450946, vstest.console.dll, MulticastDelegateUtilities.SafeInvoke: TestRun.LogMessages: Invoking callback 1/1 for Microsoft.VisualStudio.TestPlatform.CommandLine.TestRunResultAggregator., took 0 ms.
TpTrace Information: 0 : 24540, 14, 2022/12/18, 05:03:10.381, 431152451082, vstest.console.dll, TestRunRequest:SendTestRunMessage: Completed.
TpTrace Verbose: 0 : 24540, 14, 2022/12/18, 05:03:10.381, 431152451204, vstest.console.dll, MulticastDelegateUtilities.SafeInvoke: LengthPrefixCommunicationChannel: MessageReceived: Invoking callback 1/1 for Microsoft.VisualStudio.TestPlatform.CommunicationUtilities.TestRequestSender+<>c__DisplayClass31_0., took 0 ms.
TpTrace Verbose: 0 : 24540, 14, 2022/12/18, 05:03:10.381, 431152451330, vstest.console.dll, TcpClientExtensions.MessageLoopAsync: Polling on remoteEndPoint: 127.0.0.1:63572 localEndPoint: 127.0.0.1:63571
TpTrace Verbose: 0 : 24540, 14, 2022/12/18, 05:03:10.381, 431152451507, vstest.console.dll, TcpClientExtensions.MessageLoopAsync: NotifyDataAvailable remoteEndPoint: 127.0.0.1:63572 localEndPoint: 127.0.0.1:63571
TpTrace Verbose: 0 : 24540, 14, 2022/12/18, 05:03:10.381, 431152451759, vstest.console.dll, TestRequestSender.OnExecutionMessageReceived: Received message: {"Version":7,"MessageType":"TestSession.Message","Payload":{"MessageLevel":0,"Message":"[xUnit.net 00:00:01.18]         --- End of stack trace from previous location ---"}}
TpTrace Verbose: 0 : 24540, 14, 2022/12/18, 05:03:10.381, 431152452058, vstest.console.dll, TestRunRequest:SendTestRunMessage: Starting.
TpTrace Verbose: 0 : 24540, 14, 2022/12/18, 05:03:10.381, 431152452301, vstest.console.dll, MulticastDelegateUtilities.SafeInvoke: TestRun.LogMessages: Invoking callback 1/1 for Microsoft.VisualStudio.TestPlatform.CommandLine.TestRunResultAggregator., took 0 ms.
TpTrace Information: 0 : 24540, 14, 2022/12/18, 05:03:10.381, 431152452436, vstest.console.dll, TestRunRequest:SendTestRunMessage: Completed.
TpTrace Verbose: 0 : 24540, 14, 2022/12/18, 05:03:10.381, 431152452737, vstest.console.dll, MulticastDelegateUtilities.SafeInvoke: LengthPrefixCommunicationChannel: MessageReceived: Invoking callback 1/1 for Microsoft.VisualStudio.TestPlatform.CommunicationUtilities.TestRequestSender+<>c__DisplayClass31_0., took 0 ms.
TpTrace Verbose: 0 : 24540, 14, 2022/12/18, 05:03:10.381, 431152452896, vstest.console.dll, TcpClientExtensions.MessageLoopAsync: Polling on remoteEndPoint: 127.0.0.1:63572 localEndPoint: 127.0.0.1:63571
TpTrace Verbose: 0 : 24540, 14, 2022/12/18, 05:03:10.381, 431152453088, vstest.console.dll, TcpClientExtensions.MessageLoopAsync: NotifyDataAvailable remoteEndPoint: 127.0.0.1:63572 localEndPoint: 127.0.0.1:63571
TpTrace Verbose: 0 : 24540, 14, 2022/12/18, 05:03:10.381, 431152454214, vstest.console.dll, TestRequestSender.OnExecutionMessageReceived: Received message: {"Version":7,"MessageType":"TestExecution.StatsChange","Payload":{"NewTestResults":[{"TestCase":{"Id":"d677d736-d74f-b5f3-90f8-80346e822470","FullyQualifiedName":"Celestial2022.Tests.Repositories.ArticleRepositoryTests.GetArticle_WithInvalidId_ShouldNotReturnArticle","DisplayName":"Celestial2022.Tests.Repositories.ArticleRepositoryTests.GetArticle_WithInvalidId_ShouldNotReturnArticle","ExecutorUri":"executor://xunit/VsTestRunner2/netcoreapp","Source":"C:\\Users\\User\\Desktop\\projects\\Celestial2022\\Celestial2022.Tests\\bin\\Debug\\net6.0\\fine-code-coverage\\build-output\\Celestial2022.Tests.dll","CodeFilePath":null,"LineNumber":0,"Properties":[]},"Attachments":[],"Outcome":1,"ErrorMessage":null,"ErrorStackTrace":null,"DisplayName":"Celestial2022.Tests.Repositories.ArticleRepositoryTests.GetArticle_WithInvalidId_ShouldNotReturnArticle","Messages":[],"ComputerName":"LAPTOP-1CCB8K16","Duration":"00:00:00.5468622","StartTime":"2022-12-18T03:03:10.3641378+00:00","EndTime":"2022-12-18T03:03:10.3641379+00:00","Properties":[]},{"TestCase":{"Id":"ec10395d-4698-e946-6547-95c43069d91a","FullyQualifiedName":"Celestial2022.Tests.Repositories.EditorRepositoryTests.EditArticle_ShouldEditArticle","DisplayName":"Celestial2022.Tests.Repositories.EditorRepositoryTests.EditArticle_ShouldEditArticle","ExecutorUri":"executor://xunit/VsTestRunner2/netcoreapp","Source":"C:\\Users\\User\\Desktop\\projects\\Celestial2022\\Celestial2022.Tests\\bin\\Debug\\net6.0\\fine-code-coverage\\build-output\\Celestial2022.Tests.dll","CodeFilePath":null,"LineNumber":0,"Properties":[]},"Attachments":[],"Outcome":1,"ErrorMessage":null,"ErrorStackTrace":null,"DisplayName":"Celestial2022.Tests.Repositories.EditorRepositoryTests.EditArticle_ShouldEditArticle","Messages":[],"ComputerName":"LAPTOP-1CCB8K16","Duration":"00:00:00.5506843","StartTime":"2022-12-18T03:03:10.3659041+00:00","EndTime":"2022-12-18T03:03:10.3659042+00:00","Properties":[]},{"TestCase":{"Id":"018d5efe-e159-697d-100f-127bb20ae918","FullyQualifiedName":"Celestial2022.Tests.Controllers.EditorControllerTests.EditArticle_ShouldEditArticle","DisplayName":"Celestial2022.Tests.Controllers.EditorControllerTests.EditArticle_ShouldEditArticle","ExecutorUri":"executor://xunit/VsTestRunner2/netcoreapp","Source":"C:\\Users\\User\\Desktop\\projects\\Celestial2022\\Celestial2022.Tests\\bin\\Debug\\net6.0\\fine-code-coverage\\build-output\\Celestial2022.Tests.dll","CodeFilePath":null,"LineNumber":0,"Properties":[]},"Attachments":[],"Outcome":1,"ErrorMessage":null,"ErrorStackTrace":null,"DisplayName":"Celestial2022.Tests.Controllers.EditorControllerTests.EditArticle_ShouldEditArticle","Messages":[],"ComputerName":"LAPTOP-1CCB8K16","Duration":"00:00:00.0086398","StartTime":"2022-12-18T03:03:10.36649+00:00","EndTime":"2022-12-18T03:03:10.36649+00:00","Properties":[]},{"TestCase":{"Id":"57267fe0-31ad-bc80-3f52-469bfe9bf370","FullyQualifiedName":"Celestial2022.Tests.Controllers.UserControllerTests.EditProfile_ShouldCorrectlyEditUserProfile","DisplayName":"Celestial2022.Tests.Controllers.UserControllerTests.EditProfile_ShouldCorrectlyEditUserProfile","ExecutorUri":"executor://xunit/VsTestRunner2/netcoreapp","Source":"C:\\Users\\User\\Desktop\\projects\\Celestial2022\\Celestial2022.Tests\\bin\\Debug\\net6.0\\fine-code-coverage\\build-output\\Celestial2022.Tests.dll","CodeFilePath":null,"LineNumber":0,"Properties":[]},"Attachments":[],"Outcome":1,"ErrorMessage":null,"ErrorStackTrace":null,"DisplayName":"Celestial2022.Tests.Controllers.UserControllerTests.EditProfile_ShouldCorrectlyEditUserProfile","Messages":[],"ComputerName":"LAPTOP-1CCB8K16","Duration":"00:00:00.5536850","StartTime":"2022-12-18T03:03:10.3680247+00:00","EndTime":"2022-12-18T03:03:10.3680248+00:00","Properties":[]},{"TestCase":{"Id":"0b514cac-11d1-64eb-2944-0b4493448a07","FullyQualifiedName":"Celestial2022.Tests.Controllers.EditorControllerTests.GetArticle_WithCorrectId_ShouldReturnArticle","DisplayName":"Celestial2022.Tests.Controllers.EditorControllerTests.GetArticle_WithCorrectId_ShouldReturnArticle","ExecutorUri":"executor://xunit/VsTestRunner2/netcoreapp","Source":"C:\\Users\\User\\Desktop\\projects\\Celestial2022\\Celestial2022.Tests\\bin\\Debug\\net6.0\\fine-code-coverage\\build-output\\Celestial2022.Tests.dll","CodeFilePath":null,"LineNumber":0,"Properties":[]},"Attachments":[],"Outcome":1,"ErrorMessage":null,"ErrorStackTrace":null,"DisplayName":"Celestial2022.Tests.Controllers.EditorControllerTests.GetArticle_WithCorrectId_ShouldReturnArticle","Messages":[],"ComputerName":"LAPTOP-1CCB8K16","Duration":"00:00:00.0011425","StartTime":"2022-12-18T03:03:10.3691225+00:00","EndTime":"2022-12-18T03:03:10.3691226+00:00","Properties":[]},{"TestCase":{"Id":"270599a1-c252-33d5-88dd-a1aa7c9fdf83","FullyQualifiedName":"Celestial2022.Tests.Controllers.UserControllerTests.AddToLiked_ShouldAddArticleToUserLiked","DisplayName":"Celestial2022.Tests.Controllers.UserControllerTests.AddToLiked_ShouldAddArticleToUserLiked","ExecutorUri":"executor://xunit/VsTestRunner2/netcoreapp","Source":"C:\\Users\\User\\Desktop\\projects\\Celestial2022\\Celestial2022.Tests\\bin\\Debug\\net6.0\\fine-code-coverage\\build-output\\Celestial2022.Tests.dll","CodeFilePath":null,"LineNumber":0,"Properties":[]},"Attachments":[],"Outcome":2,"ErrorMessage":"System.NullReferenceException : Object reference not set to an instance of an object.","ErrorStackTrace":"   at API.Controllers.UsersController.AddToLiked(LikedArticle likedArticle) in C:\\Users\\User\\Desktop\\projects\\Celestial2022\\API\\Controllers\\UsersController.cs:line 21\r\n   at Celestial2022.Tests.Controllers.UserControllerTests.AddToLiked_ShouldAddArticleToUserLiked() in C:\\Users\\User\\Desktop\\projects\\Celestial2022\\Celestial2022.Tests\\Controllers\\UserControllerTests.cs:line 71\r\n--- End of stack trace from previous location ---","DisplayName":"Celestial2022.Tests.Controllers.UserControllerTests.AddToLiked_ShouldAddArticleToUserLiked","Messages":[],"ComputerName":"LAPTOP-1CCB8K16","Duration":"00:00:00.0014411","StartTime":"2022-12-18T03:03:10.3703682+00:00","EndTime":"2022-12-18T03:03:10.3703682+00:00","Properties":[]},{"TestCase":{"Id":"45821c47-ceff-451f-8a08-c5fc7458aa9c","FullyQualifiedName":"Celestial2022.Tests.Repositories.ArticleRepositoryTests.GetArticles_ShouldReturnList","DisplayName":"Celestial2022.Tests.Repositories.ArticleRepositoryTests.GetArticles_ShouldReturnList","ExecutorUri":"executor://xunit/VsTestRunner2/netcoreapp","Source":"C:\\Users\\User\\Desktop\\projects\\Celestial2022\\Celestial2022.Tests\\bin\\Debug\\net6.0\\fine-code-coverage\\build-output\\Celestial2022.Tests.dll","CodeFilePath":null,"LineNumber":0,"Properties":[]},"Attachments":[],"Outcome":1,"ErrorMessage":null,"ErrorStackTrace":null,"DisplayName":"Celestial2022.Tests.Repositories.ArticleRepositoryTests.GetArticles_ShouldReturnList","Messages":[],"ComputerName":"LAPTOP-1CCB8K16","Duration":"00:00:00.0073423","StartTime":"2022-12-18T03:03:10.3716633+00:00","EndTime":"2022-12-18T03:03:10.3716634+00:00","Properties":[]}],"TestRunStatistics":{"ExecutedTests":12,"Stats":{"Passed":10,"Failed":2}},"ActiveTests":[{"Id":"4109be39-5b99-686b-c5d8-6d2f600521d4","FullyQualifiedName":"Celestial2022.Tests.Repositories.EditorRepositoryTests.GetUserArticles_ShouldReturnUserArticles","DisplayName":"Celestial2022.Tests.Repositories.EditorRepositoryTests.GetUserArticles_ShouldReturnUserArticles","ExecutorUri":"executor://xunit/VsTestRunner2/netcoreapp","Source":"C:\\Users\\User\\Desktop\\projects\\Celestial2022\\Celestial2022.Tests\\bin\\Debug\\net6.0\\fine-code-coverage\\build-output\\Celestial2022.Tests.dll","CodeFilePath":null,"LineNumber":0,"Properties":[]},{"Id":"17ac625d-5208-63da-4099-2c7a32284937","FullyQualifiedName":"Celestial2022.Tests.Controllers.UserControllerTests.GetUser_WithValidId_ShouldReturnUser","DisplayName":"Celestial2022.Tests.Controllers.UserControllerTests.GetUser_WithValidId_ShouldReturnUser","ExecutorUri":"executor://xunit/VsTestRunner2/netcoreapp","Source":"C:\\Users\\User\\Desktop\\projects\\Celestial2022\\Celestial2022.Tests\\bin\\Debug\\net6.0\\fine-code-coverage\\build-output\\Celestial2022.Tests.dll","CodeFilePath":null,"LineNumber":0,"Properties":[]},{"Id":"c4c226fa-d0ea-c846-cd2b-0d9b4ea305b4","FullyQualifiedName":"Celestial2022.Tests.Repositories.ArticleRepositoryTests.GetArticle_WithValidId_ShouldReturnArticle","DisplayName":"Celestial2022.Tests.Repositories.ArticleRepositoryTests.GetArticle_WithValidId_ShouldReturnArticle","ExecutorUri":"executor://xunit/VsTestRunner2/netcoreapp","Source":"C:\\Users\\User\\Desktop\\projects\\Celestial2022\\Celestial2022.Tests\\bin\\Debug\\net6.0\\fine-code-coverage\\build-output\\Celestial2022.Tests.dll","CodeFilePath":null,"LineNumber":0,"Properties":[]}]}}
TpTrace Verbose: 0 : 24540, 14, 2022/12/18, 05:03:10.381, 431152457869, vstest.console.dll, TestRunRequest:SendTestRunStatsChange: Starting.
TpTrace Verbose: 0 : 24540, 14, 2022/12/18, 05:03:10.381, 431152458274, vstest.console.dll, InProgress is Celestial2022.Tests.Repositories.EditorRepositoryTests.GetUserArticles_ShouldReturnUserArticles
TpTrace Verbose: 0 : 24540, 14, 2022/12/18, 05:03:10.381, 431152458441, vstest.console.dll, InProgress is Celestial2022.Tests.Controllers.UserControllerTests.GetUser_WithValidId_ShouldReturnUser
TpTrace Verbose: 0 : 24540, 14, 2022/12/18, 05:03:10.381, 431152458607, vstest.console.dll, InProgress is Celestial2022.Tests.Repositories.ArticleRepositoryTests.GetArticle_WithValidId_ShouldReturnArticle
TpTrace Verbose: 0 : 24540, 14, 2022/12/18, 05:03:10.381, 431152459342, vstest.console.dll, MulticastDelegateUtilities.SafeInvoke: TestRun.RunStatsChanged: Invoking callbacks was skipped because there are no subscribers.
TpTrace Information: 0 : 24540, 14, 2022/12/18, 05:03:10.381, 431152459529, vstest.console.dll, TestRunRequest:SendTestRunStatsChange: Completed.
TpTrace Verbose: 0 : 24540, 14, 2022/12/18, 05:03:10.381, 431152459671, vstest.console.dll, MulticastDelegateUtilities.SafeInvoke: LengthPrefixCommunicationChannel: MessageReceived: Invoking callback 1/1 for Microsoft.VisualStudio.TestPlatform.CommunicationUtilities.TestRequestSender+<>c__DisplayClass31_0., took 0 ms.
TpTrace Verbose: 0 : 24540, 14, 2022/12/18, 05:03:10.381, 431152459851, vstest.console.dll, TcpClientExtensions.MessageLoopAsync: Polling on remoteEndPoint: 127.0.0.1:63572 localEndPoint: 127.0.0.1:63571
TpTrace Verbose: 0 : 24540, 14, 2022/12/18, 05:03:10.381, 431152460064, vstest.console.dll, TcpClientExtensions.MessageLoopAsync: NotifyDataAvailable remoteEndPoint: 127.0.0.1:63572 localEndPoint: 127.0.0.1:63571
TpTrace Verbose: 0 : 24540, 14, 2022/12/18, 05:03:10.382, 431152461260, vstest.console.dll, TestRequestSender.OnExecutionMessageReceived: Received message: {"Version":7,"MessageType":"TestExecution.StatsChange","Payload":{"NewTestResults":[{"TestCase":{"Id":"c4c226fa-d0ea-c846-cd2b-0d9b4ea305b4","FullyQualifiedName":"Celestial2022.Tests.Repositories.ArticleRepositoryTests.GetArticle_WithValidId_ShouldReturnArticle","DisplayName":"Celestial2022.Tests.Repositories.ArticleRepositoryTests.GetArticle_WithValidId_ShouldReturnArticle","ExecutorUri":"executor://xunit/VsTestRunner2/netcoreapp","Source":"C:\\Users\\User\\Desktop\\projects\\Celestial2022\\Celestial2022.Tests\\bin\\Debug\\net6.0\\fine-code-coverage\\build-output\\Celestial2022.Tests.dll","CodeFilePath":null,"LineNumber":0,"Properties":[]},"Attachments":[],"Outcome":1,"ErrorMessage":null,"ErrorStackTrace":null,"DisplayName":"Celestial2022.Tests.Repositories.ArticleRepositoryTests.GetArticle_WithValidId_ShouldReturnArticle","Messages":[],"ComputerName":"LAPTOP-1CCB8K16","Duration":"00:00:00.0007885","StartTime":"2022-12-18T03:03:10.3734668+00:00","EndTime":"2022-12-18T03:03:10.3734668+00:00","Properties":[]},{"TestCase":{"Id":"17ac625d-5208-63da-4099-2c7a32284937","FullyQualifiedName":"Celestial2022.Tests.Controllers.UserControllerTests.GetUser_WithValidId_ShouldReturnUser","DisplayName":"Celestial2022.Tests.Controllers.UserControllerTests.GetUser_WithValidId_ShouldReturnUser","ExecutorUri":"executor://xunit/VsTestRunner2/netcoreapp","Source":"C:\\Users\\User\\Desktop\\projects\\Celestial2022\\Celestial2022.Tests\\bin\\Debug\\net6.0\\fine-code-coverage\\build-output\\Celestial2022.Tests.dll","CodeFilePath":null,"LineNumber":0,"Properties":[]},"Attachments":[],"Outcome":1,"ErrorMessage":null,"ErrorStackTrace":null,"DisplayName":"Celestial2022.Tests.Controllers.UserControllerTests.GetUser_WithValidId_ShouldReturnUser","Messages":[],"ComputerName":"LAPTOP-1CCB8K16","Duration":"00:00:00.0011940","StartTime":"2022-12-18T03:03:10.3740501+00:00","EndTime":"2022-12-18T03:03:10.3740502+00:00","Properties":[]},{"TestCase":{"Id":"bb1adfc1-a87e-7f4d-634d-c0905f6d3441","FullyQualifiedName":"Celestial2022.Tests.Controllers.UserControllerTests.RemoveArticle_WithCorrectId_ShouldRemoveArticle","DisplayName":"Celestial2022.Tests.Controllers.UserControllerTests.RemoveArticle_WithCorrectId_ShouldRemoveArticle","ExecutorUri":"executor://xunit/VsTestRunner2/netcoreapp","Source":"C:\\Users\\User\\Desktop\\projects\\Celestial2022\\Celestial2022.Tests\\bin\\Debug\\net6.0\\fine-code-coverage\\build-output\\Celestial2022.Tests.dll","CodeFilePath":null,"LineNumber":0,"Properties":[]},"Attachments":[],"Outcome":1,"ErrorMessage":null,"ErrorStackTrace":null,"DisplayName":"Celestial2022.Tests.Controllers.UserControllerTests.RemoveArticle_WithCorrectId_ShouldRemoveArticle","Messages":[],"ComputerName":"LAPTOP-1CCB8K16","Duration":"00:00:00.0032983","StartTime":"2022-12-18T03:03:10.3750967+00:00","EndTime":"2022-12-18T03:03:10.3750968+00:00","Properties":[]},{"TestCase":{"Id":"22f26a2d-e6cd-4e32-36f8-f00c5dd678be","FullyQualifiedName":"Celestial2022.Tests.Repositories.UserRepositoryTests.RemoveArticle_WithCorrectId_ShouldRemoveArticle","DisplayName":"Celestial2022.Tests.Repositories.UserRepositoryTests.RemoveArticle_WithCorrectId_ShouldRemoveArticle","ExecutorUri":"executor://xunit/VsTestRunner2/netcoreapp","Source":"C:\\Users\\User\\Desktop\\projects\\Celestial2022\\Celestial2022.Tests\\bin\\Debug\\net6.0\\fine-code-coverage\\build-output\\Celestial2022.Tests.dll","CodeFilePath":null,"LineNumber":0,"Properties":[]},"Attachments":[],"Outcome":1,"ErrorMessage":null,"ErrorStackTrace":null,"DisplayName":"Celestial2022.Tests.Repositories.UserRepositoryTests.RemoveArticle_WithCorrectId_ShouldRemoveArticle","Messages":[],"ComputerName":"LAPTOP-1CCB8K16","Duration":"00:00:00.5574472","StartTime":"2022-12-18T03:03:10.3756005+00:00","EndTime":"2022-12-18T03:03:10.3756006+00:00","Properties":[]},{"TestCase":{"Id":"e31e122d-f44d-1f48-78f1-0693a2f30c4e","FullyQualifiedName":"Celestial2022.Tests.Controllers.UserControllerTests.GetUserLikedArticles_ShouldReturn_UserLikedArticles","DisplayName":"Celestial2022.Tests.Controllers.UserControllerTests.GetUserLikedArticles_ShouldReturn_UserLikedArticles","ExecutorUri":"executor://xunit/VsTestRunner2/netcoreapp","Source":"C:\\Users\\User\\Desktop\\projects\\Celestial2022\\Celestial2022.Tests\\bin\\Debug\\net6.0\\fine-code-coverage\\build-output\\Celestial2022.Tests.dll","CodeFilePath":null,"LineNumber":0,"Properties":[]},"Attachments":[],"Outcome":1,"ErrorMessage":null,"ErrorStackTrace":null,"DisplayName":"Celestial2022.Tests.Controllers.UserControllerTests.GetUserLikedArticles_ShouldReturn_UserLikedArticles","Messages":[],"ComputerName":"LAPTOP-1CCB8K16","Duration":"00:00:00.0011959","StartTime":"2022-12-18T03:03:10.3771072+00:00","EndTime":"2022-12-18T03:03:10.3771073+00:00","Properties":[]},{"TestCase":{"Id":"4109be39-5b99-686b-c5d8-6d2f600521d4","FullyQualifiedName":"Celestial2022.Tests.Repositories.EditorRepositoryTests.GetUserArticles_ShouldReturnUserArticles","DisplayName":"Celestial2022.Tests.Repositories.EditorRepositoryTests.GetUserArticles_ShouldReturnUserArticles","ExecutorUri":"executor://xunit/VsTestRunner2/netcoreapp","Source":"C:\\Users\\User\\Desktop\\projects\\Celestial2022\\Celestial2022.Tests\\bin\\Debug\\net6.0\\fine-code-coverage\\build-output\\Celestial2022.Tests.dll","CodeFilePath":null,"LineNumber":0,"Properties":[]},"Attachments":[],"Outcome":1,"ErrorMessage":null,"ErrorStackTrace":null,"DisplayName":"Celestial2022.Tests.Repositories.EditorRepositoryTests.GetUserArticles_ShouldReturnUserArticles","Messages":[],"ComputerName":"LAPTOP-1CCB8K16","Duration":"00:00:00.0124301","StartTime":"2022-12-18T03:03:10.3776539+00:00","EndTime":"2022-12-18T03:03:10.377654+00:00","Properties":[]},{"TestCase":{"Id":"39fb9a0f-c9cc-7137-0edc-983a478e1aa5","FullyQualifiedName":"Celestial2022.Tests.Repositories.UserRepositoryTests.GetUser_WithValidId_ShouldReturnUser","DisplayName":"Celestial2022.Tests.Repositories.UserRepositoryTests.GetUser_WithValidId_ShouldReturnUser","ExecutorUri":"executor://xunit/VsTestRunner2/netcoreapp","Source":"C:\\Users\\User\\Desktop\\projects\\Celestial2022\\Celestial2022.Tests\\bin\\Debug\\net6.0\\fine-code-coverage\\build-output\\Celestial2022.Tests.dll","CodeFilePath":null,"LineNumber":0,"Properties":[]},"Attachments":[],"Outcome":1,"ErrorMessage":null,"ErrorStackTrace":null,"DisplayName":"Celestial2022.Tests.Repositories.UserRepositoryTests.GetUser_WithValidId_ShouldReturnUser","Messages":[],"ComputerName":"LAPTOP-1CCB8K16","Duration":"00:00:00.0062566","StartTime":"2022-12-18T03:03:10.3786888+00:00","EndTime":"2022-12-18T03:03:10.3786889+00:00","Properties":[]},{"TestCase":{"Id":"2c10cded-43b1-e42f-39c8-449a4f012a91","FullyQualifiedName":"Celestial2022.Tests.Repositories.EditorRepositoryTests.DeleteArticle_ShouldDeleteArticle","DisplayName":"Celestial2022.Tests.Repositories.EditorRepositoryTests.DeleteArticle_ShouldDeleteArticle","ExecutorUri":"executor://xunit/VsTestRunner2/netcoreapp","Source":"C:\\Users\\User\\Desktop\\projects\\Celestial2022\\Celestial2022.Tests\\bin\\Debug\\net6.0\\fine-code-coverage\\build-output\\Celestial2022.Tests.dll","CodeFilePath":null,"LineNumber":0,"Properties":[]},"Attachments":[],"Outcome":1,"ErrorMessage":null,"ErrorStackTrace":null,"DisplayName":"Celestial2022.Tests.Repositories.EditorRepositoryTests.DeleteArticle_ShouldDeleteArticle","Messages":[],"ComputerName":"LAPTOP-1CCB8K16","Duration":"00:00:00.0081672","StartTime":"2022-12-18T03:03:10.3797506+00:00","EndTime":"2022-12-18T03:03:10.3797506+00:00","Properties":[]}],"TestRunStatistics":{"ExecutedTests":20,"Stats":{"Passed":18,"Failed":2}},"ActiveTests":[{"Id":"92432524-77f4-3b71-a4c5-78434726228e","FullyQualifiedName":"Celestial2022.Tests.Repositories.UserRepositoryTests.GetUserLikedArticles_ShouldReturn_UserLikedArticles","DisplayName":"Celestial2022.Tests.Repositories.UserRepositoryTests.GetUserLikedArticles_ShouldReturn_UserLikedArticles","ExecutorUri":"executor://xunit/VsTestRunner2/netcoreapp","Source":"C:\\Users\\User\\Desktop\\projects\\Celestial2022\\Celestial2022.Tests\\bin\\Debug\\net6.0\\fine-code-coverage\\build-output\\Celestial2022.Tests.dll","CodeFilePath":null,"LineNumber":0,"Properties":[]},{"Id":"f018e98b-4975-f0e4-856c-f6776e7d1a94","FullyQualifiedName":"Celestial2022.Tests.Repositories.EditorRepositoryTests.GetArticle_WithCorrectId_ShouldReturnArticle","DisplayName":"Celestial2022.Tests.Repositories.EditorRepositoryTests.GetArticle_WithCorrectId_ShouldReturnArticle","ExecutorUri":"executor://xunit/VsTestRunner2/netcoreapp","Source":"C:\\Users\\User\\Desktop\\projects\\Celestial2022\\Celestial2022.Tests\\bin\\Debug\\net6.0\\fine-code-coverage\\build-output\\Celestial2022.Tests.dll","CodeFilePath":null,"LineNumber":0,"Properties":[]}]}}
TpTrace Verbose: 0 : 24540, 14, 2022/12/18, 05:03:10.382, 431152464638, vstest.console.dll, TestRunRequest:SendTestRunStatsChange: Starting.
TpTrace Verbose: 0 : 24540, 14, 2022/12/18, 05:03:10.382, 431152464935, vstest.console.dll, InProgress is Celestial2022.Tests.Repositories.UserRepositoryTests.GetUserLikedArticles_ShouldReturn_UserLikedArticles
TpTrace Verbose: 0 : 24540, 14, 2022/12/18, 05:03:10.382, 431152465131, vstest.console.dll, InProgress is Celestial2022.Tests.Repositories.EditorRepositoryTests.GetArticle_WithCorrectId_ShouldReturnArticle
TpTrace Verbose: 0 : 24540, 14, 2022/12/18, 05:03:10.382, 431152465378, vstest.console.dll, MulticastDelegateUtilities.SafeInvoke: TestRun.RunStatsChanged: Invoking callbacks was skipped because there are no subscribers.
TpTrace Information: 0 : 24540, 14, 2022/12/18, 05:03:10.382, 431152465512, vstest.console.dll, TestRunRequest:SendTestRunStatsChange: Completed.
TpTrace Verbose: 0 : 24540, 14, 2022/12/18, 05:03:10.382, 431152465645, vstest.console.dll, MulticastDelegateUtilities.SafeInvoke: LengthPrefixCommunicationChannel: MessageReceived: Invoking callback 1/1 for Microsoft.VisualStudio.TestPlatform.CommunicationUtilities.TestRequestSender+<>c__DisplayClass31_0., took 0 ms.
TpTrace Verbose: 0 : 24540, 14, 2022/12/18, 05:03:10.382, 431152465813, vstest.console.dll, TcpClientExtensions.MessageLoopAsync: Polling on remoteEndPoint: 127.0.0.1:63572 localEndPoint: 127.0.0.1:63571
TpTrace Verbose: 0 : 24540, 4, 2022/12/18, 05:03:10.382, 431152466409, vstest.console.dll, MulticastDelegateUtilities.SafeInvoke: InternalTestLoggerEvents.SendTestResult: Invoking callback 1/1 for Microsoft.VisualStudio.TestPlatform.CommandLine.Internal.ConsoleLogger., took 2 ms.
TpTrace Verbose: 0 : 24540, 4, 2022/12/18, 05:03:10.382, 431152468173, vstest.console.dll, MulticastDelegateUtilities.SafeInvoke: InternalTestLoggerEvents.SendTestResult: Invoking callback 1/1 for Microsoft.VisualStudio.TestPlatform.CommandLine.Internal.ConsoleLogger., took 0 ms.
TpTrace Verbose: 0 : 24540, 4, 2022/12/18, 05:03:10.382, 431152468554, vstest.console.dll, MulticastDelegateUtilities.SafeInvoke: InternalTestLoggerEvents.SendTestResult: Invoking callback 1/1 for Microsoft.VisualStudio.TestPlatform.CommandLine.Internal.ConsoleLogger., took 0 ms.
TpTrace Verbose: 0 : 24540, 4, 2022/12/18, 05:03:10.383, 431152472616, vstest.console.dll, MulticastDelegateUtilities.SafeInvoke: InternalTestLoggerEvents.SendTestResult: Invoking callback 1/1 for Microsoft.VisualStudio.TestPlatform.CommandLine.Internal.ConsoleLogger., took 0 ms.
TpTrace Verbose: 0 : 24540, 4, 2022/12/18, 05:03:10.383, 431152478142, vstest.console.dll, MulticastDelegateUtilities.SafeInvoke: InternalTestLoggerEvents.SendTestResult: Invoking callback 1/1 for Microsoft.VisualStudio.TestPlatform.CommandLine.Internal.ConsoleLogger., took 0 ms.
TpTrace Verbose: 0 : 24540, 4, 2022/12/18, 05:03:10.383, 431152478824, vstest.console.dll, MulticastDelegateUtilities.SafeInvoke: InternalTestLoggerEvents.SendTestRunMessage: Invoking callback 1/1 for Microsoft.VisualStudio.TestPlatform.CommandLine.Internal.ConsoleLogger., took 0 ms.
TpTrace Verbose: 0 : 24540, 4, 2022/12/18, 05:03:10.383, 431152479044, vstest.console.dll, MulticastDelegateUtilities.SafeInvoke: InternalTestLoggerEvents.SendTestRunMessage: Invoking callback 1/1 for Microsoft.VisualStudio.TestPlatform.CommandLine.Internal.ConsoleLogger., took 0 ms.
TpTrace Verbose: 0 : 24540, 4, 2022/12/18, 05:03:10.383, 431152479618, vstest.console.dll, MulticastDelegateUtilities.SafeInvoke: InternalTestLoggerEvents.SendTestRunMessage: Invoking callback 1/1 for Microsoft.VisualStudio.TestPlatform.CommandLine.Internal.ConsoleLogger., took 0 ms.
TpTrace Verbose: 0 : 24540, 4, 2022/12/18, 05:03:10.383, 431152479937, vstest.console.dll, MulticastDelegateUtilities.SafeInvoke: InternalTestLoggerEvents.SendTestRunMessage: Invoking callback 1/1 for Microsoft.VisualStudio.TestPlatform.CommandLine.Internal.ConsoleLogger., took 0 ms.
TpTrace Verbose: 0 : 24540, 4, 2022/12/18, 05:03:10.383, 431152480110, vstest.console.dll, MulticastDelegateUtilities.SafeInvoke: InternalTestLoggerEvents.SendTestRunMessage: Invoking callback 1/1 for Microsoft.VisualStudio.TestPlatform.CommandLine.Internal.ConsoleLogger., took 0 ms.
TpTrace Verbose: 0 : 24540, 4, 2022/12/18, 05:03:10.383, 431152480267, vstest.console.dll, MulticastDelegateUtilities.SafeInvoke: InternalTestLoggerEvents.SendTestRunMessage: Invoking callback 1/1 for Microsoft.VisualStudio.TestPlatform.CommandLine.Internal.ConsoleLogger., took 0 ms.
TpTrace Verbose: 0 : 24540, 4, 2022/12/18, 05:03:10.384, 431152480530, vstest.console.dll, MulticastDelegateUtilities.SafeInvoke: InternalTestLoggerEvents.SendTestResult: Invoking callback 1/1 for Microsoft.VisualStudio.TestPlatform.CommandLine.Internal.ConsoleLogger., took 0 ms.
TpTrace Verbose: 0 : 24540, 4, 2022/12/18, 05:03:10.384, 431152480717, vstest.console.dll, MulticastDelegateUtilities.SafeInvoke: InternalTestLoggerEvents.SendTestResult: Invoking callback 1/1 for Microsoft.VisualStudio.TestPlatform.CommandLine.Internal.ConsoleLogger., took 0 ms.
TpTrace Verbose: 0 : 24540, 4, 2022/12/18, 05:03:10.384, 431152480896, vstest.console.dll, MulticastDelegateUtilities.SafeInvoke: InternalTestLoggerEvents.SendTestResult: Invoking callback 1/1 for Microsoft.VisualStudio.TestPlatform.CommandLine.Internal.ConsoleLogger., took 0 ms.
TpTrace Verbose: 0 : 24540, 4, 2022/12/18, 05:03:10.384, 431152481099, vstest.console.dll, MulticastDelegateUtilities.SafeInvoke: InternalTestLoggerEvents.SendTestResult: Invoking callback 1/1 for Microsoft.VisualStudio.TestPlatform.CommandLine.Internal.ConsoleLogger., took 0 ms.
TpTrace Verbose: 0 : 24540, 4, 2022/12/18, 05:03:10.384, 431152481269, vstest.console.dll, MulticastDelegateUtilities.SafeInvoke: InternalTestLoggerEvents.SendTestResult: Invoking callback 1/1 for Microsoft.VisualStudio.TestPlatform.CommandLine.Internal.ConsoleLogger., took 0 ms.
TpTrace Verbose: 0 : 24540, 4, 2022/12/18, 05:03:10.384, 431152482346, vstest.console.dll, MulticastDelegateUtilities.SafeInvoke: InternalTestLoggerEvents.SendTestResult: Invoking callback 1/1 for Microsoft.VisualStudio.TestPlatform.CommandLine.Internal.ConsoleLogger., took 0 ms.
TpTrace Verbose: 0 : 24540, 4, 2022/12/18, 05:03:10.384, 431152482658, vstest.console.dll, MulticastDelegateUtilities.SafeInvoke: InternalTestLoggerEvents.SendTestResult: Invoking callback 1/1 for Microsoft.VisualStudio.TestPlatform.CommandLine.Internal.ConsoleLogger., took 0 ms.
TpTrace Verbose: 0 : 24540, 4, 2022/12/18, 05:03:10.384, 431152482991, vstest.console.dll, MulticastDelegateUtilities.SafeInvoke: InternalTestLoggerEvents.SendTestResult: Invoking callback 1/1 for Microsoft.VisualStudio.TestPlatform.CommandLine.Internal.ConsoleLogger., took 0 ms.
TpTrace Verbose: 0 : 24540, 4, 2022/12/18, 05:03:10.384, 431152483185, vstest.console.dll, MulticastDelegateUtilities.SafeInvoke: InternalTestLoggerEvents.SendTestResult: Invoking callback 1/1 for Microsoft.VisualStudio.TestPlatform.CommandLine.Internal.ConsoleLogger., took 0 ms.
TpTrace Verbose: 0 : 24540, 4, 2022/12/18, 05:03:10.384, 431152483452, vstest.console.dll, MulticastDelegateUtilities.SafeInvoke: InternalTestLoggerEvents.SendTestResult: Invoking callback 1/1 for Microsoft.VisualStudio.TestPlatform.CommandLine.Internal.ConsoleLogger., took 0 ms.
TpTrace Verbose: 0 : 24540, 4, 2022/12/18, 05:03:10.384, 431152483915, vstest.console.dll, MulticastDelegateUtilities.SafeInvoke: InternalTestLoggerEvents.SendTestResult: Invoking callback 1/1 for Microsoft.VisualStudio.TestPlatform.CommandLine.Internal.ConsoleLogger., took 0 ms.
TpTrace Verbose: 0 : 24540, 4, 2022/12/18, 05:03:10.384, 431152484135, vstest.console.dll, MulticastDelegateUtilities.SafeInvoke: InternalTestLoggerEvents.SendTestResult: Invoking callback 1/1 for Microsoft.VisualStudio.TestPlatform.CommandLine.Internal.ConsoleLogger., took 0 ms.
TpTrace Verbose: 0 : 24540, 4, 2022/12/18, 05:03:10.384, 431152484437, vstest.console.dll, MulticastDelegateUtilities.SafeInvoke: InternalTestLoggerEvents.SendTestResult: Invoking callback 1/1 for Microsoft.VisualStudio.TestPlatform.CommandLine.Internal.ConsoleLogger., took 0 ms.
TpTrace Verbose: 0 : 24540, 4, 2022/12/18, 05:03:10.384, 431152484635, vstest.console.dll, MulticastDelegateUtilities.SafeInvoke: InternalTestLoggerEvents.SendTestResult: Invoking callback 1/1 for Microsoft.VisualStudio.TestPlatform.CommandLine.Internal.ConsoleLogger., took 0 ms.
TpTrace Verbose: 0 : 24540, 4, 2022/12/18, 05:03:10.384, 431152484838, vstest.console.dll, MulticastDelegateUtilities.SafeInvoke: InternalTestLoggerEvents.SendTestResult: Invoking callback 1/1 for Microsoft.VisualStudio.TestPlatform.CommandLine.Internal.ConsoleLogger., took 0 ms.
TpTrace Verbose: 0 : 24540, 14, 2022/12/18, 05:03:10.419, 431152834933, vstest.console.dll, TcpClientExtensions.MessageLoopAsync: NotifyDataAvailable remoteEndPoint: 127.0.0.1:63572 localEndPoint: 127.0.0.1:63571
TpTrace Verbose: 0 : 24540, 14, 2022/12/18, 05:03:10.419, 431152836988, vstest.console.dll, TestRequestSender.OnExecutionMessageReceived: Received message: {"Version":7,"MessageType":"TestSession.Message","Payload":{"MessageLevel":0,"Message":"[xUnit.net 00:00:01.23]   Finished:    Celestial2022.Tests"}}
TpTrace Verbose: 0 : 24540, 14, 2022/12/18, 05:03:10.419, 431152838111, vstest.console.dll, TestRunRequest:SendTestRunMessage: Starting.
TpTrace Verbose: 0 : 24540, 14, 2022/12/18, 05:03:10.419, 431152838601, vstest.console.dll, MulticastDelegateUtilities.SafeInvoke: TestRun.LogMessages: Invoking callback 1/1 for Microsoft.VisualStudio.TestPlatform.CommandLine.TestRunResultAggregator., took 0 ms.
TpTrace Verbose: 0 : 24540, 4, 2022/12/18, 05:03:10.419, 431152838712, vstest.console.dll, MulticastDelegateUtilities.SafeInvoke: InternalTestLoggerEvents.SendTestRunMessage: Invoking callback 1/1 for Microsoft.VisualStudio.TestPlatform.CommandLine.Internal.ConsoleLogger., took 0 ms.
TpTrace Information: 0 : 24540, 14, 2022/12/18, 05:03:10.419, 431152838828, vstest.console.dll, TestRunRequest:SendTestRunMessage: Completed.
TpTrace Verbose: 0 : 24540, 14, 2022/12/18, 05:03:10.419, 431152839294, vstest.console.dll, MulticastDelegateUtilities.SafeInvoke: LengthPrefixCommunicationChannel: MessageReceived: Invoking callback 1/1 for Microsoft.VisualStudio.TestPlatform.CommunicationUtilities.TestRequestSender+<>c__DisplayClass31_0., took 0 ms.
TpTrace Verbose: 0 : 24540, 14, 2022/12/18, 05:03:10.419, 431152839500, vstest.console.dll, TcpClientExtensions.MessageLoopAsync: Polling on remoteEndPoint: 127.0.0.1:63572 localEndPoint: 127.0.0.1:63571
TpTrace Verbose: 0 : 24540, 14, 2022/12/18, 05:03:10.435, 431152992681, vstest.console.dll, TcpClientExtensions.MessageLoopAsync: NotifyDataAvailable remoteEndPoint: 127.0.0.1:63572 localEndPoint: 127.0.0.1:63571
TpTrace Verbose: 0 : 24540, 14, 2022/12/18, 05:03:10.435, 431152994499, vstest.console.dll, TestRequestSender.OnExecutionMessageReceived: Received message: {"Version":7,"MessageType":"TestExecution.Completed","Payload":{"TestRunCompleteArgs":{"TestRunStatistics":{"ExecutedTests":26,"Stats":{"Passed":24,"Failed":2}},"IsCanceled":false,"IsAborted":false,"Error":null,"AttachmentSets":[],"InvokedDataCollectors":[],"ElapsedTimeInRunningTests":"00:00:01.2397701","Metrics":{},"DiscoveredExtensions":{"TestDiscoverers":["Xunit.Runner.VisualStudio.VsTestRunner, xunit.runner.visualstudio.dotnetcore.testadapter, Version=2.4.0.0, Culture=neutral, PublicKeyToken=8d05b1bb7a6fdb6c"],"TestExecutors":["executor://xunit/VsTestRunner2/netcoreapp"],"TestExecutors2":[],"TestSettingsProviders":[]}},"LastRunTests":{"NewTestResults":[{"TestCase":{"Id":"f018e98b-4975-f0e4-856c-f6776e7d1a94","FullyQualifiedName":"Celestial2022.Tests.Repositories.EditorRepositoryTests.GetArticle_WithCorrectId_ShouldReturnArticle","DisplayName":"Celestial2022.Tests.Repositories.EditorRepositoryTests.GetArticle_WithCorrectId_ShouldReturnArticle","ExecutorUri":"executor://xunit/VsTestRunner2/netcoreapp","Source":"C:\\Users\\User\\Desktop\\projects\\Celestial2022\\Celestial2022.Tests\\bin\\Debug\\net6.0\\fine-code-coverage\\build-output\\Celestial2022.Tests.dll","CodeFilePath":null,"LineNumber":0,"Properties":[]},"Attachments":[],"Outcome":1,"ErrorMessage":null,"ErrorStackTrace":null,"DisplayName":"Celestial2022.Tests.Repositories.EditorRepositoryTests.GetArticle_WithCorrectId_ShouldReturnArticle","Messages":[],"ComputerName":"LAPTOP-1CCB8K16","Duration":"00:00:00.0010048","StartTime":"2022-12-18T03:03:10.381202+00:00","EndTime":"2022-12-18T03:03:10.381202+00:00","Properties":[]},{"TestCase":{"Id":"89121d97-bd5a-83b6-b7cb-5f782a8b7cd6","FullyQualifiedName":"Celestial2022.Tests.Repositories.EditorRepositoryTests.PostArticle_ShouldPostArticle","DisplayName":"Celestial2022.Tests.Repositories.EditorRepositoryTests.PostArticle_ShouldPostArticle","ExecutorUri":"executor://xunit/VsTestRunner2/netcoreapp","Source":"C:\\Users\\User\\Desktop\\projects\\Celestial2022\\Celestial2022.Tests\\bin\\Debug\\net6.0\\fine-code-coverage\\build-output\\Celestial2022.Tests.dll","CodeFilePath":null,"LineNumber":0,"Properties":[]},"Attachments":[],"Outcome":1,"ErrorMessage":null,"ErrorStackTrace":null,"DisplayName":"Celestial2022.Tests.Repositories.EditorRepositoryTests.PostArticle_ShouldPostArticle","Messages":[],"ComputerName":"LAPTOP-1CCB8K16","Duration":"00:00:00.0089111","StartTime":"2022-12-18T03:03:10.3822925+00:00","EndTime":"2022-12-18T03:03:10.3822926+00:00","Properties":[]},{"TestCase":{"Id":"92432524-77f4-3b71-a4c5-78434726228e","FullyQualifiedName":"Celestial2022.Tests.Repositories.UserRepositoryTests.GetUserLikedArticles_ShouldReturn_UserLikedArticles","DisplayName":"Celestial2022.Tests.Repositories.UserRepositoryTests.GetUserLikedArticles_ShouldReturn_UserLikedArticles","ExecutorUri":"executor://xunit/VsTestRunner2/netcoreapp","Source":"C:\\Users\\User\\Desktop\\projects\\Celestial2022\\Celestial2022.Tests\\bin\\Debug\\net6.0\\fine-code-coverage\\build-output\\Celestial2022.Tests.dll","CodeFilePath":null,"LineNumber":0,"Properties":[]},"Attachments":[],"Outcome":1,"ErrorMessage":null,"ErrorStackTrace":null,"DisplayName":"Celestial2022.Tests.Repositories.UserRepositoryTests.GetUserLikedArticles_ShouldReturn_UserLikedArticles","Messages":[],"ComputerName":"LAPTOP-1CCB8K16","Duration":"00:00:00.0313313","StartTime":"2022-12-18T03:03:10.3900017+00:00","EndTime":"2022-12-18T03:03:10.3900018+00:00","Properties":[]},{"TestCase":{"Id":"78a5bf30-835e-88db-1ed7-53cb24511f27","FullyQualifiedName":"Celestial2022.Tests.Repositories.UserRepositoryTests.AddToLiked_ShouldAddArticleToUserLiked","DisplayName":"Celestial2022.Tests.Repositories.UserRepositoryTests.AddToLiked_ShouldAddArticleToUserLiked","ExecutorUri":"executor://xunit/VsTestRunner2/netcoreapp","Source":"C:\\Users\\User\\Desktop\\projects\\Celestial2022\\Celestial2022.Tests\\bin\\Debug\\net6.0\\fine-code-coverage\\build-output\\Celestial2022.Tests.dll","CodeFilePath":null,"LineNumber":0,"Properties":[]},"Attachments":[],"Outcome":1,"ErrorMessage":null,"ErrorStackTrace":null,"DisplayName":"Celestial2022.Tests.Repositories.UserRepositoryTests.AddToLiked_ShouldAddArticleToUserLiked","Messages":[],"ComputerName":"LAPTOP-1CCB8K16","Duration":"00:00:00.0252706","StartTime":"2022-12-18T03:03:10.4153547+00:00","EndTime":"2022-12-18T03:03:10.4153548+00:00","Properties":[]},{"TestCase":{"Id":"f5daf8d7-9af7-b451-541a-32f238e9cfd9","FullyQualifiedName":"Celestial2022.Tests.Repositories.UserRepositoryTests.EditProfile_ShouldCorrectlyEditUserProfile","DisplayName":"Celestial2022.Tests.Repositories.UserRepositoryTests.EditProfile_ShouldCorrectlyEditUserProfile","ExecutorUri":"executor://xunit/VsTestRunner2/netcoreapp","Source":"C:\\Users\\User\\Desktop\\projects\\Celestial2022\\Celestial2022.Tests\\bin\\Debug\\net6.0\\fine-code-coverage\\build-output\\Celestial2022.Tests.dll","CodeFilePath":null,"LineNumber":0,"Properties":[]},"Attachments":[],"Outcome":1,"ErrorMessage":null,"ErrorStackTrace":null,"DisplayName":"Celestial2022.Tests.Repositories.UserRepositoryTests.EditProfile_ShouldCorrectlyEditUserProfile","Messages":[],"ComputerName":"LAPTOP-1CCB8K16","Duration":"00:00:00.0013865","StartTime":"2022-12-18T03:03:10.4170843+00:00","EndTime":"2022-12-18T03:03:10.4170843+00:00","Properties":[]},{"TestCase":{"Id":"5f17378e-9221-528f-c2b3-a7c0f29d109b","FullyQualifiedName":"Celestial2022.Tests.Repositories.UserRepositoryTests.GetUser_WithInvalidId_ShouldReturnNull","DisplayName":"Celestial2022.Tests.Repositories.UserRepositoryTests.GetUser_WithInvalidId_ShouldReturnNull","ExecutorUri":"executor://xunit/VsTestRunner2/netcoreapp","Source":"C:\\Users\\User\\Desktop\\projects\\Celestial2022\\Celestial2022.Tests\\bin\\Debug\\net6.0\\fine-code-coverage\\build-output\\Celestial2022.Tests.dll","CodeFilePath":null,"LineNumber":0,"Properties":[]},"Attachments":[],"Outcome":1,"ErrorMessage":null,"ErrorStackTrace":null,"DisplayName":"Celestial2022.Tests.Repositories.UserRepositoryTests.GetUser_WithInvalidId_ShouldReturnNull","Messages":[],"ComputerName":"LAPTOP-1CCB8K16","Duration":"00:00:00.0008103","StartTime":"2022-12-18T03:03:10.4180633+00:00","EndTime":"2022-12-18T03:03:10.4180634+00:00","Properties":[]}],"TestRunStatistics":{"ExecutedTests":26,"Stats":{"Passed":24,"Failed":2}},"ActiveTests":[]},"RunAttachments":[],"ExecutorUris":["executor://xunit/VsTestRunner2/netcoreapp"]}}
TpTrace Verbose: 0 : 24540, 14, 2022/12/18, 05:03:10.435, 431152996259, vstest.console.dll, TestRequestSender.EndSession: Sending end session.
TpTrace Verbose: 0 : 24540, 14, 2022/12/18, 05:03:10.435, 431152997707, vstest.console.dll, ProxyOperationManager.Close: waiting for test host to exit for 100 ms
TpTrace Warning: 0 : 24540, 12, 2022/12/18, 05:03:10.451, 431153153378, vstest.console.dll, TestHostManagerCallbacks.ErrorReceivedCallback Test host standard error line: 
TpTrace Verbose: 0 : 24540, 12, 2022/12/18, 05:03:10.463, 431153279135, vstest.console.dll, TestHostProvider.ExitCallBack: Host exited starting callback.
TpTrace Information: 0 : 24540, 12, 2022/12/18, 05:03:10.464, 431153280803, vstest.console.dll, TestHostManagerCallbacks.ExitCallBack: Testhost processId: 10696 exited with exitcode: 0 error: ''
TpTrace Verbose: 0 : 24540, 12, 2022/12/18, 05:03:10.464, 431153281206, vstest.console.dll, DotnetTestHostManager.OnHostExited: invoking OnHostExited callback
TpTrace Verbose: 0 : 24540, 12, 2022/12/18, 05:03:10.464, 431153281599, vstest.console.dll, CrossPlatEngine.TestHostManagerHostExited: calling on client process exit callback.
TpTrace Information: 0 : 24540, 12, 2022/12/18, 05:03:10.464, 431153282002, vstest.console.dll, TestRequestSender.OnClientProcessExit: Test host process exited. Standard error: 
TpTrace Information: 0 : 24540, 12, 2022/12/18, 05:03:10.464, 431153282312, vstest.console.dll, SocketServer.Stop: Stop server endPoint: 127.0.0.1:63571
TpTrace Information: 0 : 24540, 12, 2022/12/18, 05:03:10.464, 431153282510, vstest.console.dll, SocketServer.Stop: Cancellation requested. Stopping message loop.
TpTrace Information: 0 : 24540, 14, 2022/12/18, 05:03:10.464, 431153282895, vstest.console.dll, SocketServer.Stop: Stop server endPoint: 127.0.0.1:63571
TpTrace Verbose: 0 : 24540, 12, 2022/12/18, 05:03:10.464, 431153283205, vstest.console.dll, MulticastDelegateUtilities.SafeInvoke: HostProviderEvents.OnHostExited: Invoking callback 1/1 for Microsoft.VisualStudio.TestPlatform.CrossPlatEngine.Client.ProxyOperationManager., took 0 ms.
TpTrace Information: 0 : 24540, 14, 2022/12/18, 05:03:10.464, 431153283343, vstest.console.dll, SocketServer.Stop: Cancellation requested. Stopping message loop.
TpTrace Information: 0 : 24540, 14, 2022/12/18, 05:03:10.464, 431153283973, vstest.console.dll, Closing the connection
TpTrace Verbose: 0 : 24540, 14, 2022/12/18, 05:03:10.464, 431153285851, vstest.console.dll, ProxyDataCollectionManager.InvokeDataCollectionServiceAction: Starting.
TpTrace Information: 0 : 24540, 14, 2022/12/18, 05:03:10.464, 431153286223, vstest.console.dll, ProxyDataCollectionManager.AfterTestRunEnd: Get attachment set and invoked data collectors processId: 26728 port: 63568
TpTrace Verbose: 0 : 24540, 14, 2022/12/18, 05:03:10.464, 431153286649, vstest.console.dll, DataCollectionRequestSender.SendAfterTestRunStartAndGetResult: Send AfterTestRunEnd message with isCancelled: False
TpTrace Verbose: 0 : 24540, 14, 2022/12/18, 05:03:10.469, 431153339274, vstest.console.dll, DataCollectionRequestSender.SendAfterTestRunStartAndGetResult: Received message: (DataCollection.AfterTestRunEndResult) -> {"MessageType":"DataCollection.AfterTestRunEndResult","Payload":{"AttachmentSets":[],"InvokedDataCollectors":[{"Uri":"datacollector://Microsoft/TestPlatform/Extensions/Blame/v1","FriendlyName":"Blame","AssemblyQualifiedName":"Microsoft.TestPlatform.Extensions.BlameDataCollector.BlameCollector, Microsoft.TestPlatform.Extensions.BlameDataCollector, Version=15.0.0.0, Culture=neutral, PublicKeyToken=b03f5f7f11d50a3a","FilePath":"C:\\Program Files\\dotnet\\sdk\\7.0.100\\Extensions\\Microsoft.TestPlatform.Extensions.BlameDataCollector.dll","HasAttachmentProcessor":false}],"Metrics":{}}}
TpTrace Warning: 0 : 24540, 10, 2022/12/18, 05:03:10.473, 431153374803, vstest.console.dll, DataCollectionLauncher.ErrorReceivedCallback datacollector standard error line: 
TpTrace Information: 0 : 24540, 14, 2022/12/18, 05:03:10.473, 431153378599, vstest.console.dll, ProxyDataCollectionManager.InvokeDataCollectionServiceAction: Completed.
TpTrace Information: 0 : 24540, 10, 2022/12/18, 05:03:10.477, 431153419257, vstest.console.dll, DataCollectionLauncher.ExitCallBack: Data collector exited with exitcode: 0 error: ''
TpTrace Verbose: 0 : 24540, 14, 2022/12/18, 05:03:10.502, 431153668685, vstest.console.dll, TestRunRequest:SendTestRunStatsChange: Starting.
TpTrace Verbose: 0 : 24540, 14, 2022/12/18, 05:03:10.503, 431153670538, vstest.console.dll, MulticastDelegateUtilities.SafeInvoke: TestRun.RunStatsChanged: Invoking callbacks was skipped because there are no subscribers.
TpTrace Information: 0 : 24540, 14, 2022/12/18, 05:03:10.503, 431153670710, vstest.console.dll, TestRunRequest:SendTestRunStatsChange: Completed.
TpTrace Verbose: 0 : 24540, 4, 2022/12/18, 05:03:10.503, 431153671293, vstest.console.dll, MulticastDelegateUtilities.SafeInvoke: InternalTestLoggerEvents.SendTestResult: Invoking callback 1/1 for Microsoft.VisualStudio.TestPlatform.CommandLine.Internal.ConsoleLogger., took 0 ms.
TpTrace Verbose: 0 : 24540, 4, 2022/12/18, 05:03:10.503, 431153671888, vstest.console.dll, MulticastDelegateUtilities.SafeInvoke: InternalTestLoggerEvents.SendTestResult: Invoking callback 1/1 for Microsoft.VisualStudio.TestPlatform.CommandLine.Internal.ConsoleLogger., took 0 ms.
TpTrace Verbose: 0 : 24540, 4, 2022/12/18, 05:03:10.503, 431153672232, vstest.console.dll, MulticastDelegateUtilities.SafeInvoke: InternalTestLoggerEvents.SendTestResult: Invoking callback 1/1 for Microsoft.VisualStudio.TestPlatform.CommandLine.Internal.ConsoleLogger., took 0 ms.
TpTrace Verbose: 0 : 24540, 4, 2022/12/18, 05:03:10.503, 431153672522, vstest.console.dll, MulticastDelegateUtilities.SafeInvoke: InternalTestLoggerEvents.SendTestResult: Invoking callback 1/1 for Microsoft.VisualStudio.TestPlatform.CommandLine.Internal.ConsoleLogger., took 0 ms.
TpTrace Verbose: 0 : 24540, 4, 2022/12/18, 05:03:10.503, 431153672762, vstest.console.dll, MulticastDelegateUtilities.SafeInvoke: InternalTestLoggerEvents.SendTestResult: Invoking callback 1/1 for Microsoft.VisualStudio.TestPlatform.CommandLine.Internal.ConsoleLogger., took 0 ms.
TpTrace Verbose: 0 : 24540, 4, 2022/12/18, 05:03:10.503, 431153673127, vstest.console.dll, MulticastDelegateUtilities.SafeInvoke: InternalTestLoggerEvents.SendTestResult: Invoking callback 1/1 for Microsoft.VisualStudio.TestPlatform.CommandLine.Internal.ConsoleLogger., took 0 ms.
TpTrace Verbose: 0 : 24540, 14, 2022/12/18, 05:03:10.503, 431153673798, vstest.console.dll, ParallelProxyExecutionManager: HandlePartialRunComplete: Total completed clients = 1, Run complete = True, Run canceled: False.
TpTrace Verbose: 0 : 24540, 4, 2022/12/18, 05:03:10.510, 431153742319, vstest.console.dll, MulticastDelegateUtilities.SafeInvoke: InternalTestLoggerEvents.SendTestRunComplete: Invoking callback 1/2 for Microsoft.TestPlatform.Extensions.BlameDataCollector.BlameLogger., took 0 ms.
TpTrace Verbose: 0 : 24540, 4, 2022/12/18, 05:03:10.514, 431153781764, vstest.console.dll, MulticastDelegateUtilities.SafeInvoke: InternalTestLoggerEvents.SendTestRunComplete: Invoking callback 2/2 for Microsoft.VisualStudio.TestPlatform.CommandLine.Internal.ConsoleLogger., took 3 ms.
TpTrace Verbose: 0 : 24540, 14, 2022/12/18, 05:03:10.514, 431153784647, vstest.console.dll, TestRunRequest:TestRunComplete: Starting. IsAborted:False IsCanceled:False.
TpTrace Verbose: 0 : 24540, 14, 2022/12/18, 05:03:10.515, 431153794002, vstest.console.dll, TestLoggerManager.HandleTestRunComplete: Ignoring as the object is disposed.
TpTrace Verbose: 0 : 24540, 14, 2022/12/18, 05:03:10.515, 431153795250, vstest.console.dll, MulticastDelegateUtilities.SafeInvoke: TestRun.TestRunComplete: Invoking callback 1/2 for Microsoft.VisualStudio.TestPlatform.CommandLine.TestRunResultAggregator., took 0 ms.
TpTrace Verbose: 0 : 24540, 14, 2022/12/18, 05:03:10.515, 431153796225, vstest.console.dll, MulticastDelegateUtilities.SafeInvoke: TestRun.TestRunComplete: Invoking callback 2/2 for Microsoft.VisualStudio.TestPlatform.CommandLine.Processors.RunTestsArgumentExecutor+TestRunRequestEventsRegistrar., took 0 ms.
TpTrace Information: 0 : 24540, 14, 2022/12/18, 05:03:10.515, 431153796779, vstest.console.dll, TestRunRequest:TestRunComplete: Completed.
TpTrace Verbose: 0 : 24540, 14, 2022/12/18, 05:03:10.515, 431153796992, vstest.console.dll, TestRequestSender.SetOperationComplete: Setting operation complete.
TpTrace Information: 0 : 24540, 14, 2022/12/18, 05:03:10.515, 431153797154, vstest.console.dll, SocketServer.Stop: Stop server endPoint: 127.0.0.1:63571
TpTrace Information: 0 : 24540, 14, 2022/12/18, 05:03:10.515, 431153797282, vstest.console.dll, SocketServer.Stop: Cancellation requested. Stopping message loop.
TpTrace Verbose: 0 : 24540, 1, 2022/12/18, 05:03:10.515, 431153797331, vstest.console.dll, TestRunRequest.Dispose: Starting.
TpTrace Verbose: 0 : 24540, 14, 2022/12/18, 05:03:10.515, 431153797454, vstest.console.dll, MulticastDelegateUtilities.SafeInvoke: LengthPrefixCommunicationChannel: MessageReceived: Invoking callback 1/1 for Microsoft.VisualStudio.TestPlatform.CommunicationUtilities.TestRequestSender+<>c__DisplayClass31_0., took 80 ms.
TpTrace Information: 0 : 24540, 1, 2022/12/18, 05:03:10.515, 431153797757, vstest.console.dll, TestRunRequest.Dispose: Completed.
TpTrace Information: 0 : 24540, 14, 2022/12/18, 05:03:10.515, 431153798091, vstest.console.dll, SocketServer.PrivateStop: Stopping server endPoint: 127.0.0.1:63571 error: 
TpTrace Information: 0 : 24540, 1, 2022/12/18, 05:03:10.515, 431153798207, vstest.console.dll, TestRequestManager.RunTests: run tests completed.
TpTrace Information: 0 : 24540, 1, 2022/12/18, 05:03:10.515, 431153798971, vstest.console.dll, RunTestsArgumentProcessor:Execute: Test run is completed.
TpTrace Verbose: 0 : 24540, 1, 2022/12/18, 05:03:10.516, 431153800431, vstest.console.dll, Executor.Execute: Exiting with exit code of 1
TpTrace Verbose: 0 : 24540, 14, 2022/12/18, 05:03:10.516, 431153800864, vstest.console.dll, LengthPrefixCommunicationChannel.Dispose: Dispose reader and writer.
TpTrace Information: 0 : 24540, 14, 2022/12/18, 05:03:10.516, 431153801360, vstest.console.dll, SocketServer.Stop: Raise disconnected event endPoint: 127.0.0.1:63571 error: 
TpTrace Verbose: 0 : 24540, 14, 2022/12/18, 05:03:10.516, 431153802088, vstest.console.dll, TestRequestSender: OnTestRunAbort: Operation is already complete. Skip error message.
TpTrace Verbose: 0 : 24540, 14, 2022/12/18, 05:03:10.516, 431153802423, vstest.console.dll, MulticastDelegateUtilities.SafeInvoke: SocketServer: ClientDisconnected: Invoking callback 1/1 for Microsoft.VisualStudio.TestPlatform.CommunicationUtilities.TestRequestSender., took 0 ms.
TpTrace Verbose: 0 : 24540, 14, 2022/12/18, 05:03:10.516, 431153802712, vstest.console.dll, TcpClientExtensions.MessageLoopAsync: exiting MessageLoopAsync remoteEndPoint: 127.0.0.1:63572 localEndPoint: 127.0.0.1:63571
